#
# A fatal error has been detected by the Java Runtime Environment:
#
#  SIGBUS (0x7) at pc=0x00007f910c0f869e, pid=33059, tid=33082
#
# JRE version: OpenJDK Runtime Environment GraalVM CE 22.3.0 (17.0.5+8) (build 17.0.5+8-jvmci-22.3-b08)
# Java VM: OpenJDK 64-Bit Server VM GraalVM CE 22.3.0 (17.0.5+8-jvmci-22.3-b08, mixed mode, sharing, tiered, jvmci, jvmci compiler, compressed oops, compressed class ptrs, parallel gc, linux-amd64)
# Problematic frame:
# V  [libjvm.so+0xc1969e]  PerfLongVariant::sample()+0x1e
#
# Core dump will be written. Default location: Core dumps may be processed with "/usr/share/apport/apport -p%p -s%s -c%c -d%d -P%P -u%u -g%g -- %E" (or dumping to /home/runner/SmartCity-java-bootcamp-session-4/core.33059)
#
# If you would like to submit a bug report, please visit:
#   https://github.com/oracle/graal/issues
#

---------------  S U M M A R Y ------------

Command Line: -XX:ThreadPriorityPolicy=1 -XX:+UnlockExperimentalVMOptions -XX:+EnableJVMCIProduct -XX:JVMCIThreadsPerNativeLibraryRuntime=1 -XX:-UnlockExperimentalVMOptions -Declipse.application=org.eclipse.jdt.ls.core.id1 -Dosgi.bundles.defaultStartLevel=4 -Declipse.product=org.eclipse.jdt.ls.core.product -Dlog.level=ALL -Xverify:none -XX:+UseParallelGC -XX:GCTimeRatio=4 -XX:AdaptiveSizePolicyWeight=90 -Dsun.zip.disableMemoryMapping=true -Xmx512m -Xms100m /nix/store/a7s9klvriqi68xz3qjc0qyfl5h86xc16-jdt-language-server-1.9.0/share/java/plugins/org.eclipse.equinox.launcher_1.6.400.v20210924-0641.jar --add-modules=ALL-SYSTEM --add-opens java.base/java.util=ALL-UNNAMED --add-opens java.base/java.lang=ALL-UNNAMED -configuration /home/runner/.cache/jdt-language-server/config -data /home/runner/.cache/jdt-language-server/data/home/runner/SmartCity-java-bootcamp-session-4

Host: Intel(R) Xeon(R) CPU @ 2.20GHz, 16 cores, 3G, Ubuntu 20.04.2 LTS
Time: Mon Sep 25 20:05:23 2023 UTC elapsed time: 4654.662079 seconds (0d 1h 17m 34s)

---------------  T H R E A D  ---------------

Current thread (0x00007f9104141db0):  WatcherThread [stack: 0x00007f90eadb3000,0x00007f90eaeb3000] [id=33082]

Stack: [0x00007f90eadb3000,0x00007f90eaeb3000],  sp=0x00007f90eaeb1cc0,  free space=1019k
Native frames: (J=compiled Java code, j=interpreted, Vv=VM code, C=native code)
V  [libjvm.so+0xc1969e]  PerfLongVariant::sample()+0x1e
V  [libjvm.so+0xcc65d2]  StatSamplerTask::task()+0x32
V  [libjvm.so+0xd471dc]  PeriodicTask::real_time_tick(int)+0x5c
V  [libjvm.so+0xbae367]  WatcherThread::run()+0x47
V  [libjvm.so+0xd85a40]  Thread::call_run()+0xc0
V  [libjvm.so+0xbdb1e1]  thread_native_entry(Thread*)+0xe1


siginfo: si_signo: 7 (SIGBUS), si_code: 2 (BUS_ADRERR), si_addr: 0x00007f910b2d2bf8

Register to memory mapping:

RAX=0x0000043bb942bf96 is an unknown value
RBX=0x00007f910b2d2bf8 is an unknown value
RCX=0x0 is NULL
RDX=0x0 is NULL
RSP=0x00007f90eaeb1cc0 points into unknown readable memory: 0x00007f90eaeb1cf0 | f0 1c eb ea 90 7f 00 00
RBP=0x00007f90eaeb1cd0 points into unknown readable memory: 0x00007f90eaeb1cf0 | f0 1c eb ea 90 7f 00 00
RSI=0x0 is NULL
RDI=0x0 is NULL
R8 =0x0 is NULL
R9 =0x0 is NULL
R10=0x0 is NULL
R11=0x0 is NULL
R12=0x00007f9104141cd0 points into unknown readable memory: 0x00007f9104141cf0 | f0 1c 14 04 91 7f 00 00
R13=0x0000000000000001 is an unknown value
R14=0x0000000000000002 is an unknown value
R15=0x00007f910c716d40: <offset 0x0000000001237d40> in /nix/store/gpxl5qgg8kicmcvivwmybwjlpf7wh20l-graalvm17-ce-22.3.0/lib/server/libjvm.so at 0x00007f910b4df000


Registers:
RAX=0x0000043bb942bf96, RBX=0x00007f910b2d2bf8, RCX=0x0000000000000000, RDX=0x0000000000000000
RSP=0x00007f90eaeb1cc0, RBP=0x00007f90eaeb1cd0, RSI=0x0000000000000000, RDI=0x0000000000000000
R8 =0x0000000000000000, R9 =0x0000000000000000, R10=0x0000000000000000, R11=0x0000000000000000
R12=0x00007f9104141cd0, R13=0x0000000000000001, R14=0x0000000000000002, R15=0x00007f910c716d40
RIP=0x00007f910c0f869e, EFLAGS=0x0000000000010206, CSGSFS=0x002b000000000033, ERR=0x0000000000000007
  TRAPNO=0x000000000000000e

Top of Stack: (sp=0x00007f90eaeb1cc0)
0x00007f90eaeb1cc0:   00007f90eaeb1cf0 0000000000000005
0x00007f90eaeb1cd0:   00007f90eaeb1cf0 00007f910c1a55d2
0x00007f90eaeb1ce0:   0000000000000032 0000000000000032
0x00007f90eaeb1cf0:   00007f90eaeb1d40 00007f910c2261dc 

Instructions: (pc=0x00007f910c0f869e)
0x00007f910c0f859e:   40 00 31 f6 4c 89 e7 e8 36 d4 16 00 e9 80 ff ff
0x00007f910c0f85ae:   ff 90 31 f6 4c 89 e7 e8 26 d4 16 00 e9 0f ff ff
0x00007f910c0f85be:   ff 90 31 f6 4c 89 e7 e8 16 d4 16 00 e9 96 fe ff
0x00007f910c0f85ce:   ff 90 be 01 00 00 00 4c 89 e7 e8 73 03 07 00 e9
0x00007f910c0f85de:   63 fe ff ff 66 0f 1f 44 00 00 be 01 00 00 00 4c
0x00007f910c0f85ee:   89 e7 e8 5b 03 07 00 e9 19 ff ff ff 66 0f 1f 44
0x00007f910c0f85fe:   00 00 48 8d 05 01 3d 5b 00 48 8d 0d 3a d7 29 00
0x00007f910c0f860e:   48 8d 15 49 d7 29 00 be 44 01 00 00 48 8d 3d 9f
0x00007f910c0f861e:   f4 2e 00 48 8b 00 c6 00 58 31 c0 e8 32 21 9c ff
0x00007f910c0f862e:   e8 4d c5 fb ff e9 ba fe ff ff 0f 1f 84 00 00 00
0x00007f910c0f863e:   00 00 be 01 00 00 00 4c 89 e7 e8 03 03 07 00 e9
0x00007f910c0f864e:   50 fe ff ff 66 0f 1f 44 00 00 4c 89 e7 45 31 e4
0x00007f910c0f865e:   e8 cd 7e 16 00 e9 bc fd ff ff 0f 1f 84 00 00 00
0x00007f910c0f866e:   00 00 66 66 66 66 66 66 2e 0f 1f 84 00 00 00 00
0x00007f910c0f867e:   00 00 4c 8b 47 38 4d 85 c0 74 27 55 48 89 e5 53
0x00007f910c0f868e:   48 83 ec 08 49 8b 00 48 8b 5f 28 4c 89 c7 ff 10
0x00007f910c0f869e:   48 89 03 48 8b 5d f8 c9 c3 66 0f 1f 84 00 00 00
0x00007f910c0f86ae:   00 00 c3 90 66 66 2e 0f 1f 84 00 00 00 00 00 0f
0x00007f910c0f86be:   1f 00 49 89 f8 48 89 f7 48 63 f2 49 8b 40 28 48
0x00007f910c0f86ce:   8d 15 fb 11 28 00 48 8b 08 31 c0 e9 d2 d3 62 ff
0x00007f910c0f86de:   66 90 49 89 f8 31 c0 48 89 f7 48 63 f2 49 8b 48
0x00007f910c0f86ee:   28 48 8d 15 9d 81 27 00 e9 b5 d3 62 ff 90 0f 1f
0x00007f910c0f86fe:   40 00 55 48 8d 05 a8 b7 5a 00 66 41 0f 6e c0 66
0x00007f910c0f870e:   0f 6e c9 66 0f 62 c1 48 89 e5 41 57 49 89 d7 41
0x00007f910c0f871e:   56 41 55 4c 63 ee 41 54 53 48 89 fb 48 83 ec 18
0x00007f910c0f872e:   48 89 07 48 8d 05 68 7f 5c 00 48 c7 47 08 00 00
0x00007f910c0f873e:   00 00 4e 8b 34 e8 c6 47 18 00 48 c7 47 28 00 00
0x00007f910c0f874e:   00 00 66 0f d6 47 10 48 89 d7 e8 83 d3 62 ff 4c
0x00007f910c0f875e:   89 f7 48 89 45 c8 e8 77 d3 62 ff 48 8b 55 c8 be
0x00007f910c0f876e:   08 00 00 00 48 8d 7c 02 02 31 d2 e8 b2 6e 78 ff
0x00007f910c0f877e:   48 89 43 08 48 89 c7 41 83 fd 18 74 55 4c 89 f2
0x00007f910c0f878e:   4c 89 f9 48 8d 35 3f 43 28 00 31 c0 e8 21 d5 62 


Stack slot to memory mapping:
stack at sp + 0 slots: 0x00007f90eaeb1cf0 points into unknown readable memory: 0x00007f90eaeb1d40 | 40 1d eb ea 90 7f 00 00
stack at sp + 1 slots: 0x0000000000000005 is an unknown value
stack at sp + 2 slots: 0x00007f90eaeb1cf0 points into unknown readable memory: 0x00007f90eaeb1d40 | 40 1d eb ea 90 7f 00 00
stack at sp + 3 slots: 0x00007f910c1a55d2: <offset 0x0000000000cc65d2> in /nix/store/gpxl5qgg8kicmcvivwmybwjlpf7wh20l-graalvm17-ce-22.3.0/lib/server/libjvm.so at 0x00007f910b4df000
stack at sp + 4 slots: 0x0000000000000032 is an unknown value
stack at sp + 5 slots: 0x0000000000000032 is an unknown value
stack at sp + 6 slots: 0x00007f90eaeb1d40 points into unknown readable memory: 0x00007f90eaeb1dc0 | c0 1d eb ea 90 7f 00 00
stack at sp + 7 slots: 0x00007f910c2261dc: <offset 0x0000000000d471dc> in /nix/store/gpxl5qgg8kicmcvivwmybwjlpf7wh20l-graalvm17-ce-22.3.0/lib/server/libjvm.so at 0x00007f910b4df000


---------------  P R O C E S S  ---------------

Threads class SMR info:
_java_thread_list=0x00007f908c4a27e0, length=22, elements={
0x00007f9104025f80, 0x00007f91040c7040, 0x00007f91040c8480, 0x00007f91040cebd0,
0x00007f91040cff80, 0x00007f91040d1370, 0x00007f91040d2d60, 0x00007f91040d4270,
0x00007f91040d56c0, 0x00007f91040f8530, 0x00007f9104140410, 0x00007f910431d910,
0x00007f9104365570, 0x00007f9104368360, 0x00007f909c02f460, 0x00007f909c3fd7f0,
0x00007f909c630c50, 0x00007f909c64ef10, 0x00007f9104370110, 0x00007f9104418540,
0x00007f908c007430, 0x00007f90800010d0
}

Java Threads: ( => current thread )
  0x00007f9104025f80 JavaThread "main" [_thread_blocked, id=33069, stack(0x00007f910b2fa000,0x00007f910b3fa000)]
  0x00007f91040c7040 JavaThread "Reference Handler" daemon [_thread_blocked, id=33072, stack(0x00007f910900e000,0x00007f910910e000)]
  0x00007f91040c8480 JavaThread "Finalizer" daemon [_thread_blocked, id=33073, stack(0x00007f9108700000,0x00007f9108800000)]
  0x00007f91040cebd0 JavaThread "Signal Dispatcher" daemon [_thread_blocked, id=33074, stack(0x00007f910831a000,0x00007f910841a000)]
  0x00007f91040cff80 JavaThread "Service Thread" daemon [_thread_blocked, id=33075, stack(0x00007f910821a000,0x00007f910831a000)]
  0x00007f91040d1370 JavaThread "Monitor Deflation Thread" daemon [_thread_blocked, id=33076, stack(0x00007f910811a000,0x00007f910821a000)]
  0x00007f91040d2d60 JavaThread "JVMCI-native CompilerThread0" daemon [_thread_blocked, id=33077, stack(0x00007f90eb2b3000,0x00007f90eb4b3000)]
  0x00007f91040d4270 JavaThread "C1 CompilerThread0" daemon [_thread_blocked, id=33078, stack(0x00007f90eb0b3000,0x00007f90eb2b3000)]
  0x00007f91040d56c0 JavaThread "Sweeper thread" daemon [_thread_blocked, id=33079, stack(0x00007f910801a000,0x00007f910811a000)]
  0x00007f91040f8530 JavaThread "Common-Cleaner" daemon [_thread_blocked, id=33080, stack(0x00007f90eafb3000,0x00007f90eb0b3000)]
  0x00007f9104140410 JavaThread "Notification Thread" daemon [_thread_blocked, id=33081, stack(0x00007f90eaeb3000,0x00007f90eafb3000)]
  0x00007f910431d910 JavaThread "Active Thread: Equinox Container: 6ab2a3d5-6737-48b1-aa65-9aee48e7f6fd" [_thread_blocked, id=33100, stack(0x00007f90e8900000,0x00007f90e8a00000)]
  0x00007f9104365570 JavaThread "Framework Event Dispatcher: Equinox Container: 6ab2a3d5-6737-48b1-aa65-9aee48e7f6fd" daemon [_thread_blocked, id=33101, stack(0x00007f90e8700000,0x00007f90e8800000)]
  0x00007f9104368360 JavaThread "Start Level: Equinox Container: 6ab2a3d5-6737-48b1-aa65-9aee48e7f6fd" daemon [_thread_blocked, id=33102, stack(0x00007f90e8500000,0x00007f90e8600000)]
  0x00007f909c02f460 JavaThread "SCR Component Actor" daemon [_thread_blocked, id=33104, stack(0x00007f90e8300000,0x00007f90e8400000)]
  0x00007f909c3fd7f0 JavaThread "Worker-JM" [_thread_blocked, id=33116, stack(0x00007f90b2d00000,0x00007f90b2e00000)]
  0x00007f909c630c50 JavaThread "Java indexing" daemon [_thread_blocked, id=33123, stack(0x00007f90b2300000,0x00007f90b2400000)]
  0x00007f909c64ef10 JavaThread "Bundle File Closer" daemon [_thread_blocked, id=33128, stack(0x00007f90b2100000,0x00007f90b2200000)]
  0x00007f9104370110 JavaThread "pool-3-thread-1" [_thread_blocked, id=33141, stack(0x00007f90b1f00000,0x00007f90b2000000)]
  0x00007f9104418540 JavaThread "pool-2-thread-1" [_thread_in_native, id=33142, stack(0x00007f90b1d00000,0x00007f90b1e00000)]
  0x00007f908c007430 JavaThread "Worker-5" [_thread_blocked, id=65230, stack(0x00007f90b2900000,0x00007f90b2a00000)]
  0x00007f90800010d0 JavaThread "Worker-6" [_thread_blocked, id=65257, stack(0x00007f90b2500000,0x00007f90b2600000)]

Other Threads:
  0x00007f91040c2780 VMThread "VM Thread" [stack: 0x00007f9109110000,0x00007f9109210000] [id=33071]
=>0x00007f9104141db0 WatcherThread [stack: 0x00007f90eadb3000,0x00007f90eaeb3000] [id=33082]
  0x00007f910403d880 GCTaskThread "GC Thread#0" [stack: 0x00007f910aebd000,0x00007f910afbd000] [id=33070]
  0x00007f90dc001290 GCTaskThread "GC Thread#1" [stack: 0x00007f90b0300000,0x00007f90b0400000] [id=33103]

Threads with active compile tasks:

VM state: not at safepoint (normal execution)

VM Mutex/Monitor currently owned by a thread:  ([mutex/lock_event])
[0x00007f9104024550] PeriodicTask_lock - owner thread: 0x00007f9104141db0

OutOfMemory and StackOverflow Exception counts:
OutOfMemoryError java_heap_errors=1
LinkageErrors=60

Heap address: 0x00000000e0000000, size: 512 MB, Compressed Oops mode: 32-bit

CDS archive(s) mapped at: [0x0000000800000000-0x0000000800bc8000-0x0000000800bc8000), size 12353536, SharedBaseAddress: 0x0000000800000000, ArchiveRelocationMode: 0.
Compressed class space mapped at: 0x0000000800c00000-0x0000000840c00000, reserved size: 1073741824
Narrow klass base: 0x0000000800000000, Narrow klass shift: 0, Narrow klass range: 0x100000000

GC Precious Log:
 CPUs: 16 total, 2 available
 Memory: 3215M
 Large Page Support: Disabled
 NUMA Support: Disabled
 Compressed Oops: Enabled (32-bit)
 Alignments: Space 512K, Generation 512K, Heap 2M
 Heap Min Capacity: 100M
 Heap Initial Capacity: 100M
 Heap Max Capacity: 512M
 Pre-touch: Disabled
 Parallel Workers: 2

Heap:
 PSYoungGen      total 25088K, used 6317K [0x00000000f5580000, 0x00000000f7000000, 0x0000000100000000)
  eden space 23552K, 21% used [0x00000000f5580000,0x00000000f5a54d50,0x00000000f6c80000)
  from space 1536K, 89% used [0x00000000f6e80000,0x00000000f6fd6910,0x00000000f7000000)
  to   space 1536K, 0% used [0x00000000f6d00000,0x00000000f6d00000,0x00000000f6e80000)
 ParOldGen       total 349696K, used 47537K [0x00000000e0000000, 0x00000000f5580000, 0x00000000f5580000)
  object space 349696K, 13% used [0x00000000e0000000,0x00000000e2e6c618,0x00000000f5580000)
 Metaspace       used 61053K, committed 61952K, reserved 1105920K
  class space    used 5396K, committed 5760K, reserved 1048576K

Card table byte_map: [0x00007f910afbd000,0x00007f910b0be000] _byte_map_base: 0x00007f910a8bd000

Marking Bits: (ParMarkBitMap*) 0x00007f910c70d4c0
 Begin Bits: [0x00007f9109e10000, 0x00007f910a610000)
 End Bits:   [0x00007f910a610000, 0x00007f910ae10000)

Polling page: 0x00007f910b2d7000

Metaspace:

Usage:
  Non-class:     54.35 MB used.
      Class:      5.27 MB used.
       Both:     59.62 MB used.

Virtual space:
  Non-class space:       56.00 MB reserved,      54.88 MB ( 98%) committed,  7 nodes.
      Class space:        1.00 GB reserved,       5.62 MB ( <1%) committed,  1 nodes.
             Both:        1.05 GB reserved,      60.50 MB (  6%) committed. 

Chunk freelists:
   Non-Class:  545.00 KB
       Class:  2.20 MB
        Both:  2.73 MB

MaxMetaspaceSize: unlimited
CompressedClassSpaceSize: 1.00 GB
Initial GC threshold: 21.00 MB
Current GC threshold: 98.56 MB
CDS: on
MetaspaceReclaimPolicy: balanced
 - commit_granule_bytes: 65536.
 - commit_granule_words: 8192.
 - virtual_space_node_default_size: 1048576.
 - enlarge_chunks_in_place: 1.
 - new_chunks_are_fully_committed: 0.
 - uncommit_free_chunks: 1.
 - use_allocation_guard: 0.
 - handle_deallocations: 1.


Internal statistics:

num_allocs_failed_limit: 6.
num_arena_births: 486.
num_arena_deaths: 150.
num_vsnodes_births: 8.
num_vsnodes_deaths: 0.
num_space_committed: 964.
num_space_uncommitted: 0.
num_chunks_returned_to_freelist: 211.
num_chunks_taken_from_freelist: 3130.
num_chunk_merges: 85.
num_chunk_splits: 1983.
num_chunks_enlarged: 1232.
num_purges: 4.
num_inconsistent_stats: 0.

CodeHeap 'non-profiled nmethods': size=120036Kb used=3114Kb max_used=3114Kb free=116921Kb
 bounds [0x00007f90f2f7a000, 0x00007f90f328a000, 0x00007f90fa4b3000]
CodeHeap 'profiled nmethods': size=120032Kb used=22625Kb max_used=23228Kb free=97406Kb
 bounds [0x00007f90eba42000, 0x00007f90ed0f2000, 0x00007f90f2f7a000]
CodeHeap 'non-nmethods': size=5692Kb used=1392Kb max_used=1398Kb free=4299Kb
 bounds [0x00007f90eb4b3000, 0x00007f90eb723000, 0x00007f90eba42000]
 total_blobs=10255 nmethods=9520 adapters=589
 compilation: enabled
              stopped_count=0, restarted_count=0
 full_count=0

JVMCI Events (20 events):
Event: 3961.294 Thread 0x00007f91040d2d60 compacted oop handles in JVMCI runtime 0 from 130 to 129
Event: 3962.295 Thread 0x00007f91040d2d60 detaching from JVMCI runtime 0: releasing idle compiler thread (0 other threads still attached)
Event: 3962.295 Thread 0x00007f91040d2d60 shutting down HotSpotJVMCIRuntime for JVMCI runtime 0
Event: 3962.295 Thread 0x00007f91040d2d60 shut down JVMCI runtime 0
Event: 3962.299 Thread 0x00007f91040d2d60 destroyed JavaVM[12]@0x00007f90b139e340 for JVMCI runtime 0
Event: 3962.299 Thread 0x00007f91040d2d60 compacted oop handles in JVMCI runtime 0 from 132 to 132
Event: 3962.299 Thread 0x00007f91040d2d60 releasing handles for JVMCI runtime 0: oop handles=132, metadata handles={total=1536, live=991, blocks=48}
Event: 3962.299 Thread 0x00007f91040d2d60 detached from JVMCI runtime 0
Event: 4433.148 Thread 0x00007f91040d2d60 attached to JVMCI runtime 0
Event: 4433.151 Thread 0x00007f91040d2d60 created JavaVM[13]@0x00007f90b139e340 for JVMCI runtime 0
Event: 4433.151 Thread 0x00007f91040d2d60 initializing JVMCI runtime 0
Event: 4433.151 Thread 0x00007f91040d2d60 done waiting for JavaVM references initialization in JVMCI runtime 0
Event: 4433.151 Thread 0x00007f91040d2d60 initialized JVMCI runtime 0
Event: 4434.165 Thread 0x00007f91040d2d60 detaching from JVMCI runtime 0: releasing idle compiler thread (0 other threads still attached)
Event: 4434.165 Thread 0x00007f91040d2d60 shutting down HotSpotJVMCIRuntime for JVMCI runtime 0
Event: 4434.165 Thread 0x00007f91040d2d60 shut down JVMCI runtime 0
Event: 4434.166 Thread 0x00007f91040d2d60 destroyed JavaVM[13]@0x00007f90b139e340 for JVMCI runtime 0
Event: 4434.166 Thread 0x00007f91040d2d60 compacted oop handles in JVMCI runtime 0 from 44 to 44
Event: 4434.166 Thread 0x00007f91040d2d60 releasing handles for JVMCI runtime 0: oop handles=44, metadata handles={total=96, live=84, blocks=48}
Event: 4434.166 Thread 0x00007f91040d2d60 detached from JVMCI runtime 0

Compilation events (20 events):
Event: 3961.287 Thread 0x00007f91040d4270 12533       1       org.eclipse.jdt.core.dom.CompilationUnit::getProblems (5 bytes)
Event: 3961.287 Thread 0x00007f91040d4270 nmethod 12533 0x00007f90f3283390 code [0x00007f90f3283520, 0x00007f90f32835f0]
Event: 3961.287 Thread 0x00007f91040d2d60 12534       4       org.eclipse.jdt.internal.compiler.lookup.TypeBinding::isBaseType (17 bytes)
Event: 3961.287 Thread 0x00007f91040d4270 12535       3       java.util.HashSet::toArray (18 bytes)
Event: 3961.287 Thread 0x00007f91040d4270 nmethod 12535 0x00007f90ec15bb90 code [0x00007f90ec15bd40, 0x00007f90ec15c300]
Event: 3961.287 Thread 0x00007f91040d4270 12536       3       org.eclipse.jdt.core.manipulation.ImportReferencesCollector::addReference (20 bytes)
Event: 3961.288 Thread 0x00007f91040d4270 nmethod 12536 0x00007f90ec15b410 code [0x00007f90ec15b5c0, 0x00007f90ec15b970]
Event: 3961.288 Thread 0x00007f91040d4270 12539       3       org.eclipse.jdt.internal.corext.fix.VariableDeclarationFixCore$WrittenNamesFinder::visit (125 bytes)
Event: 3961.288 Thread 0x00007f91040d2d60 nmethod 12534 0x00007f90f3283690 code [0x00007f90f3283800, 0x00007f90f3283858]
Event: 3961.288 Thread 0x00007f91040d2d60 12538       4       org.eclipse.jdt.internal.core.JavaElement::getElementInfo (27 bytes)
Event: 3961.289 Thread 0x00007f91040d4270 nmethod 12539 0x00007f90ec6eeb10 code [0x00007f90ec6eee40, 0x00007f90ec6f20b0]
Event: 3961.290 Thread 0x00007f91040d2d60 nmethod 12538 0x00007f90f3283990 code [0x00007f90f3283b20, 0x00007f90f3283c20]
Event: 3961.291 Thread 0x00007f91040d2d60 12540       4       jdk.internal.reflect.UnsafeObjectFieldAccessorImpl::get (17 bytes)
Event: 3961.294 Thread 0x00007f91040d2d60 nmethod 12540 0x00007f90f3283d90 code [0x00007f90f3283f20, 0x00007f90f32840a8]
Event: 3961.294 Thread 0x00007f91040d2d60 12537       4       org.eclipse.jdt.core.dom.StringLiteral::accept0 (12 bytes)
Event: 3961.295 Thread 0x00007f91040d2d60 nmethod 12537 0x00007f90f3284210 code [0x00007f90f32843a0, 0x00007f90f3284450]
Event: 4433.148 Thread 0x00007f91040d2d60 12541       4       jdk.internal.misc.Unsafe::putReferenceOpaque (9 bytes)
Event: 4433.162 Thread 0x00007f91040d2d60 nmethod 12541 0x00007f90f3284590 code [0x00007f90f3284700, 0x00007f90f3284760]
Event: 4433.162 Thread 0x00007f91040d2d60 12542       4       java.io.DataOutputStream::writeUTF (7 bytes)
Event: 4433.164 Thread 0x00007f91040d2d60 nmethod 12542 0x00007f90f3284890 code [0x00007f90f3284a20, 0x00007f90f3284a90]

GC Heap History (20 events):
Event: 3240.548 GC heap before
{Heap before GC invocations=43 (full 3):
 PSYoungGen      total 16384K, used 5077K [0x00000000f5580000, 0x00000000f6b80000, 0x0000000100000000)
  eden space 15360K, 26% used [0x00000000f5580000,0x00000000f5978450,0x00000000f6480000)
  from space 1024K, 98% used [0x00000000f6880000,0x00000000f697d200,0x00000000f6980000)
  to   space 3584K, 0% used [0x00000000f6480000,0x00000000f6480000,0x00000000f6800000)
 ParOldGen       total 349696K, used 47813K [0x00000000e0000000, 0x00000000f5580000, 0x00000000f5580000)
  object space 349696K, 13% used [0x00000000e0000000,0x00000000e2eb14a0,0x00000000f5580000)
 Metaspace       used 59571K, committed 60544K, reserved 1105920K
  class space    used 5366K, committed 5760K, reserved 1048576K
}
Event: 3240.580 GC heap after
{Heap after GC invocations=43 (full 3):
 PSYoungGen      total 15872K, used 192K [0x00000000f5580000, 0x00000000f6900000, 0x0000000100000000)
  eden space 15360K, 0% used [0x00000000f5580000,0x00000000f5580000,0x00000000f6480000)
  from space 512K, 37% used [0x00000000f6480000,0x00000000f64b0000,0x00000000f6500000)
  to   space 1536K, 0% used [0x00000000f6780000,0x00000000f6780000,0x00000000f6900000)
 ParOldGen       total 349696K, used 48835K [0x00000000e0000000, 0x00000000f5580000, 0x00000000f5580000)
  object space 349696K, 13% used [0x00000000e0000000,0x00000000e2fb0fc0,0x00000000f5580000)
 Metaspace       used 59571K, committed 60544K, reserved 1105920K
  class space    used 5366K, committed 5760K, reserved 1048576K
}
Event: 3240.580 GC heap before
{Heap before GC invocations=44 (full 3):
 PSYoungGen      total 15872K, used 192K [0x00000000f5580000, 0x00000000f6900000, 0x0000000100000000)
  eden space 15360K, 0% used [0x00000000f5580000,0x00000000f5580000,0x00000000f6480000)
  from space 512K, 37% used [0x00000000f6480000,0x00000000f64b0000,0x00000000f6500000)
  to   space 1536K, 0% used [0x00000000f6780000,0x00000000f6780000,0x00000000f6900000)
 ParOldGen       total 349696K, used 48835K [0x00000000e0000000, 0x00000000f5580000, 0x00000000f5580000)
  object space 349696K, 13% used [0x00000000e0000000,0x00000000e2fb0fc0,0x00000000f5580000)
 Metaspace       used 59571K, committed 60544K, reserved 1105920K
  class space    used 5366K, committed 5760K, reserved 1048576K
}
Event: 3240.587 GC heap after
{Heap after GC invocations=44 (full 3):
 PSYoungGen      total 19456K, used 0K [0x00000000f5580000, 0x00000000f6900000, 0x0000000100000000)
  eden space 17920K, 0% used [0x00000000f5580000,0x00000000f5580000,0x00000000f6700000)
  from space 1536K, 0% used [0x00000000f6780000,0x00000000f6780000,0x00000000f6900000)
  to   space 512K, 0% used [0x00000000f6700000,0x00000000f6700000,0x00000000f6780000)
 ParOldGen       total 349696K, used 49000K [0x00000000e0000000, 0x00000000f5580000, 0x00000000f5580000)
  object space 349696K, 14% used [0x00000000e0000000,0x00000000e2fda050,0x00000000f5580000)
 Metaspace       used 59571K, committed 60544K, reserved 1105920K
  class space    used 5366K, committed 5760K, reserved 1048576K
}
Event: 3240.587 GC heap before
{Heap before GC invocations=45 (full 4):
 PSYoungGen      total 19456K, used 0K [0x00000000f5580000, 0x00000000f6900000, 0x0000000100000000)
  eden space 17920K, 0% used [0x00000000f5580000,0x00000000f5580000,0x00000000f6700000)
  from space 1536K, 0% used [0x00000000f6780000,0x00000000f6780000,0x00000000f6900000)
  to   space 512K, 0% used [0x00000000f6700000,0x00000000f6700000,0x00000000f6780000)
 ParOldGen       total 349696K, used 49000K [0x00000000e0000000, 0x00000000f5580000, 0x00000000f5580000)
  object space 349696K, 14% used [0x00000000e0000000,0x00000000e2fda050,0x00000000f5580000)
 Metaspace       used 59571K, committed 60544K, reserved 1105920K
  class space    used 5366K, committed 5760K, reserved 1048576K
}
Event: 3241.107 GC heap after
{Heap after GC invocations=45 (full 4):
 PSYoungGen      total 18432K, used 0K [0x00000000f5580000, 0x00000000f6c00000, 0x0000000100000000)
  eden space 17920K, 0% used [0x00000000f5580000,0x00000000f5580000,0x00000000f6700000)
  from space 512K, 0% used [0x00000000f6700000,0x00000000f6700000,0x00000000f6780000)
  to   space 512K, 0% used [0x00000000f6b80000,0x00000000f6b80000,0x00000000f6c00000)
 ParOldGen       total 70144K, used 43873K [0x00000000e0000000, 0x00000000e4480000, 0x00000000f5580000)
  object space 70144K, 62% used [0x00000000e0000000,0x00000000e2ad8758,0x00000000e4480000)
 Metaspace       used 59571K, committed 60544K, reserved 1105920K
  class space    used 5366K, committed 5760K, reserved 1048576K
}
Event: 3241.123 GC heap before
{Heap before GC invocations=46 (full 4):
 PSYoungGen      total 18432K, used 0K [0x00000000f5580000, 0x00000000f6c00000, 0x0000000100000000)
  eden space 17920K, 0% used [0x00000000f5580000,0x00000000f5580000,0x00000000f6700000)
  from space 512K, 0% used [0x00000000f6700000,0x00000000f6700000,0x00000000f6780000)
  to   space 512K, 0% used [0x00000000f6b80000,0x00000000f6b80000,0x00000000f6c00000)
 ParOldGen       total 349696K, used 43873K [0x00000000e0000000, 0x00000000f5580000, 0x00000000f5580000)
  object space 349696K, 12% used [0x00000000e0000000,0x00000000e2ad8758,0x00000000f5580000)
 Metaspace       used 59571K, committed 60544K, reserved 1105920K
  class space    used 5366K, committed 5760K, reserved 1048576K
}
Event: 3241.128 GC heap after
{Heap after GC invocations=46 (full 4):
 PSYoungGen      total 18432K, used 0K [0x00000000f5580000, 0x00000000f6c00000, 0x0000000100000000)
  eden space 17920K, 0% used [0x00000000f5580000,0x00000000f5580000,0x00000000f6700000)
  from space 512K, 0% used [0x00000000f6b80000,0x00000000f6b80000,0x00000000f6c00000)
  to   space 512K, 0% used [0x00000000f6700000,0x00000000f6700000,0x00000000f6780000)
 ParOldGen       total 349696K, used 43873K [0x00000000e0000000, 0x00000000f5580000, 0x00000000f5580000)
  object space 349696K, 12% used [0x00000000e0000000,0x00000000e2ad8758,0x00000000f5580000)
 Metaspace       used 59571K, committed 60544K, reserved 1105920K
  class space    used 5366K, committed 5760K, reserved 1048576K
}
Event: 3241.128 GC heap before
{Heap before GC invocations=47 (full 5):
 PSYoungGen      total 18432K, used 0K [0x00000000f5580000, 0x00000000f6c00000, 0x0000000100000000)
  eden space 17920K, 0% used [0x00000000f5580000,0x00000000f5580000,0x00000000f6700000)
  from space 512K, 0% used [0x00000000f6b80000,0x00000000f6b80000,0x00000000f6c00000)
  to   space 512K, 0% used [0x00000000f6700000,0x00000000f6700000,0x00000000f6780000)
 ParOldGen       total 349696K, used 43873K [0x00000000e0000000, 0x00000000f5580000, 0x00000000f5580000)
  object space 349696K, 12% used [0x00000000e0000000,0x00000000e2ad8758,0x00000000f5580000)
 Metaspace       used 59571K, committed 60544K, reserved 1105920K
  class space    used 5366K, committed 5760K, reserved 1048576K
}
Event: 3242.312 GC heap after
{Heap after GC invocations=47 (full 5):
 PSYoungGen      total 18432K, used 0K [0x00000000f5580000, 0x00000000f6c00000, 0x0000000100000000)
  eden space 17920K, 0% used [0x00000000f5580000,0x00000000f5580000,0x00000000f6700000)
  from space 512K, 0% used [0x00000000f6700000,0x00000000f6700000,0x00000000f6780000)
  to   space 512K, 0% used [0x00000000f6b80000,0x00000000f6b80000,0x00000000f6c00000)
 ParOldGen       total 79872K, used 43800K [0x00000000e0000000, 0x00000000e4e00000, 0x00000000f5580000)
  object space 79872K, 54% used [0x00000000e0000000,0x00000000e2ac6180,0x00000000e4e00000)
 Metaspace       used 59560K, committed 60544K, reserved 1105920K
  class space    used 5364K, committed 5760K, reserved 1048576K
}
Event: 3244.231 GC heap before
{Heap before GC invocations=48 (full 5):
 PSYoungGen      total 18432K, used 17920K [0x00000000f5580000, 0x00000000f6c00000, 0x0000000100000000)
  eden space 17920K, 100% used [0x00000000f5580000,0x00000000f6700000,0x00000000f6700000)
  from space 512K, 0% used [0x00000000f6700000,0x00000000f6700000,0x00000000f6780000)
  to   space 512K, 0% used [0x00000000f6b80000,0x00000000f6b80000,0x00000000f6c00000)
 ParOldGen       total 349696K, used 43800K [0x00000000e0000000, 0x00000000f5580000, 0x00000000f5580000)
  object space 349696K, 12% used [0x00000000e0000000,0x00000000e2ac6180,0x00000000f5580000)
 Metaspace       used 59951K, committed 60864K, reserved 1105920K
  class space    used 5381K, committed 5760K, reserved 1048576K
}
Event: 3244.260 GC heap after
{Heap after GC invocations=48 (full 5):
 PSYoungGen      total 19968K, used 480K [0x00000000f5580000, 0x00000000f6c00000, 0x0000000100000000)
  eden space 19456K, 0% used [0x00000000f5580000,0x00000000f5580000,0x00000000f6880000)
  from space 512K, 93% used [0x00000000f6b80000,0x00000000f6bf8000,0x00000000f6c00000)
  to   space 1024K, 0% used [0x00000000f6a00000,0x00000000f6a00000,0x00000000f6b00000)
 ParOldGen       total 349696K, used 43808K [0x00000000e0000000, 0x00000000f5580000, 0x00000000f5580000)
  object space 349696K, 12% used [0x00000000e0000000,0x00000000e2ac8180,0x00000000f5580000)
 Metaspace       used 59951K, committed 60864K, reserved 1105920K
  class space    used 5381K, committed 5760K, reserved 1048576K
}
Event: 3248.928 GC heap before
{Heap before GC invocations=49 (full 5):
 PSYoungGen      total 19968K, used 19936K [0x00000000f5580000, 0x00000000f6c00000, 0x0000000100000000)
  eden space 19456K, 100% used [0x00000000f5580000,0x00000000f6880000,0x00000000f6880000)
  from space 512K, 93% used [0x00000000f6b80000,0x00000000f6bf8000,0x00000000f6c00000)
  to   space 1024K, 0% used [0x00000000f6a00000,0x00000000f6a00000,0x00000000f6b00000)
 ParOldGen       total 349696K, used 43808K [0x00000000e0000000, 0x00000000f5580000, 0x00000000f5580000)
  object space 349696K, 12% used [0x00000000e0000000,0x00000000e2ac8180,0x00000000f5580000)
 Metaspace       used 60173K, committed 61056K, reserved 1105920K
  class space    used 5386K, committed 5760K, reserved 1048576K
}
Event: 3249.005 GC heap after
{Heap after GC invocations=49 (full 5):
 PSYoungGen      total 22016K, used 1002K [0x00000000f5580000, 0x00000000f7000000, 0x0000000100000000)
  eden space 20992K, 0% used [0x00000000f5580000,0x00000000f5580000,0x00000000f6a00000)
  from space 1024K, 97% used [0x00000000f6a00000,0x00000000f6afa910,0x00000000f6b00000)
  to   space 3072K, 0% used [0x00000000f6d00000,0x00000000f6d00000,0x00000000f7000000)
 ParOldGen       total 349696K, used 45361K [0x00000000e0000000, 0x00000000f5580000, 0x00000000f5580000)
  object space 349696K, 12% used [0x00000000e0000000,0x00000000e2c4c758,0x00000000f5580000)
 Metaspace       used 60173K, committed 61056K, reserved 1105920K
  class space    used 5386K, committed 5760K, reserved 1048576K
}
Event: 3250.004 GC heap before
{Heap before GC invocations=50 (full 5):
 PSYoungGen      total 22016K, used 21994K [0x00000000f5580000, 0x00000000f7000000, 0x0000000100000000)
  eden space 20992K, 100% used [0x00000000f5580000,0x00000000f6a00000,0x00000000f6a00000)
  from space 1024K, 97% used [0x00000000f6a00000,0x00000000f6afa910,0x00000000f6b00000)
  to   space 3072K, 0% used [0x00000000f6d00000,0x00000000f6d00000,0x00000000f7000000)
 ParOldGen       total 349696K, used 45361K [0x00000000e0000000, 0x00000000f5580000, 0x00000000f5580000)
  object space 349696K, 12% used [0x00000000e0000000,0x00000000e2c4c758,0x00000000f5580000)
 Metaspace       used 60501K, committed 61440K, reserved 1105920K
  class space    used 5388K, committed 5760K, reserved 1048576K
}
Event: 3250.034 GC heap after
{Heap after GC invocations=50 (full 5):
 PSYoungGen      total 24064K, used 352K [0x00000000f5580000, 0x00000000f6e80000, 0x0000000100000000)
  eden space 22528K, 0% used [0x00000000f5580000,0x00000000f5580000,0x00000000f6b80000)
  from space 1536K, 22% used [0x00000000f6d00000,0x00000000f6d58000,0x00000000f6e80000)
  to   space 1536K, 0% used [0x00000000f6b80000,0x00000000f6b80000,0x00000000f6d00000)
 ParOldGen       total 349696K, used 46356K [0x00000000e0000000, 0x00000000f5580000, 0x00000000f5580000)
  object space 349696K, 13% used [0x00000000e0000000,0x00000000e2d45040,0x00000000f5580000)
 Metaspace       used 60501K, committed 61440K, reserved 1105920K
  class space    used 5388K, committed 5760K, reserved 1048576K
}
Event: 3958.522 GC heap before
{Heap before GC invocations=51 (full 5):
 PSYoungGen      total 24064K, used 22880K [0x00000000f5580000, 0x00000000f6e80000, 0x0000000100000000)
  eden space 22528K, 100% used [0x00000000f5580000,0x00000000f6b80000,0x00000000f6b80000)
  from space 1536K, 22% used [0x00000000f6d00000,0x00000000f6d58000,0x00000000f6e80000)
  to   space 1536K, 0% used [0x00000000f6b80000,0x00000000f6b80000,0x00000000f6d00000)
 ParOldGen       total 349696K, used 46356K [0x00000000e0000000, 0x00000000f5580000, 0x00000000f5580000)
  object space 349696K, 13% used [0x00000000e0000000,0x00000000e2d45040,0x00000000f5580000)
 Metaspace       used 60704K, committed 61632K, reserved 1105920K
  class space    used 5389K, committed 5760K, reserved 1048576K
}
Event: 3958.525 GC heap after
{Heap after GC invocations=51 (full 5):
 PSYoungGen      total 24064K, used 1531K [0x00000000f5580000, 0x00000000f7080000, 0x0000000100000000)
  eden space 22528K, 0% used [0x00000000f5580000,0x00000000f5580000,0x00000000f6b80000)
  from space 1536K, 99% used [0x00000000f6b80000,0x00000000f6cfef78,0x00000000f6d00000)
  to   space 2048K, 0% used [0x00000000f6e80000,0x00000000f6e80000,0x00000000f7080000)
 ParOldGen       total 349696K, used 46388K [0x00000000e0000000, 0x00000000f5580000, 0x00000000f5580000)
  object space 349696K, 13% used [0x00000000e0000000,0x00000000e2d4d040,0x00000000f5580000)
 Metaspace       used 60704K, committed 61632K, reserved 1105920K
  class space    used 5389K, committed 5760K, reserved 1048576K
}
Event: 3960.761 GC heap before
{Heap before GC invocations=52 (full 5):
 PSYoungGen      total 24064K, used 24059K [0x00000000f5580000, 0x00000000f7080000, 0x0000000100000000)
  eden space 22528K, 100% used [0x00000000f5580000,0x00000000f6b80000,0x00000000f6b80000)
  from space 1536K, 99% used [0x00000000f6b80000,0x00000000f6cfef78,0x00000000f6d00000)
  to   space 2048K, 0% used [0x00000000f6e80000,0x00000000f6e80000,0x00000000f7080000)
 ParOldGen       total 349696K, used 46388K [0x00000000e0000000, 0x00000000f5580000, 0x00000000f5580000)
  object space 349696K, 13% used [0x00000000e0000000,0x00000000e2d4d040,0x00000000f5580000)
 Metaspace       used 60933K, committed 61824K, reserved 1105920K
  class space    used 5389K, committed 5760K, reserved 1048576K
}
Event: 3960.766 GC heap after
{Heap after GC invocations=52 (full 5):
 PSYoungGen      total 25088K, used 1370K [0x00000000f5580000, 0x00000000f7000000, 0x0000000100000000)
  eden space 23552K, 0% used [0x00000000f5580000,0x00000000f5580000,0x00000000f6c80000)
  from space 1536K, 89% used [0x00000000f6e80000,0x00000000f6fd6910,0x00000000f7000000)
  to   space 1536K, 0% used [0x00000000f6d00000,0x00000000f6d00000,0x00000000f6e80000)
 ParOldGen       total 349696K, used 47537K [0x00000000e0000000, 0x00000000f5580000, 0x00000000f5580000)
  object space 349696K, 13% used [0x00000000e0000000,0x00000000e2e6c618,0x00000000f5580000)
 Metaspace       used 60933K, committed 61824K, reserved 1105920K
  class space    used 5389K, committed 5760K, reserved 1048576K
}

Dll operation events (8 events):
Event: 0.003 Loaded shared library /nix/store/gpxl5qgg8kicmcvivwmybwjlpf7wh20l-graalvm17-ce-22.3.0/lib/libjava.so
Event: 0.014 Loaded shared library /nix/store/gpxl5qgg8kicmcvivwmybwjlpf7wh20l-graalvm17-ce-22.3.0/lib/libjsvml.so
Event: 0.114 Loaded shared library /nix/store/gpxl5qgg8kicmcvivwmybwjlpf7wh20l-graalvm17-ce-22.3.0/lib/libnio.so
Event: 0.121 Loaded shared library /nix/store/gpxl5qgg8kicmcvivwmybwjlpf7wh20l-graalvm17-ce-22.3.0/lib/libzip.so
Event: 0.126 Loaded shared library /nix/store/gpxl5qgg8kicmcvivwmybwjlpf7wh20l-graalvm17-ce-22.3.0/lib/libjvmcicompiler.so
Event: 0.205 Loaded shared library /nix/store/gpxl5qgg8kicmcvivwmybwjlpf7wh20l-graalvm17-ce-22.3.0/lib/libjimage.so
Event: 0.622 Loaded shared library /nix/store/gpxl5qgg8kicmcvivwmybwjlpf7wh20l-graalvm17-ce-22.3.0/lib/libnet.so
Event: 1.019 Loaded shared library /home/runner/.cache/jdt-language-server/config/org.eclipse.equinox.launcher/org.eclipse.equinox.launcher.gtk.linux.x86_64_1.2.400.v20211117-0650/eclipse_11600.so

Deoptimization events (20 events):
Event: 3253.947 Thread 0x00007f90681164c0 DEOPT PACKING pc=0x00007f90f2fb7524 sp=0x00007f90b19fe0d0
Event: 3253.947 Thread 0x00007f90681164c0 DEOPT UNPACKING pc=0x00007f90eb505325 sp=0x00007f90b19fd570 mode 1
Event: 3957.408 Thread 0x00007f9104418540 DEOPT PACKING pc=0x00007f90ec49d46b sp=0x00007f90b1dfce60
Event: 3957.408 Thread 0x00007f9104418540 DEOPT UNPACKING pc=0x00007f90eb505325 sp=0x00007f90b1dfc3b8 mode 0
Event: 3958.272 Thread 0x00007f909c47da60 DEOPT PACKING pc=0x00007f90ec09dfbe sp=0x00007f90b2bfd3c0
Event: 3958.272 Thread 0x00007f909c47da60 DEOPT UNPACKING pc=0x00007f90eb505325 sp=0x00007f90b2bfc818 mode 0
Event: 3958.339 Thread 0x00007f909c47da60 DEOPT PACKING pc=0x00007f90ec81187a sp=0x00007f90b2bfd730
Event: 3958.339 Thread 0x00007f909c47da60 DEOPT UNPACKING pc=0x00007f90eb505325 sp=0x00007f90b2bfcc20 mode 0
Event: 3958.393 Thread 0x00007f909c47da60 DEOPT PACKING pc=0x00007f90ec5714c8 sp=0x00007f90b2bfdfa0
Event: 3958.393 Thread 0x00007f909c47da60 DEOPT UNPACKING pc=0x00007f90eb505325 sp=0x00007f90b2bfd468 mode 0
Event: 3958.418 Thread 0x00007f909c47da60 DEOPT PACKING pc=0x00007f90ec76c7bd sp=0x00007f90b2bfd310
Event: 3958.418 Thread 0x00007f909c47da60 DEOPT UNPACKING pc=0x00007f90eb505325 sp=0x00007f90b2bfc760 mode 0
Event: 3958.539 Thread 0x00007f909c47da60 DEOPT PACKING pc=0x00007f90ebe4c909 sp=0x00007f90b2bfd900
Event: 3958.539 Thread 0x00007f909c47da60 DEOPT UNPACKING pc=0x00007f90eb505325 sp=0x00007f90b2bfcd38 mode 0
Event: 3960.792 Thread 0x00007f908c007430 DEOPT PACKING pc=0x00007f90ec6b37ea sp=0x00007f90b29fded0
Event: 3960.792 Thread 0x00007f908c007430 DEOPT UNPACKING pc=0x00007f90eb505325 sp=0x00007f90b29fd348 mode 0
Event: 3961.283 Thread 0x00007f906811d0f0 Uncommon trap: trap_request=0xffffffcd fr.pc=0x00007f90f3186b39 relative=0x0000000000000819
Event: 3961.283 Thread 0x00007f906811d0f0 Uncommon trap: reason=intrinsic_or_type_checked_inlining action=reinterpret pc=0x00007f90f3186b39 method=java.util.Arrays$ArrayList.indexOf(Ljava/lang/Object;)I @ 0 jvmci
Event: 3961.283 Thread 0x00007f906811d0f0 DEOPT PACKING pc=0x00007f90f3186b39 sp=0x00007f90b19fe440
Event: 3961.283 Thread 0x00007f906811d0f0 DEOPT UNPACKING pc=0x00007f90eb505325 sp=0x00007f90b19fd8f8 mode 3

Classes unloaded (20 events):
Event: 2121.304 Thread 0x00007f91040c2780 Unloading class 0x0000000800d90800 'java/lang/invoke/LambdaForm$MH+0x0000000800d90800'
Event: 2121.304 Thread 0x00007f91040c2780 Unloading class 0x0000000800d90400 'java/lang/invoke/LambdaForm$MH+0x0000000800d90400'
Event: 2121.304 Thread 0x00007f91040c2780 Unloading class 0x0000000800d90000 'java/lang/invoke/LambdaForm$MH+0x0000000800d90000'
Event: 2121.304 Thread 0x00007f91040c2780 Unloading class 0x0000000800cb2800 'java/lang/invoke/LambdaForm$MH+0x0000000800cb2800'
Event: 2121.304 Thread 0x00007f91040c2780 Unloading class 0x0000000800cb2000 'java/lang/invoke/LambdaForm$MH+0x0000000800cb2000'
Event: 2121.304 Thread 0x00007f91040c2780 Unloading class 0x0000000800cb1c00 'java/lang/invoke/LambdaForm$MH+0x0000000800cb1c00'
Event: 2121.304 Thread 0x00007f91040c2780 Unloading class 0x0000000800cb1800 'java/lang/invoke/LambdaForm$MH+0x0000000800cb1800'
Event: 2121.304 Thread 0x00007f91040c2780 Unloading class 0x0000000800cb1000 'java/lang/invoke/LambdaForm$MH+0x0000000800cb1000'
Event: 2121.304 Thread 0x00007f91040c2780 Unloading class 0x0000000800cb0c00 'java/lang/invoke/LambdaForm$MH+0x0000000800cb0c00'
Event: 2121.304 Thread 0x00007f91040c2780 Unloading class 0x0000000800cb0800 'java/lang/invoke/LambdaForm$MH+0x0000000800cb0800'
Event: 2121.304 Thread 0x00007f91040c2780 Unloading class 0x0000000800cb0000 'java/lang/invoke/LambdaForm$MH+0x0000000800cb0000'
Event: 2121.304 Thread 0x00007f91040c2780 Unloading class 0x0000000800c85000 'jdk/internal/reflect/GeneratedMethodAccessor5'
Event: 2121.304 Thread 0x00007f91040c2780 Unloading class 0x0000000800c84c00 'jdk/internal/reflect/GeneratedMethodAccessor4'
Event: 2121.304 Thread 0x00007f91040c2780 Unloading class 0x0000000800c84800 'jdk/internal/reflect/GeneratedMethodAccessor3'
Event: 2121.304 Thread 0x00007f91040c2780 Unloading class 0x0000000800c84400 'jdk/internal/reflect/GeneratedMethodAccessor2'
Event: 2121.305 Thread 0x00007f91040c2780 Unloading class 0x0000000800c84000 'jdk/internal/reflect/GeneratedMethodAccessor1'
Event: 2121.305 Thread 0x00007f91040c2780 Unloading class 0x0000000800c01c00 'java/lang/invoke/LambdaForm$DMH+0x0000000800c01c00'
Event: 3241.540 Thread 0x00007f91040c2780 Unloading class 0x00000008011a0c00 'jdk/internal/reflect/GeneratedConstructorAccessor25'
Event: 3241.540 Thread 0x00007f91040c2780 Unloading class 0x00000008011a0800 'jdk/internal/reflect/GeneratedConstructorAccessor24'
Event: 3241.540 Thread 0x00007f91040c2780 Unloading class 0x0000000800d98000 'jdk/internal/reflect/GeneratedConstructorAccessor3'

Classes redefined (0 events):
No events

Internal exceptions (20 events):
Event: 9.616 Thread 0x00007f908c007430 Exception <a 'java/lang/NoSuchMethodError'{0x00000000f6010db0}: 'java.lang.Object java.lang.invoke.DirectMethodHandle$Holder.invokeSpecial(java.lang.Object, java.lang.Object, java.lang.Object, java.lang.Object, java.lang.Object, int)'> (0x00000000f6010db0) 
thrown [src/hotspot/share/interpreter/linkResolver.cpp, line 758]
Event: 9.617 Thread 0x00007f908c007430 Exception <a 'java/lang/NoSuchMethodError'{0x00000000f6014a98}: 'java.lang.Object java.lang.invoke.Invokers$Holder.linkToTargetMethod(java.lang.Object, java.lang.Object, java.lang.Object, int, java.lang.Object)'> (0x00000000f6014a98) 
thrown [src/hotspot/share/interpreter/linkResolver.cpp, line 758]
Event: 9.669 Thread 0x00007f908c007430 Exception <a 'java/io/FileNotFoundException'{0x00000000f63ce030}> (0x00000000f63ce030) 
thrown [src/hotspot/share/prims/jni.cpp, line 516]
Event: 9.669 Thread 0x00007f908c007430 Exception <a 'java/io/FileNotFoundException'{0x00000000f63cf2e0}> (0x00000000f63cf2e0) 
thrown [src/hotspot/share/prims/jni.cpp, line 516]
Event: 10.162 Thread 0x00007f908c007430 Implicit null exception at 0x00007f90f30de7a2 to 0x00007f90f30deb32
Event: 11.247 Thread 0x00007f909c47da60 Exception <a 'java/lang/NoSuchMethodError'{0x00000000f5e7ec60}: 'java.lang.Object java.lang.invoke.DirectMethodHandle$Holder.invokeStatic(java.lang.Object, java.lang.Object, int, java.lang.Object)'> (0x00000000f5e7ec60) 
thrown [src/hotspot/share/interpreter/linkResolver.cpp, line 758]
Event: 11.248 Thread 0x00007f909c47da60 Exception <a 'java/lang/NoSuchMethodError'{0x00000000f5e87ac8}: 'java.lang.Object java.lang.invoke.DirectMethodHandle$Holder.newInvokeSpecial(java.lang.Object, java.lang.Object, int)'> (0x00000000f5e87ac8) 
thrown [src/hotspot/share/interpreter/linkResolver.cpp, line 758]
Event: 11.656 Thread 0x00007f909c47da60 Exception <a 'java/lang/ArrayIndexOutOfBoundsException'{0x00000000f5a955e0}: Index 4741 out of bounds for length 4741> (0x00000000f5a955e0) 
thrown [src/hotspot/share/interpreter/interpreterRuntime.cpp, line 428]
Event: 304.190 Thread 0x00007f90800010d0 Exception <a 'java/lang/NoSuchMethodError'{0x00000000f6293558}: static [Lorg/eclipse/core/runtime/IPath;.<clinit>()V> (0x00000000f6293558) 
thrown [src/hotspot/share/prims/jni.cpp, line 1107]
Event: 304.193 Thread 0x00007f90800010d0 Exception <a 'java/lang/NoSuchMethodError'{0x00000000f629c5c0}: static [J.<clinit>()V> (0x00000000f629c5c0) 
thrown [src/hotspot/share/prims/jni.cpp, line 1107]
Event: 304.204 Thread 0x00007f90800010d0 Exception <a 'java/lang/NoSuchMethodError'{0x00000000f62dfbb8}: 'java.lang.Object java.lang.invoke.DirectMethodHandle$Holder.newInvokeSpecial(java.lang.Object, java.lang.Object, java.lang.Object, java.lang.Object, java.lang.Object, java.lang.Object, java.lang.Object, java.lang.Object)'> (0x00000000f62dfbb8) 
thrown [src/hotspot/share/interpreter/linkResolver.cpp, line 758]
Event: 304.204 Thread 0x00007f90800010d0 Exception <a 'java/lang/NoSuchMethodError'{0x00000000f62e4ed8}: 'java.lang.Object java.lang.invoke.DirectMethodHandle$Holder.invokeSpecial(java.lang.Object, java.lang.Object, java.lang.Object, java.lang.Object, java.lang.Object, java.lang.Object, java.lang.Object, java.lang.Object, java.lang.Object)'> (0x00000000f62e4ed8) 
thrown [src/hotspot/share/interpreter/linkResolver.cpp, line 758]
Event: 304.204 Thread 0x00007f90800010d0 Exception <a 'java/lang/NoSuchMethodError'{0x00000000f62e9b10}: 'java.lang.Object java.lang.invoke.Invokers$Holder.linkToTargetMethod(java.lang.Object, java.lang.Object, java.lang.Object, java.lang.Object, java.lang.Object, java.lang.Object, java.lang.Object, java.lang.Object)'> (0x00000000f62e9b10) 
thrown [src/hotspot/share/interpreter/linkResolver.cpp, line 758]
Event: 2121.133 Thread 0x00007f90680c76b0 Exception <a 'java/lang/NoSuchMethodError'{0x00000000f61a2908}: 'void java.lang.invoke.DirectMethodHandle$Holder.invokeVirtual(java.lang.Object, java.lang.Object)'> (0x00000000f61a2908) 
thrown [src/hotspot/share/interpreter/linkResolver.cpp, line 758]
Event: 2121.173 Thread 0x00007f90680c76b0 Implicit null exception at 0x00007f90f31d96b3 to 0x00007f90f31d9a44
Event: 2121.643 Thread 0x00007f90680c76b0 Exception <a 'java/lang/NoSuchMethodError'{0x00000000f5aef858}: 'java.lang.Object java.lang.invoke.DirectMethodHandle$Holder.newInvokeSpecial(java.lang.Object, java.lang.Object, int, java.lang.Object, java.lang.Object, java.lang.Object, java.lang.Object)'> (0x00000000f5aef858) 
thrown [src/hotspot/share/interpreter/linkResolver.cpp, line 758]
Event: 2121.659 Thread 0x00007f90680c76b0 Exception <a 'java/lang/NoSuchMethodError'{0x00000000f5b98dd8}: 'void java.lang.invoke.DirectMethodHandle$Holder.invokeSpecial(java.lang.Object, java.lang.Object, int)'> (0x00000000f5b98dd8) 
thrown [src/hotspot/share/interpreter/linkResolver.cpp, line 758]
Event: 2121.731 Thread 0x00007f90680c76b0 Exception <a 'java/lang/NoSuchMethodError'{0x00000000f5da8770}: 'int java.lang.invoke.DirectMethodHandle$Holder.invokeSpecial(java.lang.Object, java.lang.Object, java.lang.Object)'> (0x00000000f5da8770) 
thrown [src/hotspot/share/interpreter/linkResolver.cpp, line 758]
Event: 2122.162 Thread 0x00007f90680c76b0 Exception <a 'java/lang/NoSuchMethodError'{0x00000000f5e55dc0}: 'int java.lang.invoke.DirectMethodHandle$Holder.invokeSpecialIFC(java.lang.Object, java.lang.Object, java.lang.Object, java.lang.Object)'> (0x00000000f5e55dc0) 
thrown [src/hotspot/share/interpreter/linkResolver.cpp, line 758]
Event: 3242.319 Thread 0x00007f90680a4350 Exception <a 'java/lang/OutOfMemoryError'{0x00000000e03ed790}> (0x00000000e03ed790) 
thrown [src/hotspot/share/gc/shared/memAllocator.cpp, line 136]

VM Operations (20 events):
Event: 3253.962 Executing VM operation: HandshakeAllThreads
Event: 3253.963 Executing VM operation: HandshakeAllThreads done
Event: 3254.965 Executing VM operation: Cleanup
Event: 3254.965 Executing VM operation: Cleanup done
Event: 3833.141 Executing VM operation: Cleanup
Event: 3833.141 Executing VM operation: Cleanup done
Event: 3958.157 Executing VM operation: Cleanup
Event: 3958.157 Executing VM operation: Cleanup done
Event: 3958.426 Executing VM operation: HandshakeAllThreads
Event: 3958.426 Executing VM operation: HandshakeAllThreads done
Event: 3958.521 Executing VM operation: ParallelGCFailedAllocation
Event: 3958.525 Executing VM operation: ParallelGCFailedAllocation done
Event: 3959.526 Executing VM operation: Cleanup
Event: 3959.526 Executing VM operation: Cleanup done
Event: 3960.526 Executing VM operation: Cleanup
Event: 3960.526 Executing VM operation: Cleanup done
Event: 3960.761 Executing VM operation: ParallelGCFailedAllocation
Event: 3960.766 Executing VM operation: ParallelGCFailedAllocation done
Event: 3961.766 Executing VM operation: Cleanup
Event: 3961.766 Executing VM operation: Cleanup done

Events (20 events):
Event: 3958.456 Thread 0x00007f91040d56c0 flushing nmethod 0x00007f90ecd0ec90
Event: 3958.457 Thread 0x00007f91040d56c0 flushing nmethod 0x00007f90ecdb2a10
Event: 3958.457 Thread 0x00007f91040d56c0 flushing nmethod 0x00007f90ecdb7610
Event: 3958.457 Thread 0x00007f91040d56c0 flushing nmethod 0x00007f90ecdd0190
Event: 3958.457 Thread 0x00007f91040d56c0 flushing nmethod 0x00007f90ecdd7790
Event: 3958.457 Thread 0x00007f91040d56c0 flushing nmethod 0x00007f90ecdde510
Event: 3958.457 Thread 0x00007f91040d56c0 flushing nmethod 0x00007f90ecded790
Event: 3958.457 Thread 0x00007f91040d56c0 flushing nmethod 0x00007f90ece34b10
Event: 3958.457 Thread 0x00007f91040d56c0 flushing nmethod 0x00007f90ece4f110
Event: 3958.458 Thread 0x00007f91040d56c0 flushing nmethod 0x00007f90ece7a490
Event: 3958.672 Thread 0x00007f90800010d0 Thread exited: 0x00007f90800010d0
Event: 3958.785 Thread 0x00007f90681164c0 Thread added: 0x00007f90681164c0
Event: 3958.785 Protecting memory [0x00007f90b2500000,0x00007f90b2504000] with protection modes 0
Event: 3958.901 Thread 0x00007f90681164c0 Thread exited: 0x00007f90681164c0
Event: 3961.025 Thread 0x00007f90800010d0 Thread added: 0x00007f90800010d0
Event: 3961.025 Protecting memory [0x00007f90b2500000,0x00007f90b2504000] with protection modes 0
Event: 3961.220 Thread 0x00007f906811d0f0 Thread added: 0x00007f906811d0f0
Event: 3961.220 Protecting memory [0x00007f90b1900000,0x00007f90b1904000] with protection modes 0
Event: 3961.288 Thread 0x00007f906811d0f0 Thread exited: 0x00007f906811d0f0
Event: 4021.026 Thread 0x00007f909c47da60 Thread exited: 0x00007f909c47da60


Dynamic libraries:
e0000000-e4480000 rw-p 00000000 00:00 0 
e4480000-f7000000 rw-p 00000000 00:00 0 
f7000000-100000000 ---p 00000000 00:00 0 
800000000-800449000 rw-p 00001000 00:a4b 4611686019135357769             /nix/store/gpxl5qgg8kicmcvivwmybwjlpf7wh20l-graalvm17-ce-22.3.0/lib/server/classes.jsa
800449000-800bc8000 r--p 0044a000 00:a4b 4611686019135357769             /nix/store/gpxl5qgg8kicmcvivwmybwjlpf7wh20l-graalvm17-ce-22.3.0/lib/server/classes.jsa
800bc8000-800c00000 ---p 00000000 00:00 0 
800c00000-800c10000 rw-p 00000000 00:00 0 
800c10000-800c30000 rw-p 00000000 00:00 0 
800c30000-800cb0000 rw-p 00000000 00:00 0 
800cb0000-800cf0000 rw-p 00000000 00:00 0 
800cf0000-800db0000 rw-p 00000000 00:00 0 
800db0000-800df0000 rw-p 00000000 00:00 0 
800df0000-801130000 rw-p 00000000 00:00 0 
801130000-801150000 rw-p 00000000 00:00 0 
801150000-801180000 ---p 00000000 00:00 0 
801180000-8011d0000 rw-p 00000000 00:00 0 
8011d0000-840c00000 ---p 00000000 00:00 0 
56019c75e000-56019c75f000 r-xp 00000000 00:a4b 4611686019099417844       /nix/store/gpxl5qgg8kicmcvivwmybwjlpf7wh20l-graalvm17-ce-22.3.0/bin/.java-wrapped
56019c760000-56019c761000 r--p 00001000 00:a4b 4611686019099417844       /nix/store/gpxl5qgg8kicmcvivwmybwjlpf7wh20l-graalvm17-ce-22.3.0/bin/.java-wrapped
56019c761000-56019c762000 rw-p 00002000 00:a4b 4611686019099417844       /nix/store/gpxl5qgg8kicmcvivwmybwjlpf7wh20l-graalvm17-ce-22.3.0/bin/.java-wrapped
56019c762000-56019c763000 rw-p 00004000 00:a4b 4611686019099417844       /nix/store/gpxl5qgg8kicmcvivwmybwjlpf7wh20l-graalvm17-ce-22.3.0/bin/.java-wrapped
56019c763000-56019c764000 rw-p 00005000 00:a4b 4611686019099417844       /nix/store/gpxl5qgg8kicmcvivwmybwjlpf7wh20l-graalvm17-ce-22.3.0/bin/.java-wrapped
56019d9e6000-56019da2e000 rw-p 00000000 00:00 0                          [heap]
7f9050000000-7f9050071000 rw-p 00000000 00:00 0 
7f9050071000-7f9054000000 ---p 00000000 00:00 0 
7f9058000000-7f9058021000 rw-p 00000000 00:00 0 
7f9058021000-7f905c000000 ---p 00000000 00:00 0 
7f905d800000-7f905d8f0000 rw-p 00000000 00:00 0 
7f905d8f0000-7f905d960000 rw-p 00000000 00:00 0 
7f905d960000-7f905da00000 ---p 00000000 00:00 0 
7f905da00000-7f905def0000 rw-p 00000000 00:00 0 
7f905def0000-7f905df80000 rw-p 00000000 00:00 0 
7f905df80000-7f905e000000 ---p 00000000 00:00 0 
7f905e4b3000-7f9068000000 r--s 00000000 00:a4b 4611686019135192581       /nix/store/gpxl5qgg8kicmcvivwmybwjlpf7wh20l-graalvm17-ce-22.3.0/lib/modules
7f9068000000-7f90681ce000 rw-p 00000000 00:00 0 
7f90681ce000-7f906c000000 ---p 00000000 00:00 0 
7f906c000000-7f906c021000 rw-p 00000000 00:00 0 
7f906c021000-7f9070000000 ---p 00000000 00:00 0 
7f9070000000-7f9070021000 rw-p 00000000 00:00 0 
7f9070021000-7f9074000000 ---p 00000000 00:00 0 
7f9074000000-7f9074021000 rw-p 00000000 00:00 0 
7f9074021000-7f9078000000 ---p 00000000 00:00 0 
7f9078000000-7f90780c0000 rw-p 00000000 00:00 0 
7f90780c0000-7f907c000000 ---p 00000000 00:00 0 
7f907c000000-7f907c02f000 rw-p 00000000 00:00 0 
7f907c02f000-7f9080000000 ---p 00000000 00:00 0 
7f9080000000-7f90800a9000 rw-p 00000000 00:00 0 
7f90800a9000-7f9084000000 ---p 00000000 00:00 0 
7f9084000000-7f9084380000 rw-p 00000000 00:00 0 
7f9084380000-7f9088000000 ---p 00000000 00:00 0 
7f9088000000-7f9088021000 rw-p 00000000 00:00 0 
7f9088021000-7f908c000000 ---p 00000000 00:00 0 
7f908c000000-7f908c579000 rw-p 00000000 00:00 0 
7f908c579000-7f9090000000 ---p 00000000 00:00 0 
7f9090000000-7f9090021000 rw-p 00000000 00:00 0 
7f9090021000-7f9094000000 ---p 00000000 00:00 0 
7f9094000000-7f9094021000 rw-p 00000000 00:00 0 
7f9094021000-7f9098000000 ---p 00000000 00:00 0 
7f9098000000-7f9098021000 rw-p 00000000 00:00 0 
7f9098021000-7f909c000000 ---p 00000000 00:00 0 
7f909c000000-7f909c87d000 rw-p 00000000 00:00 0 
7f909c87d000-7f90a0000000 ---p 00000000 00:00 0 
7f90a0000000-7f90a07f0000 rw-p 00000000 00:00 0 
7f90a07f0000-7f90a0800000 rw-p 00000000 00:00 0 
7f90a0c00000-7f90a0cf0000 rw-p 00000000 00:00 0 
7f90a0cf0000-7f90a0df0000 rw-p 00000000 00:00 0 
7f90a0df0000-7f90a0ff0000 rw-p 00000000 00:00 0 
7f90a0ff0000-7f90a13f0000 rw-p 00000000 00:00 0 
7f90a13f0000-7f90a1400000 rw-p 00000000 00:00 0 
7f90a1c00000-7f90a23f0000 rw-p 00000000 00:00 0 
7f90a23f0000-7f90a2400000 rw-p 00000000 00:00 0 
7f90a2800000-7f90a28f0000 rw-p 00000000 00:00 0 
7f90a28f0000-7f90a2cf0000 rw-p 00000000 00:00 0 
7f90a2cf0000-7f90a2df0000 rw-p 00000000 00:00 0 
7f90a2df0000-7f90a2ff0000 rw-p 00000000 00:00 0 
7f90a2ff0000-7f90a3000000 rw-p 00000000 00:00 0 
7f90a3400000-7f90a34f0000 rw-p 00000000 00:00 0 
7f90a34f0000-7f90a35f0000 rw-p 00000000 00:00 0 
7f90a35f0000-7f90a3b70000 rw-p 00000000 00:00 0 
7f90a3b70000-7f90a3c00000 rw-p 00000000 00:00 0 
7f90a3c00000-7f90a3c10000 r-xp 00000000 00:9f0 1576                      /home/runner/.cache/jdt-language-server/config/org.eclipse.equinox.launcher/org.eclipse.equinox.launcher.gtk.linux.x86_64_1.2.400.v20211117-0650/eclipse_11600.so
7f90a3c10000-7f90a3e0f000 ---p 00010000 00:9f0 1576                      /home/runner/.cache/jdt-language-server/config/org.eclipse.equinox.launcher/org.eclipse.equinox.launcher.gtk.linux.x86_64_1.2.400.v20211117-0650/eclipse_11600.so
7f90a3e0f000-7f90a3e10000 r--p 0000f000 00:9f0 1576                      /home/runner/.cache/jdt-language-server/config/org.eclipse.equinox.launcher/org.eclipse.equinox.launcher.gtk.linux.x86_64_1.2.400.v20211117-0650/eclipse_11600.so
7f90a3e10000-7f90a3e11000 rw-p 00010000 00:9f0 1576                      /home/runner/.cache/jdt-language-server/config/org.eclipse.equinox.launcher/org.eclipse.equinox.launcher.gtk.linux.x86_64_1.2.400.v20211117-0650/eclipse_11600.so
7f90a4000000-7f90a4021000 rw-p 00000000 00:00 0 
7f90a4021000-7f90a8000000 ---p 00000000 00:00 0 
7f90a8000000-7f90a8021000 rw-p 00000000 00:00 0 
7f90a8021000-7f90ac000000 ---p 00000000 00:00 0 
7f90ac000000-7f90ac021000 rw-p 00000000 00:00 0 
7f90ac021000-7f90b0000000 ---p 00000000 00:00 0 
7f90b02fe000-7f90b02ff000 ---p 00000000 00:00 0 
7f90b02ff000-7f90b0400000 rw-p 00000000 00:00 0 
7f90b1900000-7f90b1904000 ---p 00000000 00:00 0 
7f90b1904000-7f90b1a00000 rw-p 00000000 00:00 0 
7f90b1b00000-7f90b1b04000 ---p 00000000 00:00 0 
7f90b1b04000-7f90b1c00000 rw-p 00000000 00:00 0 
7f90b1d00000-7f90b1d04000 ---p 00000000 00:00 0 
7f90b1d04000-7f90b1e00000 rw-p 00000000 00:00 0 
7f90b1f00000-7f90b1f04000 ---p 00000000 00:00 0 
7f90b1f04000-7f90b2000000 rw-p 00000000 00:00 0 
7f90b2100000-7f90b2104000 ---p 00000000 00:00 0 
7f90b2104000-7f90b2200000 rw-p 00000000 00:00 0 
7f90b2300000-7f90b2304000 ---p 00000000 00:00 0 
7f90b2304000-7f90b2400000 rw-p 00000000 00:00 0 
7f90b2500000-7f90b2504000 ---p 00000000 00:00 0 
7f90b2504000-7f90b2600000 rw-p 00000000 00:00 0 
7f90b2600000-7f90b2604000 ---p 00000000 00:00 0 
7f90b2604000-7f90b2700000 rw-p 00000000 00:00 0 
7f90b2700000-7f90b2704000 ---p 00000000 00:00 0 
7f90b2704000-7f90b2800000 rw-p 00000000 00:00 0 
7f90b2900000-7f90b2904000 ---p 00000000 00:00 0 
7f90b2904000-7f90b2a00000 rw-p 00000000 00:00 0 
7f90b2b00000-7f90b2b04000 ---p 00000000 00:00 0 
7f90b2b04000-7f90b2c00000 rw-p 00000000 00:00 0 
7f90b2d00000-7f90b2d04000 ---p 00000000 00:00 0 
7f90b2d04000-7f90b2e00000 rw-p 00000000 00:00 0 
7f90b3c68000-7f90b4000000 rw-p 00000000 00:00 0 
7f90b4000000-7f90b4021000 rw-p 00000000 00:00 0 
7f90b4021000-7f90b8000000 ---p 00000000 00:00 0 
7f90b8000000-7f90b803b000 rw-p 00000000 00:00 0 
7f90b803b000-7f90bc000000 ---p 00000000 00:00 0 
7f90bc000000-7f90bc021000 rw-p 00000000 00:00 0 
7f90bc021000-7f90c0000000 ---p 00000000 00:00 0 
7f90c0000000-7f90c0021000 rw-p 00000000 00:00 0 
7f90c0021000-7f90c4000000 ---p 00000000 00:00 0 
7f90c4000000-7f90c40d1000 rw-p 00000000 00:00 0 
7f90c40d1000-7f90c8000000 ---p 00000000 00:00 0 
7f90c8000000-7f90c8c16000 rw-p 00000000 00:00 0 
7f90c8c16000-7f90cc000000 ---p 00000000 00:00 0 
7f90cc000000-7f90cc021000 rw-p 00000000 00:00 0 
7f90cc021000-7f90d0000000 ---p 00000000 00:00 0 
7f90d0000000-7f90d0021000 rw-p 00000000 00:00 0 
7f90d0021000-7f90d4000000 ---p 00000000 00:00 0 
7f90d4000000-7f90d4021000 rw-p 00000000 00:00 0 
7f90d4021000-7f90d8000000 ---p 00000000 00:00 0 
7f90d8000000-7f90d8021000 rw-p 00000000 00:00 0 
7f90d8021000-7f90dc000000 ---p 00000000 00:00 0 
7f90dc000000-7f90dc021000 rw-p 00000000 00:00 0 
7f90dc021000-7f90e0000000 ---p 00000000 00:00 0 
7f90e0000000-7f90e0021000 rw-p 00000000 00:00 0 
7f90e0021000-7f90e4000000 ---p 00000000 00:00 0 
7f90e4000000-7f90e4021000 rw-p 00000000 00:00 0 
7f90e4021000-7f90e8000000 ---p 00000000 00:00 0 
7f90e8100000-7f90e8104000 ---p 00000000 00:00 0 
7f90e8104000-7f90e8200000 rw-p 00000000 00:00 0 
7f90e8300000-7f90e8304000 ---p 00000000 00:00 0 
7f90e8304000-7f90e8400000 rw-p 00000000 00:00 0 
7f90e8500000-7f90e8504000 ---p 00000000 00:00 0 
7f90e8504000-7f90e8600000 rw-p 00000000 00:00 0 
7f90e8700000-7f90e8704000 ---p 00000000 00:00 0 
7f90e8704000-7f90e8800000 rw-p 00000000 00:00 0 
7f90e8900000-7f90e8904000 ---p 00000000 00:00 0 
7f90e8904000-7f90e8a00000 rw-p 00000000 00:00 0 
7f90e8a00000-7f90eab6a000 r-xp 00000000 00:a4b 4611686019135190040       /nix/store/gpxl5qgg8kicmcvivwmybwjlpf7wh20l-graalvm17-ce-22.3.0/lib/libjvmcicompiler.so
7f90eab6a000-7f90ead69000 ---p 0216a000 00:a4b 4611686019135190040       /nix/store/gpxl5qgg8kicmcvivwmybwjlpf7wh20l-graalvm17-ce-22.3.0/lib/libjvmcicompiler.so
7f90ead69000-7f90ead6a000 r--p 02169000 00:a4b 4611686019135190040       /nix/store/gpxl5qgg8kicmcvivwmybwjlpf7wh20l-graalvm17-ce-22.3.0/lib/libjvmcicompiler.so
7f90ead6a000-7f90ead6c000 rw-p 0216a000 00:a4b 4611686019135190040       /nix/store/gpxl5qgg8kicmcvivwmybwjlpf7wh20l-graalvm17-ce-22.3.0/lib/libjvmcicompiler.so
7f90ead6c000-7f90ead6d000 rw-p 00000000 00:00 0 
7f90ead6d000-7f90ead72000 rw-p 023c3000 00:a4b 4611686019135190040       /nix/store/gpxl5qgg8kicmcvivwmybwjlpf7wh20l-graalvm17-ce-22.3.0/lib/libjvmcicompiler.so
7f90ead74000-7f90ead78000 ---p 00000000 00:00 0 
7f90ead78000-7f90ead96000 rw-p 00000000 00:00 0 
7f90ead96000-7f90eadab000 r-xp 00000000 00:a4b 4611686019135192570       /nix/store/gpxl5qgg8kicmcvivwmybwjlpf7wh20l-graalvm17-ce-22.3.0/lib/libnet.so
7f90eadab000-7f90eadac000 ---p 00015000 00:a4b 4611686019135192570       /nix/store/gpxl5qgg8kicmcvivwmybwjlpf7wh20l-graalvm17-ce-22.3.0/lib/libnet.so
7f90eadac000-7f90eadad000 r--p 00015000 00:a4b 4611686019135192570       /nix/store/gpxl5qgg8kicmcvivwmybwjlpf7wh20l-graalvm17-ce-22.3.0/lib/libnet.so
7f90eadad000-7f90eadae000 rw-p 00016000 00:a4b 4611686019135192570       /nix/store/gpxl5qgg8kicmcvivwmybwjlpf7wh20l-graalvm17-ce-22.3.0/lib/libnet.so
7f90eadae000-7f90eadb1000 rw-p 0001b000 00:a4b 4611686019135192570       /nix/store/gpxl5qgg8kicmcvivwmybwjlpf7wh20l-graalvm17-ce-22.3.0/lib/libnet.so
7f90eadb1000-7f90eadb2000 ---p 00000000 00:00 0 
7f90eadb2000-7f90eaeb3000 rw-p 00000000 00:00 0 
7f90eaeb3000-7f90eaeb7000 ---p 00000000 00:00 0 
7f90eaeb7000-7f90eafb3000 rw-p 00000000 00:00 0 
7f90eafb3000-7f90eafb7000 ---p 00000000 00:00 0 
7f90eafb7000-7f90eb0b3000 rw-p 00000000 00:00 0 
7f90eb0b3000-7f90eb0b7000 ---p 00000000 00:00 0 
7f90eb0b7000-7f90eb2b3000 rw-p 00000000 00:00 0 
7f90eb2b3000-7f90eb2b7000 ---p 00000000 00:00 0 
7f90eb2b7000-7f90eb4b3000 rw-p 00000000 00:00 0 
7f90eb4b3000-7f90eb723000 rwxp 00000000 00:00 0 
7f90eb723000-7f90eba42000 ---p 00000000 00:00 0 
7f90eba42000-7f90ed0f2000 rwxp 00000000 00:00 0 
7f90ed0f2000-7f90f2f7a000 ---p 00000000 00:00 0 
7f90f2f7a000-7f90f328a000 rwxp 00000000 00:00 0 
7f90f328a000-7f90fa4b3000 ---p 00000000 00:00 0 
7f90fa4b3000-7f9104000000 r--s 00000000 00:a4b 4611686019135192581       /nix/store/gpxl5qgg8kicmcvivwmybwjlpf7wh20l-graalvm17-ce-22.3.0/lib/modules
7f9104000000-7f910441e000 rw-p 00000000 00:00 0 
7f910441e000-7f9108000000 ---p 00000000 00:00 0 
7f9108000000-7f9108013000 r-xp 00000000 00:a4b 4611686019135192571       /nix/store/gpxl5qgg8kicmcvivwmybwjlpf7wh20l-graalvm17-ce-22.3.0/lib/libnio.so
7f9108013000-7f9108014000 r--p 00012000 00:a4b 4611686019135192571       /nix/store/gpxl5qgg8kicmcvivwmybwjlpf7wh20l-graalvm17-ce-22.3.0/lib/libnio.so
7f9108014000-7f9108015000 rw-p 00013000 00:a4b 4611686019135192571       /nix/store/gpxl5qgg8kicmcvivwmybwjlpf7wh20l-graalvm17-ce-22.3.0/lib/libnio.so
7f9108015000-7f910801a000 rw-p 00019000 00:a4b 4611686019135192571       /nix/store/gpxl5qgg8kicmcvivwmybwjlpf7wh20l-graalvm17-ce-22.3.0/lib/libnio.so
7f910801a000-7f910801e000 ---p 00000000 00:00 0 
7f910801e000-7f910811a000 rw-p 00000000 00:00 0 
7f910811a000-7f910811e000 ---p 00000000 00:00 0 
7f910811e000-7f910821a000 rw-p 00000000 00:00 0 
7f910821a000-7f910821e000 ---p 00000000 00:00 0 
7f910821e000-7f910831a000 rw-p 00000000 00:00 0 
7f910831a000-7f910831e000 ---p 00000000 00:00 0 
7f910831e000-7f910841a000 rw-p 00000000 00:00 0 
7f910841a000-7f9108700000 r--p 00000000 00:9d7 28444448                  /usr/lib/locale/locale-archive
7f9108700000-7f9108704000 ---p 00000000 00:00 0 
7f9108704000-7f9108bf0000 rw-p 00000000 00:00 0 
7f9108bf0000-7f9108ef0000 rw-p 00000000 00:00 0 
7f9108ef0000-7f9109000000 rw-p 00000000 00:00 0 
7f9109002000-7f9109009000 r-xp 00000000 00:a4b 4611686019135192580       /nix/store/gpxl5qgg8kicmcvivwmybwjlpf7wh20l-graalvm17-ce-22.3.0/lib/libzip.so
7f9109009000-7f910900a000 ---p 00007000 00:a4b 4611686019135192580       /nix/store/gpxl5qgg8kicmcvivwmybwjlpf7wh20l-graalvm17-ce-22.3.0/lib/libzip.so
7f910900a000-7f910900b000 r--p 00007000 00:a4b 4611686019135192580       /nix/store/gpxl5qgg8kicmcvivwmybwjlpf7wh20l-graalvm17-ce-22.3.0/lib/libzip.so
7f910900b000-7f910900c000 rw-p 00008000 00:a4b 4611686019135192580       /nix/store/gpxl5qgg8kicmcvivwmybwjlpf7wh20l-graalvm17-ce-22.3.0/lib/libzip.so
7f910900c000-7f910900e000 rw-p 0000b000 00:a4b 4611686019135192580       /nix/store/gpxl5qgg8kicmcvivwmybwjlpf7wh20l-graalvm17-ce-22.3.0/lib/libzip.so
7f910900e000-7f9109012000 ---p 00000000 00:00 0 
7f9109012000-7f910910e000 rw-p 00000000 00:00 0 
7f910910e000-7f910910f000 ---p 00000000 00:00 0 
7f910910f000-7f9109210000 rw-p 00000000 00:00 0 
7f9109210000-7f91092de000 r-xp 00000000 00:a4b 4611686019135190036       /nix/store/gpxl5qgg8kicmcvivwmybwjlpf7wh20l-graalvm17-ce-22.3.0/lib/libjsvml.so
7f91092de000-7f91092df000 r--p 000cd000 00:a4b 4611686019135190036       /nix/store/gpxl5qgg8kicmcvivwmybwjlpf7wh20l-graalvm17-ce-22.3.0/lib/libjsvml.so
7f91092df000-7f91092e0000 rw-p 000ce000 00:a4b 4611686019135190036       /nix/store/gpxl5qgg8kicmcvivwmybwjlpf7wh20l-graalvm17-ce-22.3.0/lib/libjsvml.so
7f91092e0000-7f910aebb000 rw-p 00000000 00:00 0 
7f910aebb000-7f910aebc000 ---p 00000000 00:00 0 
7f910aebc000-7f910afe0000 rw-p 00000000 00:00 0 
7f910afe0000-7f910b075000 rw-p 00000000 00:00 0 
7f910b075000-7f910b0bd000 ---p 00000000 00:00 0 
7f910b0bd000-7f910b0c5000 rw-p 00000000 00:00 0 
7f910b0c5000-7f910b1a9000 ---p 00000000 00:00 0 
7f910b1a9000-7f910b1d7000 rw-p 00000000 00:00 0 
7f910b1d7000-7f910b294000 ---p 00000000 00:00 0 
7f910b294000-7f910b299000 rw-p 00000000 00:00 0 
7f910b299000-7f910b2a0000 ---p 00000000 00:00 0 
7f910b2a0000-7f910b2c4000 r-xp 00000000 00:a4b 4611686019135190028       /nix/store/gpxl5qgg8kicmcvivwmybwjlpf7wh20l-graalvm17-ce-22.3.0/lib/libjava.so
7f910b2c4000-7f910b2c5000 ---p 00024000 00:a4b 4611686019135190028       /nix/store/gpxl5qgg8kicmcvivwmybwjlpf7wh20l-graalvm17-ce-22.3.0/lib/libjava.so
7f910b2c5000-7f910b2c6000 r--p 00024000 00:a4b 4611686019135190028       /nix/store/gpxl5qgg8kicmcvivwmybwjlpf7wh20l-graalvm17-ce-22.3.0/lib/libjava.so
7f910b2c6000-7f910b2c7000 rw-p 00025000 00:a4b 4611686019135190028       /nix/store/gpxl5qgg8kicmcvivwmybwjlpf7wh20l-graalvm17-ce-22.3.0/lib/libjava.so
7f910b2c7000-7f910b2c8000 rw-p 00000000 00:00 0 
7f910b2c8000-7f910b2cf000 rw-p 0002f000 00:a4b 4611686019135190028       /nix/store/gpxl5qgg8kicmcvivwmybwjlpf7wh20l-graalvm17-ce-22.3.0/lib/libjava.so
7f910b2cf000-7f910b2d7000 rw-s 00000000 00:715 2036                      /tmp/hsperfdata_runner/33059
7f910b2d7000-7f910b2d8000 ---p 00000000 00:00 0 
7f910b2d8000-7f910b2d9000 r--p 00000000 00:00 0 
7f910b2d9000-7f910b2da000 ---p 00000000 00:00 0 
7f910b2da000-7f910b2f5000 r-xp 00000000 00:a4b 4611686019135190032       /nix/store/gpxl5qgg8kicmcvivwmybwjlpf7wh20l-graalvm17-ce-22.3.0/lib/libjimage.so
7f910b2f5000-7f910b2f6000 ---p 0001b000 00:a4b 4611686019135190032       /nix/store/gpxl5qgg8kicmcvivwmybwjlpf7wh20l-graalvm17-ce-22.3.0/lib/libjimage.so
7f910b2f6000-7f910b2f8000 r--p 0001b000 00:a4b 4611686019135190032       /nix/store/gpxl5qgg8kicmcvivwmybwjlpf7wh20l-graalvm17-ce-22.3.0/lib/libjimage.so
7f910b2f8000-7f910b2f9000 rw-p 0001d000 00:a4b 4611686019135190032       /nix/store/gpxl5qgg8kicmcvivwmybwjlpf7wh20l-graalvm17-ce-22.3.0/lib/libjimage.so
7f910b2f9000-7f910b2fa000 rw-p 00024000 00:a4b 4611686019135190032       /nix/store/gpxl5qgg8kicmcvivwmybwjlpf7wh20l-graalvm17-ce-22.3.0/lib/libjimage.so
7f910b2fa000-7f910b2fe000 ---p 00000000 00:00 0 
7f910b2fe000-7f910b3fa000 rw-p 00000000 00:00 0 
7f910b3fa000-7f910b408000 r--p 00000000 00:a4b 4611686019027979927       /nix/store/4nlgxhb09sdr51nc9hdm8az5b08vzkgx-glibc-2.35-163/lib/libm.so.6
7f910b408000-7f910b47b000 r-xp 0000e000 00:a4b 4611686019027979927       /nix/store/4nlgxhb09sdr51nc9hdm8az5b08vzkgx-glibc-2.35-163/lib/libm.so.6
7f910b47b000-7f910b4d8000 r--p 00081000 00:a4b 4611686019027979927       /nix/store/4nlgxhb09sdr51nc9hdm8az5b08vzkgx-glibc-2.35-163/lib/libm.so.6
7f910b4d8000-7f910b4d9000 r--p 000dd000 00:a4b 4611686019027979927       /nix/store/4nlgxhb09sdr51nc9hdm8az5b08vzkgx-glibc-2.35-163/lib/libm.so.6
7f910b4d9000-7f910b4da000 rw-p 000de000 00:a4b 4611686019027979927       /nix/store/4nlgxhb09sdr51nc9hdm8az5b08vzkgx-glibc-2.35-163/lib/libm.so.6
7f910b4da000-7f910b4db000 r--p 00000000 00:a4b 4611686019027979946       /nix/store/4nlgxhb09sdr51nc9hdm8az5b08vzkgx-glibc-2.35-163/lib/librt.so.1
7f910b4db000-7f910b4dc000 r-xp 00001000 00:a4b 4611686019027979946       /nix/store/4nlgxhb09sdr51nc9hdm8az5b08vzkgx-glibc-2.35-163/lib/librt.so.1
7f910b4dc000-7f910b4dd000 r--p 00002000 00:a4b 4611686019027979946       /nix/store/4nlgxhb09sdr51nc9hdm8az5b08vzkgx-glibc-2.35-163/lib/librt.so.1
7f910b4dd000-7f910b4de000 r--p 00002000 00:a4b 4611686019027979946       /nix/store/4nlgxhb09sdr51nc9hdm8az5b08vzkgx-glibc-2.35-163/lib/librt.so.1
7f910b4de000-7f910b4df000 rw-p 00003000 00:a4b 4611686019027979946       /nix/store/4nlgxhb09sdr51nc9hdm8az5b08vzkgx-glibc-2.35-163/lib/librt.so.1
7f910b4df000-7f910c5f2000 r-xp 00000000 00:a4b 4611686019135360866       /nix/store/gpxl5qgg8kicmcvivwmybwjlpf7wh20l-graalvm17-ce-22.3.0/lib/server/libjvm.so
7f910c5f2000-7f910c5f3000 ---p 01113000 00:a4b 4611686019135360866       /nix/store/gpxl5qgg8kicmcvivwmybwjlpf7wh20l-graalvm17-ce-22.3.0/lib/server/libjvm.so
7f910c5f3000-7f910c6a8000 r--p 01113000 00:a4b 4611686019135360866       /nix/store/gpxl5qgg8kicmcvivwmybwjlpf7wh20l-graalvm17-ce-22.3.0/lib/server/libjvm.so
7f910c6a8000-7f910c6dc000 rw-p 011c8000 00:a4b 4611686019135360866       /nix/store/gpxl5qgg8kicmcvivwmybwjlpf7wh20l-graalvm17-ce-22.3.0/lib/server/libjvm.so
7f910c6dc000-7f910c738000 rw-p 00000000 00:00 0 
7f910c738000-7f910c760000 r--p 00000000 00:a4b 4611686019027979918       /nix/store/4nlgxhb09sdr51nc9hdm8az5b08vzkgx-glibc-2.35-163/lib/libc.so.6
7f910c760000-7f910c8d6000 r-xp 00028000 00:a4b 4611686019027979918       /nix/store/4nlgxhb09sdr51nc9hdm8az5b08vzkgx-glibc-2.35-163/lib/libc.so.6
7f910c8d6000-7f910c92e000 r--p 0019e000 00:a4b 4611686019027979918       /nix/store/4nlgxhb09sdr51nc9hdm8az5b08vzkgx-glibc-2.35-163/lib/libc.so.6
7f910c92e000-7f910c932000 r--p 001f6000 00:a4b 4611686019027979918       /nix/store/4nlgxhb09sdr51nc9hdm8az5b08vzkgx-glibc-2.35-163/lib/libc.so.6
7f910c932000-7f910c934000 rw-p 001fa000 00:a4b 4611686019027979918       /nix/store/4nlgxhb09sdr51nc9hdm8az5b08vzkgx-glibc-2.35-163/lib/libc.so.6
7f910c934000-7f910c943000 rw-p 00000000 00:00 0 
7f910c943000-7f910c944000 r--p 00000000 00:a4b 4611686019027979923       /nix/store/4nlgxhb09sdr51nc9hdm8az5b08vzkgx-glibc-2.35-163/lib/libdl.so.2
7f910c944000-7f910c945000 r-xp 00001000 00:a4b 4611686019027979923       /nix/store/4nlgxhb09sdr51nc9hdm8az5b08vzkgx-glibc-2.35-163/lib/libdl.so.2
7f910c945000-7f910c946000 r--p 00002000 00:a4b 4611686019027979923       /nix/store/4nlgxhb09sdr51nc9hdm8az5b08vzkgx-glibc-2.35-163/lib/libdl.so.2
7f910c946000-7f910c947000 r--p 00002000 00:a4b 4611686019027979923       /nix/store/4nlgxhb09sdr51nc9hdm8az5b08vzkgx-glibc-2.35-163/lib/libdl.so.2
7f910c947000-7f910c948000 rw-p 00003000 00:a4b 4611686019027979923       /nix/store/4nlgxhb09sdr51nc9hdm8az5b08vzkgx-glibc-2.35-163/lib/libdl.so.2
7f910c948000-7f910c949000 r--p 00000000 00:a4b 4611686019027979942       /nix/store/4nlgxhb09sdr51nc9hdm8az5b08vzkgx-glibc-2.35-163/lib/libpthread.so.0
7f910c949000-7f910c94a000 r-xp 00001000 00:a4b 4611686019027979942       /nix/store/4nlgxhb09sdr51nc9hdm8az5b08vzkgx-glibc-2.35-163/lib/libpthread.so.0
7f910c94a000-7f910c94b000 r--p 00002000 00:a4b 4611686019027979942       /nix/store/4nlgxhb09sdr51nc9hdm8az5b08vzkgx-glibc-2.35-163/lib/libpthread.so.0
7f910c94b000-7f910c94c000 r--p 00002000 00:a4b 4611686019027979942       /nix/store/4nlgxhb09sdr51nc9hdm8az5b08vzkgx-glibc-2.35-163/lib/libpthread.so.0
7f910c94c000-7f910c94d000 rw-p 00003000 00:a4b 4611686019027979942       /nix/store/4nlgxhb09sdr51nc9hdm8az5b08vzkgx-glibc-2.35-163/lib/libpthread.so.0
7f910c94d000-7f910c95b000 r-xp 00000000 00:a4b 4611686019135190033       /nix/store/gpxl5qgg8kicmcvivwmybwjlpf7wh20l-graalvm17-ce-22.3.0/lib/libjli.so
7f910c95b000-7f910c95c000 ---p 0000e000 00:a4b 4611686019135190033       /nix/store/gpxl5qgg8kicmcvivwmybwjlpf7wh20l-graalvm17-ce-22.3.0/lib/libjli.so
7f910c95c000-7f910c95d000 r--p 0000e000 00:a4b 4611686019135190033       /nix/store/gpxl5qgg8kicmcvivwmybwjlpf7wh20l-graalvm17-ce-22.3.0/lib/libjli.so
7f910c95d000-7f910c95e000 rw-p 0000f000 00:a4b 4611686019135190033       /nix/store/gpxl5qgg8kicmcvivwmybwjlpf7wh20l-graalvm17-ce-22.3.0/lib/libjli.so
7f910c95e000-7f910c95f000 rw-p 00012000 00:a4b 4611686019135190033       /nix/store/gpxl5qgg8kicmcvivwmybwjlpf7wh20l-graalvm17-ce-22.3.0/lib/libjli.so
7f910c95f000-7f910c962000 r--p 00000000 00:a4b 4611686019106210071       /nix/store/026hln0aq1hyshaxsdvhg0kmcm6yf45r-zlib-1.2.13/lib/libz.so.1.2.13
7f910c962000-7f910c974000 r-xp 00003000 00:a4b 4611686019106210071       /nix/store/026hln0aq1hyshaxsdvhg0kmcm6yf45r-zlib-1.2.13/lib/libz.so.1.2.13
7f910c974000-7f910c97b000 r--p 00015000 00:a4b 4611686019106210071       /nix/store/026hln0aq1hyshaxsdvhg0kmcm6yf45r-zlib-1.2.13/lib/libz.so.1.2.13
7f910c97b000-7f910c97c000 r--p 0001b000 00:a4b 4611686019106210071       /nix/store/026hln0aq1hyshaxsdvhg0kmcm6yf45r-zlib-1.2.13/lib/libz.so.1.2.13
7f910c97c000-7f910c97d000 rw-p 0001c000 00:a4b 4611686019106210071       /nix/store/026hln0aq1hyshaxsdvhg0kmcm6yf45r-zlib-1.2.13/lib/libz.so.1.2.13
7f910c97d000-7f910c97f000 rw-p 00000000 00:00 0 
7f910c97f000-7f910c981000 r--p 00000000 00:a4b 4611686019027979912       /nix/store/4nlgxhb09sdr51nc9hdm8az5b08vzkgx-glibc-2.35-163/lib/ld-linux-x86-64.so.2
7f910c981000-7f910c9a8000 r-xp 00002000 00:a4b 4611686019027979912       /nix/store/4nlgxhb09sdr51nc9hdm8az5b08vzkgx-glibc-2.35-163/lib/ld-linux-x86-64.so.2
7f910c9a8000-7f910c9b4000 r--p 00029000 00:a4b 4611686019027979912       /nix/store/4nlgxhb09sdr51nc9hdm8az5b08vzkgx-glibc-2.35-163/lib/ld-linux-x86-64.so.2
7f910c9b4000-7f910c9b6000 r--p 00034000 00:a4b 4611686019027979912       /nix/store/4nlgxhb09sdr51nc9hdm8az5b08vzkgx-glibc-2.35-163/lib/ld-linux-x86-64.so.2
7f910c9b6000-7f910c9b8000 rw-p 00036000 00:a4b 4611686019027979912       /nix/store/4nlgxhb09sdr51nc9hdm8az5b08vzkgx-glibc-2.35-163/lib/ld-linux-x86-64.so.2
7ffe07cde000-7ffe07d02000 rw-p 00000000 00:00 0                          [stack]
7ffe07d88000-7ffe07d8c000 r--p 00000000 00:00 0                          [vvar]
7ffe07d8c000-7ffe07d8e000 r-xp 00000000 00:00 0                          [vdso]
ffffffffff600000-ffffffffff601000 --xp 00000000 00:00 0                  [vsyscall]


VM Arguments:
jvm_args: -XX:ThreadPriorityPolicy=1 -XX:+UnlockExperimentalVMOptions -XX:+EnableJVMCIProduct -XX:JVMCIThreadsPerNativeLibraryRuntime=1 -XX:-UnlockExperimentalVMOptions -Declipse.application=org.eclipse.jdt.ls.core.id1 -Dosgi.bundles.defaultStartLevel=4 -Declipse.product=org.eclipse.jdt.ls.core.product -Dlog.level=ALL -Xverify:none -XX:+UseParallelGC -XX:GCTimeRatio=4 -XX:AdaptiveSizePolicyWeight=90 -Dsun.zip.disableMemoryMapping=true -Xmx512m -Xms100m 
java_command: /nix/store/a7s9klvriqi68xz3qjc0qyfl5h86xc16-jdt-language-server-1.9.0/share/java/plugins/org.eclipse.equinox.launcher_1.6.400.v20210924-0641.jar --add-modules=ALL-SYSTEM --add-opens java.base/java.util=ALL-UNNAMED --add-opens java.base/java.lang=ALL-UNNAMED -configuration /home/runner/.cache/jdt-language-server/config -data /home/runner/.cache/jdt-language-server/data/home/runner/SmartCity-java-bootcamp-session-4
java_class_path (initial): /nix/store/a7s9klvriqi68xz3qjc0qyfl5h86xc16-jdt-language-server-1.9.0/share/java/plugins/org.eclipse.equinox.launcher_1.6.400.v20210924-0641.jar
Launcher Type: SUN_STANDARD

[Global flags]
    uintx AdaptiveSizePolicyWeight                 = 90                                        {product} {command line}
     intx CICompilerCount                          = 2                                         {product} {ergonomic}
     bool EnableJVMCIProduct                       = true                                {JVMCI product} {jimage}
    uintx GCTimeRatio                              = 4                                         {product} {command line}
   size_t InitialHeapSize                          = 104857600                                 {product} {command line}
     uint JVMCIThreadsPerNativeLibraryRuntime      = 1                                   {JVMCI product} {jimage}
   size_t MaxHeapSize                              = 536870912                                 {product} {command line}
   size_t MaxNewSize                               = 178782208                                 {product} {ergonomic}
   size_t MinHeapDeltaBytes                        = 524288                                    {product} {ergonomic}
   size_t MinHeapSize                              = 104857600                                 {product} {command line}
   size_t NewSize                                  = 34603008                                  {product} {ergonomic}
    uintx NonNMethodCodeHeapSize                   = 5826188                