#
# A fatal error has been detected by the Java Runtime Environment:
#
#  Internal Error (jvmciRuntime.cpp:1609), pid=24, tid=40
#  fatal error: Fatal exception in JVMCI: Error calling jdk.vm.ci.services.Services.serializeSavedProperties
#
# JRE version: OpenJDK Runtime Environment GraalVM CE 22.3.0 (17.0.5+8) (build 17.0.5+8-jvmci-22.3-b08)
# Java VM: OpenJDK 64-Bit Server VM GraalVM CE 22.3.0 (17.0.5+8-jvmci-22.3-b08, mixed mode, sharing, tiered, jvmci, jvmci compiler, compressed oops, compressed class ptrs, parallel gc, linux-amd64)
# Problematic frame:
# V  [libjvm.so+0x972714]  JVMCIRuntime::fatal_exception(JVMCIEnv*, char const*)+0x74
#
# Core dump will be written. Default location: Core dumps may be processed with "/usr/share/apport/apport -p%p -s%s -c%c -d%d -P%P -u%u -g%g -- %E" (or dumping to /home/runner/SmartCity-java-bootcamp-session-4/core.24)
#
# If you would like to submit a bug report, please visit:
#   https://github.com/oracle/graal/issues
#

---------------  S U M M A R Y ------------

Command Line: -XX:ThreadPriorityPolicy=1 -XX:+UnlockExperimentalVMOptions -XX:+EnableJVMCIProduct -XX:JVMCIThreadsPerNativeLibraryRuntime=1 -XX:-UnlockExperimentalVMOptions -Declipse.application=org.eclipse.jdt.ls.core.id1 -Dosgi.bundles.defaultStartLevel=4 -Declipse.product=org.eclipse.jdt.ls.core.product -Dlog.level=ALL -Xverify:none -XX:+UseParallelGC -XX:GCTimeRatio=4 -XX:AdaptiveSizePolicyWeight=90 -Dsun.zip.disableMemoryMapping=true -Xmx512m -Xms100m /nix/store/a7s9klvriqi68xz3qjc0qyfl5h86xc16-jdt-language-server-1.9.0/share/java/plugins/org.eclipse.equinox.launcher_1.6.400.v20210924-0641.jar --add-modules=ALL-SYSTEM --add-opens java.base/java.util=ALL-UNNAMED --add-opens java.base/java.lang=ALL-UNNAMED -configuration /home/runner/.cache/jdt-language-server/config -data /home/runner/.cache/jdt-language-server/data/home/runner/SmartCity-java-bootcamp-session-4

Host: Intel(R) Xeon(R) CPU @ 2.20GHz, 16 cores, 3G, Ubuntu 20.04.2 LTS
Time: Wed Sep 27 16:11:25 2023 UTC elapsed time: 3706.750359 seconds (0d 1h 1m 46s)

---------------  T H R E A D  ---------------

Current thread (0x00007fa0d80d2d60):  JavaThread "JVMCI-native CompilerThread0" daemon [_thread_in_vm, id=40, stack(0x00007fa0bd41a000,0x00007fa0bd61a000)]


Current CompileTask:
JVMCI-native:3706750 22844 %     4       org.eclipse.core.internal.preferences.ImmutableMap$ArrayMap::shareStrings @ 15 (87 bytes)

Stack: [0x00007fa0bd41a000,0x00007fa0bd61a000],  sp=0x00007fa0bd618380,  free space=2040k
Native frames: (J=compiled Java code, j=interpreted, Vv=VM code, C=native code)
V  [libjvm.so+0x972714]  JVMCIRuntime::fatal_exception(JVMCIEnv*, char const*)+0x74
V  [libjvm.so+0x93e2fe]  JVMCIEnv::copy_saved_properties()+0x14e
V  [libjvm.so+0x9732a9]  JVMCIRuntime::initialize(JVMCIEnv*)+0xb19
V  [libjvm.so+0x9738a2]  JVMCIRuntime::get_HotSpotJVMCIRuntime(JVMCIEnv*)+0x12
V  [libjvm.so+0x9749f2]  JVMCIRuntime::compile_method(JVMCIEnv*, JVMCICompiler*, methodHandle const&, int)+0xd2
V  [libjvm.so+0x5b0d20]  CompileBroker::invoke_compiler_on_method(CompileTask*)+0x1470
V  [libjvm.so+0x5b12e8]  CompileBroker::compiler_thread_loop()+0x528
V  [libjvm.so+0xd82460]  JavaThread::thread_main_inner()+0xd0
V  [libjvm.so+0xd85a40]  Thread::call_run()+0xc0
V  [libjvm.so+0xbdb1e1]  thread_native_entry(Thread*)+0xe1

Register to memory mapping:

RAX=0x00007fa0dd45b000 points into unknown readable memory: 0x0000000000000058 | 58 00 00 00 00 00 00 00
RBX=0x00007fa0de556398: <offset 0x0000000000ef5398> in /nix/store/gpxl5qgg8kicmcvivwmybwjlpf7wh20l-graalvm17-ce-22.3.0/lib/server/libjvm.so at 0x00007fa0dd661000
RCX=0x00007fa0de50e1e8: <offset 0x0000000000ead1e8> in /nix/store/gpxl5qgg8kicmcvivwmybwjlpf7wh20l-graalvm17-ce-22.3.0/lib/server/libjvm.so at 0x00007fa0dd661000
RDX=0x0000000000000649 is an unknown value
RSP=0x00007fa0bd618380 is pointing into the stack for thread: 0x00007fa0d80d2d60
RBP=0x00007fa0bd6183a0 is pointing into the stack for thread: 0x00007fa0d80d2d60
RSI=0x00007fa0de556c48: <offset 0x0000000000ef5c48> in /nix/store/gpxl5qgg8kicmcvivwmybwjlpf7wh20l-graalvm17-ce-22.3.0/lib/server/libjvm.so at 0x00007fa0dd661000
RDI=0x00000000e0000000 is an oop: java.lang.String 
{0x00000000e0000000} - klass: 'java/lang/String'
 - string: "class configured for "
R8 =0x00007fa0de556398: <offset 0x0000000000ef5398> in /nix/store/gpxl5qgg8kicmcvivwmybwjlpf7wh20l-graalvm17-ce-22.3.0/lib/server/libjvm.so at 0x00007fa0dd661000
R9 =0x00007fa0bd618330 is pointing into the stack for thread: 0x00007fa0d80d2d60
R10=0x00007fa0bd619948 is pointing into the stack for thread: 0x00007fa0d80d2d60
R11=0x0000000000000293 is an unknown value
R12=0x0 is NULL
R13=0x00007fa0d80d2d60 is a thread
R14=0x00007fa0d8000b80 points into unknown readable memory: 0x00007fa0de787a38 | 38 7a 78 de a0 7f 00 00
R15=0x00007fa0de895e40: <offset 0x0000000001234e40> in /nix/store/gpxl5qgg8kicmcvivwmybwjlpf7wh20l-graalvm17-ce-22.3.0/lib/server/libjvm.so at 0x00007fa0dd661000


Registers:
RAX=0x00007fa0dd45b000, RBX=0x00007fa0de556398, RCX=0x00007fa0de50e1e8, RDX=0x0000000000000649
RSP=0x00007fa0bd618380, RBP=0x00007fa0bd6183a0, RSI=0x00007fa0de556c48, RDI=0x00000000e0000000
R8 =0x00007fa0de556398, R9 =0x00007fa0bd618330, R10=0x00007fa0bd619948, R11=0x0000000000000293
R12=0x0000000000000000, R13=0x00007fa0d80d2d60, R14=0x00007fa0d8000b80, R15=0x00007fa0de895e40
RIP=0x00007fa0ddfd3714, EFLAGS=0x0000000000010206, CSGSFS=0x002b000000000033, ERR=0x0000000000000006
  TRAPNO=0x000000000000000e

Top of Stack: (sp=0x00007fa0bd618380)
0x00007fa0bd618380:   00007fa0bd618940 00007fa0d80d2d60
0x00007fa0bd618390:   00007fa0dcdec8c8 0000000800c417a0
0x00007fa0bd6183a0:   00007fa0bd618500 00007fa0ddf9f2fe
0x00007fa0bd6183b0:   00007fa0bd6183e0 00007fa0bd618440 

Instructions: (pc=0x00007fa0ddfd3714)
0x00007fa0ddfd3614:   30 e8 f6 cf e8 ff 4c 89 e7 e8 2e 48 d1 ff 84 db
0x00007fa0ddfd3624:   75 2a 4d 85 ed 74 04 4d 8b 6d 00 48 83 c4 08 44
0x00007fa0ddfd3634:   89 f9 4c 89 f2 4c 89 ee 5b 4c 89 e7 41 5c 41 5d
0x00007fa0ddfd3644:   41 5e 41 5f 5d e9 e2 47 d1 ff 66 90 48 83 c4 08
0x00007fa0ddfd3654:   5b 41 5c 41 5d 41 5e 41 5f 5d c3 90 31 d2 be 08
0x00007fa0ddfd3664:   00 00 00 4c 89 ff e8 b1 78 a3 ff 49 89 c5 e9 37
0x00007fa0ddfd3674:   ff ff ff 66 0f 1f 84 00 00 00 00 00 48 8b 7a 08
0x00007fa0ddfd3684:   e9 6d ff ff ff 0f 1f 80 00 00 00 00 e8 5b 48 0a
0x00007fa0ddfd3694:   00 84 c0 75 89 e9 6a ff ff ff 66 90 55 48 89 e5
0x00007fa0ddfd36a4:   41 56 41 55 41 54 49 89 fc 53 48 89 f3 66 48 8d
0x00007fa0ddfd36b4:   3d 27 5e 85 00 66 66 48 e8 df 43 8d ff 4c 8b 28
0x00007fa0ddfd36c4:   8b 05 be 72 8a 00 85 c0 75 14 ba 01 00 00 00 48
0x00007fa0ddfd36d4:   8d 0d ae 72 8a 00 f0 0f b1 11 85 c0 74 4e be c8
0x00007fa0ddfd36e4:   00 00 00 4c 89 ef e8 01 0b 41 00 48 8d 05 12 ac
0x00007fa0ddfd36f4:   85 00 49 89 d8 48 8d 0d e8 aa 53 00 ba 49 06 00
0x00007fa0ddfd3704:   00 48 8d 35 3c 35 58 00 bf 00 00 00 e0 48 8b 00
0x00007fa0ddfd3714:   c6 00 58 31 c0 e8 e2 91 c6 ff 5b 41 5c 41 5d 41
0x00007fa0ddfd3724:   5e 5d e9 55 34 26 00 0f 1f 44 00 00 48 8d 05 81
0x00007fa0ddfd3734:   a3 8b 00 48 89 df 4c 8b 30 e8 9e 43 8d ff 48 89
0x00007fa0ddfd3744:   de 48 89 c2 49 8b 06 4c 89 f7 ff 50 08 4c 89 f7
0x00007fa0ddfd3754:   e8 a7 5c 27 00 4d 85 e4 74 12 be 01 00 00 00 4c
0x00007fa0ddfd3764:   89 e7 e8 35 43 fc ff eb 82 0f 1f 00 be 01 00 00
0x00007fa0ddfd3774:   00 4c 89 ef e8 d3 fd ff ff e9 6d ff ff ff 66 66
0x00007fa0ddfd3784:   2e 0f 1f 84 00 00 00 00 00 0f 1f 00 55 48 89 e5
0x00007fa0ddfd3794:   41 57 41 56 41 55 41 54 53 48 81 ec 08 02 00 00
0x00007fa0ddfd37a4:   64 48 8b 04 25 28 00 00 00 48 89 45 c8 8b 07 83
0x00007fa0ddfd37b4:   f8 02 0f 84 11 04 00 00 4c 8b 6f 18 49 89 ff 49
0x00007fa0ddfd37c4:   89 f4 4d 85 ed 74 14 4c 89 ef e8 5d 57 22 00 41
0x00007fa0ddfd37d4:   8b 07 83 f8 02 0f 84 19 04 00 00 48 8d 1d 9a 06
0x00007fa0ddfd37e4:   8a 00 4c 8d 35 0b 3c 58 00 eb 38 90 48 85 d2 7f
0x00007fa0ddfd37f4:   0d 48 8d 05 b4 c0 85 00 48 83 38 00 7e 0e 41 8b
0x00007fa0ddfd3804:   77 2c 4c 89 f7 31 c0 e8 a0 b2 f7 ff 49 8b 7f 18 


Stack slot to memory mapping:
stack at sp + 0 slots: 0x00007fa0bd618940 is pointing into the stack for thread: 0x00007fa0d80d2d60
stack at sp + 1 slots: 0x00007fa0d80d2d60 is a thread
stack at sp + 2 slots: 0x00007fa0dcdec8c8 points into unknown readable memory: 0x65730018052dffff | ff ff 2d 05 18 00 73 65
stack at sp + 3 slots: 0x0000000800c417a0 is a pointer to class: 
jdk.vm.ci.services.Services {0x0000000800c417a0}
 - instance size:     2
 - klass size:        65
 - access:            public final synchronized 
 - state:             fully_initialized
 - name:              'jdk/vm/ci/services/Services'
 - super:             'java/lang/Object'
 - sub:               
 - arrays:            NULL
 - methods:           Array<T>(0x00007fa0bdc42870)
 - method ordering:   Array<T>(0x0000000800928960)
 - default_methods:   Array<T>(0x0000000000000000)
 - local interfaces:  Array<T>(0x00000008005ce810)
 - trans. interfaces: Array<T>(0x00000008005ce810)
 - constants:         constant pool [427] {0x00007fa0bdc41790} for 'jdk/vm/ci/services/Services' cache=0x00007fa0bdc43b78
 - class loader data:  loader data: 0x00007fa0d8027ce0 of 'bootstrap'
 - source file:       'Services.java'
 - class annotations:       Array<T>(0x0000000000000000)
 - class type annotations:  Array<T>(0x0000000000000000)
 - field annotations:       Array<T>(0x0000000000000000)
 - field type annotations:  Array<T>(0x0000000000000000)
 - inner classes:     Array<T>(0x00007fa0bdc43b10)
 - nest members:     Array<T>(0x00007fa0bdc43b30)
 - permitted subclasses:     Array<T>(0x00000008005ce7a0)
 - java mirror:       a 'java/lang/Class'{0x00000000e0464e20} = 'jdk/vm/ci/services/Services'
 - vtable length      5  (start addr: 0x0000000800c41970)
 - itable length      2 (start addr: 0x0000000800c41998)
 - ---- static fields (3 words):
 - public static final 'IS_BUILDING_NATIVE_IMAGE' 'Z' @128 
 - public static final 'IS_IN_NATIVE_IMAGE' 'Z' @129 
 - private static volatile 'savedProperties' 'Ljava/util/Map;' @112 
 - static final 'JVMCI_ENABLED' 'Z' @130 
 - private static final 'servicesCache' 'Ljava/util/Map;' @116 
 - private static final 'MAX_UNICODE_IN_UTF8_LENGTH' 'I' @120 
 - private static final 'MAX_UTF8_PROPERTY_STRING_LENGTH' 'I' @124 
 - ---- non-static fields (0 words):
 - non-static oop maps: 
stack at sp + 4 slots: 0x00007fa0bd618500 is pointing into the stack for thread: 0x00007fa0d80d2d60
stack at sp + 5 slots: 0x00007fa0ddf9f2fe: <offset 0x000000000093e2fe> in /nix/store/gpxl5qgg8kicmcvivwmybwjlpf7wh20l-graalvm17-ce-22.3.0/lib/server/libjvm.so at 0x00007fa0dd661000
stack at sp + 6 slots: 0x00007fa0bd6183e0 is pointing into the stack for thread: 0x00007fa0d80d2d60
stack at sp + 7 slots: 0x00007fa0bd618440 is pointing into the stack for thread: 0x00007fa0d80d2d60


---------------  P R O C E S S  ---------------

Threads class SMR info:
_java_thread_list=0x00007fa05002de70, length=28, elements={
0x00007fa0d8025f80, 0x00007fa0d80c7040, 0x00007fa0d80c8480, 0x00007fa0d80cebd0,
0x00007fa0d80cff80, 0x00007fa0d80d1370, 0x00007fa0d80d2d60, 0x00007fa0d80d4270,
0x00007fa0d80d56c0, 0x00007fa0d8108dc0, 0x00007fa0d8150d70, 0x00007fa0d8364a20,
0x00007fa0d8398270, 0x00007fa0d839a100, 0x00007fa0d865fd40, 0x00007fa064017760,
0x00007fa0642a29e0, 0x00007fa064650bf0, 0x00007fa0d823ddd0, 0x00007fa0d8503250,
0x00007fa050023ed0, 0x00007fa014015c90, 0x00007fa0140081d0, 0x00007fa07c006ff0,
0x00007fa0540ccf80, 0x00007fa0540f0aa0, 0x00007fa0540f1020, 0x00007fa0540f15a0
}

Java Threads: ( => current thread )
  0x00007fa0d8025f80 JavaThread "main" [_thread_blocked, id=32, stack(0x00007fa0dd47c000,0x00007fa0dd57c000)]
  0x00007fa0d80c7040 JavaThread "Reference Handler" daemon [_thread_blocked, id=35, stack(0x00007fa0dc190000,0x00007fa0dc290000)]
  0x00007fa0d80c8480 JavaThread "Finalizer" daemon [_thread_blocked, id=36, stack(0x00007fa0dc090000,0x00007fa0dc190000)]
  0x00007fa0d80cebd0 JavaThread "Signal Dispatcher" daemon [_thread_blocked, id=37, stack(0x00007fa0bd81a000,0x00007fa0bd91a000)]
  0x00007fa0d80cff80 JavaThread "Service Thread" daemon [_thread_blocked, id=38, stack(0x00007fa0bd71a000,0x00007fa0bd81a000)]
  0x00007fa0d80d1370 JavaThread "Monitor Deflation Thread" daemon [_thread_blocked, id=39, stack(0x00007fa0bd61a000,0x00007fa0bd71a000)]
=>0x00007fa0d80d2d60 JavaThread "JVMCI-native CompilerThread0" daemon [_thread_in_vm, id=40, stack(0x00007fa0bd41a000,0x00007fa0bd61a000)]
  0x00007fa0d80d4270 JavaThread "C1 CompilerThread0" daemon [_thread_blocked, id=41, stack(0x00007fa0bd21a000,0x00007fa0bd41a000)]
  0x00007fa0d80d56c0 JavaThread "Sweeper thread" daemon [_thread_blocked, id=42, stack(0x00007fa0bd11a000,0x00007fa0bd21a000)]
  0x00007fa0d8108dc0 JavaThread "Common-Cleaner" daemon [_thread_blocked, id=43, stack(0x00007fa0bd01a000,0x00007fa0bd11a000)]
  0x00007fa0d8150d70 JavaThread "Notification Thread" daemon [_thread_blocked, id=44, stack(0x00007fa0bcf1a000,0x00007fa0bd01a000)]
  0x00007fa0d8364a20 JavaThread "Active Thread: Equinox Container: 9ae194e8-4baa-4fe9-bf64-6d84ab0fb0e8" [_thread_blocked, id=80, stack(0x00007fa0bc800000,0x00007fa0bc900000)]
  0x00007fa0d8398270 JavaThread "Framework Event Dispatcher: Equinox Container: 9ae194e8-4baa-4fe9-bf64-6d84ab0fb0e8" daemon [_thread_blocked, id=84, stack(0x00007fa0bc600000,0x00007fa0bc700000)]
  0x00007fa0d839a100 JavaThread "Start Level: Equinox Container: 9ae194e8-4baa-4fe9-bf64-6d84ab0fb0e8" daemon [_thread_blocked, id=85, stack(0x00007fa0bc400000,0x00007fa0bc500000)]
  0x00007fa0d865fd40 JavaThread "Refresh Thread: Equinox Container: 9ae194e8-4baa-4fe9-bf64-6d84ab0fb0e8" daemon [_thread_blocked, id=91, stack(0x00007fa0bc200000,0x00007fa0bc300000)]
  0x00007fa064017760 JavaThread "SCR Component Actor" daemon [_thread_blocked, id=97, stack(0x00007fa0bc000000,0x00007fa0bc100000)]
  0x00007fa0642a29e0 JavaThread "Worker-JM" [_thread_blocked, id=112, stack(0x00007fa084700000,0x00007fa084800000)]
  0x00007fa064650bf0 JavaThread "Bundle File Closer" daemon [_thread_blocked, id=134, stack(0x00007fa083f00000,0x00007fa084000000)]
  0x00007fa0d823ddd0 JavaThread "pool-3-thread-1" [_thread_blocked, id=137, stack(0x00007fa083e00000,0x00007fa083f00000)]
  0x00007fa0d8503250 JavaThread "pool-2-thread-1" [_thread_in_native, id=145, stack(0x00007fa084900000,0x00007fa084a00000)]
  0x00007fa050023ed0 JavaThread "Worker-9: Java indexing... " [_thread_blocked, id=16756, stack(0x00007fa083500000,0x00007fa083600000)]
  0x00007fa014015c90 JavaThread "Worker-11" [_thread_blocked, id=17761, stack(0x00007fa084100000,0x00007fa084200000)]
  0x00007fa0140081d0 JavaThread "Worker-12: Periodic workspace save." [_thread_blocked, id=25683, stack(0x00007fa0bcc00000,0x00007fa0bcd00000)]
  0x00007fa07c006ff0 JavaThread "Java indexing" daemon [_thread_blocked, id=42938, stack(0x00007fa0bc100000,0x00007fa0bc200000)]
  0x00007fa0540ccf80 JavaThread "Thread-100" [_thread_blocked, id=42952, stack(0x00007fa083d00000,0x00007fa083e00000)]
  0x00007fa0540f0aa0 JavaThread "Thread-106" [_thread_blocked, id=42970, stack(0x00007fa0bcd18000,0x00007fa0bce18000)]
  0x00007fa0540f1020 JavaThread "Thread-111" [_thread_blocked, id=42976, stack(0x00007fa083900000,0x00007fa083a00000)]
  0x00007fa0540f15a0 JavaThread "Thread-112" [_thread_blocked, id=42977, stack(0x00007fa0bca00000,0x00007fa0bcb00000)]

Other Threads:
  0x00007fa0d80c2780 VMThread "VM Thread" [stack: 0x00007fa0dc292000,0x00007fa0dc392000] [id=34] _threads_hazard_ptr=0x00007fa05002de70
  0x00007fa0d8152710 WatcherThread [stack: 0x00007fa0bce1a000,0x00007fa0bcf1a000] [id=45]
  0x00007fa0d803d880 GCTaskThread "GC Thread#0" [stack: 0x00007fa0dd03f000,0x00007fa0dd13f000] [id=33]
  0x00007fa0b00012b0 GCTaskThread "GC Thread#1" [stack: 0x00007fa082300000,0x00007fa082400000] [id=86]

Threads with active compile tasks:
JVMCI-native CompilerThread0  3706771 22844 %     4       org.eclipse.core.internal.preferences.ImmutableMap$ArrayMap::shareStrings @ 15 (87 bytes)

VM state: synchronizing (normal execution)

VM Mutex/Monitor currently owned by a thread:  ([mutex/lock_event])
[0x00007fa0d8023130] Threads_lock - owner thread: 0x00007fa0d80c2780
[0x00007fa0d80238e0] Heap_lock - owner thread: 0x00007fa014015c90

OutOfMemory and StackOverflow Exception counts:
OutOfMemoryError java_heap_errors=19
LinkageErrors=79

Heap address: 0x00000000e0000000, size: 512 MB, Compressed Oops mode: 32-bit

CDS archive(s) mapped at: [0x0000000800000000-0x0000000800bc8000-0x0000000800bc8000), size 12353536, SharedBaseAddress: 0x0000000800000000, ArchiveRelocationMode: 0.
Compressed class space mapped at: 0x0000000800c00000-0x0000000840c00000, reserved size: 1073741824
Narrow klass base: 0x0000000800000000, Narrow klass shift: 0, Narrow klass range: 0x100000000

GC Precious Log:
 CPUs: 16 total, 2 available
 Memory: 3215M
 Large Page Support: Disabled
 NUMA Support: Disabled
 Compressed Oops: Enabled (32-bit)
 Alignments: Space 512K, Generation 512K, Heap 2M
 Heap Min Capacity: 100M
 Heap Initial Capacity: 100M
 Heap Max Capacity: 512M
 Pre-touch: Disabled
 Parallel Workers: 2

Heap:
 PSYoungGen      total 96768K, used 48639K [0x00000000f5580000, 0x00000000ff880000, 0x0000000100000000)
  eden space 48640K, 99% used [0x00000000f5580000,0x00000000f84ffff8,0x00000000f8500000)
  from space 48128K, 0% used [0x00000000f8500000,0x00000000f8500000,0x00000000fb400000)
  to   space 57856K, 0% used [0x00000000fc000000,0x00000000fc000000,0x00000000ff880000)
 ParOldGen       total 349696K, used 349696K [0x00000000e0000000, 0x00000000f5580000, 0x00000000f5580000)
  object space 349696K, 100% used [0x00000000e0000000,0x00000000f5580000,0x00000000f5580000)
 Metaspace       used 81470K, committed 82496K, reserved 1130496K
  class space    used 7078K, committed 7552K, reserved 1048576K

Card table byte_map: [0x00007fa0dd13f000,0x00007fa0dd240000] _byte_map_base: 0x00007fa0dca3f000

Marking Bits: (ParMarkBitMap*) 0x00007fa0de88f4c0
 Begin Bits: [0x00007fa0be4b3000, 0x00007fa0becb3000)
 End Bits:   [0x00007fa0becb3000, 0x00007fa0bf4b3000)

Polling page: 0x00007fa0dd459000

Metaspace:

Usage:
  Non-class:     72.65 MB used.
      Class:      6.91 MB used.
       Both:     79.56 MB used.

Virtual space:
  Non-class space:       80.00 MB reserved,      73.19 MB ( 91%) committed,  10 nodes.
      Class space:        1.00 GB reserved,       7.38 MB ( <1%) committed,  1 nodes.
             Both:        1.08 GB reserved,      80.56 MB (  7%) committed. 

Chunk freelists:
   Non-Class:  1.99 MB
       Class:  555.00 KB
        Both:  2.54 MB

MaxMetaspaceSize: unlimited
CompressedClassSpaceSize: 1.00 GB
Initial GC threshold: 21.00 MB
Current GC threshold: 134.38 MB
CDS: on
MetaspaceReclaimPolicy: balanced
 - commit_granule_bytes: 65536.
 - commit_granule_words: 8192.
 - virtual_space_node_default_size: 1048576.
 - enlarge_chunks_in_place: 1.
 - new_chunks_are_fully_committed: 0.
 - uncommit_free_chunks: 1.
 - use_allocation_guard: 0.
 - handle_deallocations: 1.


Internal statistics:

num_allocs_failed_limit: 6.
num_arena_births: 788.
num_arena_deaths: 346.
num_vsnodes_births: 11.
num_vsnodes_deaths: 0.
num_space_committed: 1286.
num_space_uncommitted: 1.
num_chunks_returned_to_freelist: 479.
num_chunks_taken_from_freelist: 4169.
num_chunk_merges: 178.
num_chunk_splits: 2618.
num_chunks_enlarged: 1613.
num_purges: 18.
num_inconsistent_stats: 0.

CodeHeap 'non-profiled nmethods': size=120036Kb used=7610Kb max_used=7622Kb free=112425Kb
 bounds [0x00007fa0c6f7a000, 0x00007fa0c770a000, 0x00007fa0ce4b3000]
CodeHeap 'profiled nmethods': size=120032Kb used=36203Kb max_used=36203Kb free=83828Kb
 bounds [0x00007fa0bfa42000, 0x00007fa0c1da2000, 0x00007fa0c6f7a000]
CodeHeap 'non-nmethods': size=5692Kb used=1660Kb max_used=1678Kb free=4031Kb
 bounds [0x00007fa0bf4b3000, 0x00007fa0bf723000, 0x00007fa0bfa42000]
 total_blobs=15891 nmethods=14840 adapters=655
 compilation: enabled
              stopped_count=0, restarted_count=0
 full_count=0

JVMCI Events (20 events):
Event: 3405.870 Thread 0x00007fa0d80d2d60 compacted oop handles in JVMCI runtime 0 from 45 to 45
Event: 3405.870 Thread 0x00007fa0d80d2d60 releasing handles for JVMCI runtime 0: oop handles=45, metadata handles={total=90, live=79, blocks=64}
Event: 3405.870 Thread 0x00007fa0d80d2d60 detached from JVMCI runtime 0
Event: 3646.019 Thread 0x00007fa0d80d2d60 attached to JVMCI runtime 0
Event: 3646.021 Thread 0x00007fa0d80d2d60 created JavaVM[44]@0x00007fa039a9e340 for JVMCI runtime 0
Event: 3646.767 Thread 0x00007fa0d80d2d60 initializing JVMCI runtime 0
Event: 3646.767 Thread 0x00007fa0d80d2d60 done waiting for JavaVM references initialization in JVMCI runtime 0
Event: 3659.550 Thread 0x00007fa0d80d2d60 initialized JVMCI runtime 0
Event: 3676.843 Thread 0x00007fa0d80d2d60 compacted oop handles in JVMCI runtime 0 from 57 to 55
Event: 3678.440 Thread 0x00007fa0d80d2d60 detaching from JVMCI runtime 0: releasing idle compiler thread (0 other threads still attached)
Event: 3678.440 Thread 0x00007fa0d80d2d60 shutting down HotSpotJVMCIRuntime for JVMCI runtime 0
Event: 3678.440 Thread 0x00007fa0d80d2d60 shut down JVMCI runtime 0
Event: 3678.443 Thread 0x00007fa0d80d2d60 destroyed JavaVM[44]@0x00007fa039a9e340 for JVMCI runtime 0
Event: 3678.443 Thread 0x00007fa0d80d2d60 compacted oop handles in JVMCI runtime 0 from 55 to 55
Event: 3678.443 Thread 0x00007fa0d80d2d60 releasing handles for JVMCI runtime 0: oop handles=55, metadata handles={total=96, live=95, blocks=64}
Event: 3678.443 Thread 0x00007fa0d80d2d60 detached from JVMCI runtime 0
Event: 3700.913 Thread 0x00007fa0d80d2d60 attached to JVMCI runtime 0
Event: 3700.915 Thread 0x00007fa0d80d2d60 created JavaVM[45]@0x00007fa039a9e340 for JVMCI runtime 0
Event: 3701.390 Thread 0x00007fa0d80d2d60 initializing JVMCI runtime 0
Event: 3701.390 Thread 0x00007fa0d80d2d60 done waiting for JavaVM references initialization in JVMCI runtime 0

Compilation events (20 events):
Event: 3346.590 Thread 0x00007fa0d80d2d60 nmethod 22835 0x00007fa0c752c310 code [0x00007fa0c752c4c0, 0x00007fa0c752c620]
Event: 3346.831 Thread 0x00007fa0d80d4270 22836       3       org.eclipse.jdt.internal.core.search.indexing.BinaryIndexer::indexTypeReferences (34 bytes)
Event: 3346.831 Thread 0x00007fa0d80d4270 nmethod 22836 0x00007fa0c1d96810 code [0x00007fa0c1d969e0, 0x00007fa0c1d96cc0]
Event: 3347.363 Thread 0x00007fa0d80d4270 22837       3       java.util.LinkedList::get (14 bytes)
Event: 3347.364 Thread 0x00007fa0d80d4270 nmethod 22837 0x00007fa0c1d96e10 code [0x00007fa0c1d97000, 0x00007fa0c1d975c0]
Event: 3348.789 Thread 0x00007fa0d80d4270 22838       3       org.eclipse.jdt.internal.core.search.indexing.AbstractIndexer::addModuleReference (12 bytes)
Event: 3348.790 Thread 0x00007fa0d80d4270 nmethod 22838 0x00007fa0c1d97790 code [0x00007fa0c1d97980, 0x00007fa0c1d981b0]
Event: 3348.847 Thread 0x00007fa0d80d4270 22839 %     3       org.eclipse.jdt.internal.core.index.DiskIndex::writeAllDocumentNames @ 206 (512 bytes)
Event: 3348.851 Thread 0x00007fa0d80d4270 nmethod 22839% 0x00007fa0c1d98410 code [0x00007fa0c1d98900, 0x00007fa0c1d9b4a0]
Event: 3349.921 Thread 0x00007fa0d80d4270 22840 % !   1       org.eclipse.jdt.internal.core.index.DiskIndex::mergeWith @ 262 (599 bytes)
Event: 3349.924 Thread 0x00007fa0d80d4270 nmethod 22840% 0x00007fa0c764be10 code [0x00007fa0c764c380, 0x00007fa0c764eb20]
Event: 3392.444 Thread 0x00007fa0d80d4270 22841  s    3       org.eclipse.jdt.internal.core.search.processing.JobManager::currentJob (35 bytes)
Event: 3394.051 Thread 0x00007fa0d80d4270 nmethod 22841 0x00007fa0c1d9c990 code [0x00007fa0c1d9cb60, 0x00007fa0c1d9d4b0]
Event: 3396.253 Thread 0x00007fa0d80d2d60 22842  s    4       org.eclipse.jdt.internal.core.search.processing.JobManager::awaitingJobsCount (21 bytes)
Event: 3404.815 Thread 0x00007fa0d80d2d60 nmethod 22842 0x00007fa0c764b910 code [0x00007fa0c764baa0, 0x00007fa0c764bcd8]
Event: 3646.019 Thread 0x00007fa0d80d2d60 22843       4       org.eclipse.core.internal.resources.Resource::isConflicting (151 bytes)
Event: 3676.843 Thread 0x00007fa0d80d2d60 nmethod 22843 0x00007fa0c7678790 code [0x00007fa0c7678960, 0x00007fa0c76790f8]
Event: 3700.913 Thread 0x00007fa0d80d2d60 22844 %     4       org.eclipse.core.internal.preferences.ImmutableMap$ArrayMap::shareStrings @ 15 (87 bytes)
Event: 3701.870 Thread 0x00007fa0d80d4270 22845       3       org.eclipse.lsp4j.jsonrpc.CompletableFutures$FutureCancelChecker::checkCanceled (19 bytes)
Event: 3701.870 Thread 0x00007fa0d80d4270 nmethod 22845 0x00007fa0c1d9d610 code [0x00007fa0c1d9d7e0, 0x00007fa0c1d9e3a0]

GC Heap History (20 events):
Event: 3701.870 GC heap before
{Heap before GC invocations=3392 (full 3208):
 PSYoungGen      total 96768K, used 48640K [0x00000000f5580000, 0x00000000ff880000, 0x0000000100000000)
  eden space 48640K, 100% used [0x00000000f5580000,0x00000000f8500000,0x00000000f8500000)
  from space 48128K, 0% used [0x00000000f8500000,0x00000000f8500000,0x00000000fb400000)
  to   space 57856K, 0% used [0x00000000fc000000,0x00000000fc000000,0x00000000ff880000)
 ParOldGen       total 349696K, used 349694K [0x00000000e0000000, 0x00000000f5580000, 0x00000000f5580000)
  object space 349696K, 99% used [0x00000000e0000000,0x00000000f557f8d0,0x00000000f5580000)
 Metaspace       used 81470K, committed 82496K, reserved 1130496K
  class space    used 7078K, committed 7552K, reserved 1048576K
}
Event: 3702.340 GC heap after
{Heap after GC invocations=3392 (full 3208):
 PSYoungGen      total 106496K, used 48639K [0x00000000f5580000, 0x00000000ff880000, 0x0000000100000000)
  eden space 48640K, 99% used [0x00000000f5580000,0x00000000f84fff18,0x00000000f8500000)
  from space 57856K, 0% used [0x00000000fc000000,0x00000000fc000000,0x00000000ff880000)
  to   space 48128K, 0% used [0x00000000f8500000,0x00000000f8500000,0x00000000fb400000)
 ParOldGen       total 349696K, used 349692K [0x00000000e0000000, 0x00000000f5580000, 0x00000000f5580000)
  object space 349696K, 99% used [0x00000000e0000000,0x00000000f557f398,0x00000000f5580000)
 Metaspace       used 81470K, committed 82496K, reserved 1130496K
  class space    used 7078K, committed 7552K, reserved 1048576K
}
Event: 3702.341 GC heap before
{Heap before GC invocations=3393 (full 3209):
 PSYoungGen      total 106496K, used 48639K [0x00000000f5580000, 0x00000000ff880000, 0x0000000100000000)
  eden space 48640K, 99% used [0x00000000f5580000,0x00000000f84ffff8,0x00000000f8500000)
  from space 57856K, 0% used [0x00000000fc000000,0x00000000fc000000,0x00000000ff880000)
  to   space 48128K, 0% used [0x00000000f8500000,0x00000000f8500000,0x00000000fb400000)
 ParOldGen       total 349696K, used 349692K [0x00000000e0000000, 0x00000000f5580000, 0x00000000f5580000)
  object space 349696K, 99% used [0x00000000e0000000,0x00000000f557f398,0x00000000f5580000)
 Metaspace       used 81470K, committed 82496K, reserved 1130496K
  class space    used 7078K, committed 7552K, reserved 1048576K
}
Event: 3702.836 GC heap after
{Heap after GC invocations=3393 (full 3209):
 PSYoungGen      total 96768K, used 48639K [0x00000000f5580000, 0x00000000ff880000, 0x0000000100000000)
  eden space 48640K, 99% used [0x00000000f5580000,0x00000000f84fff90,0x00000000f8500000)
  from space 48128K, 0% used [0x00000000f8500000,0x00000000f8500000,0x00000000fb400000)
  to   space 57856K, 0% used [0x00000000fc000000,0x00000000fc000000,0x00000000ff880000)
 ParOldGen       total 349696K, used 349692K [0x00000000e0000000, 0x00000000f5580000, 0x00000000f5580000)
  object space 349696K, 99% used [0x00000000e0000000,0x00000000f557f398,0x00000000f5580000)
 Metaspace       used 81470K, committed 82496K, reserved 1130496K
  class space    used 7078K, committed 7552K, reserved 1048576K
}
Event: 3702.837 GC heap before
{Heap before GC invocations=3394 (full 3210):
 PSYoungGen      total 96768K, used 48640K [0x00000000f5580000, 0x00000000ff880000, 0x0000000100000000)
  eden space 48640K, 100% used [0x00000000f5580000,0x00000000f8500000,0x00000000f8500000)
  from space 48128K, 0% used [0x00000000f8500000,0x00000000f8500000,0x00000000fb400000)
  to   space 57856K, 0% used [0x00000000fc000000,0x00000000fc000000,0x00000000ff880000)
 ParOldGen       total 349696K, used 349695K [0x00000000e0000000, 0x00000000f5580000, 0x00000000f5580000)
  object space 349696K, 99% used [0x00000000e0000000,0x00000000f557ffd0,0x00000000f5580000)
 Metaspace       used 81470K, committed 82496K, reserved 1130496K
  class space    used 7078K, committed 7552K, reserved 1048576K
}
Event: 3703.261 GC heap after
{Heap after GC invocations=3394 (full 3210):
 PSYoungGen      total 106496K, used 48640K [0x00000000f5580000, 0x00000000ff880000, 0x0000000100000000)
  eden space 48640K, 100% used [0x00000000f5580000,0x00000000f8500000,0x00000000f8500000)
  from space 57856K, 0% used [0x00000000fc000000,0x00000000fc000000,0x00000000ff880000)
  to   space 48128K, 0% used [0x00000000f8500000,0x00000000f8500000,0x00000000fb400000)
 ParOldGen       total 349696K, used 349695K [0x00000000e0000000, 0x00000000f5580000, 0x00000000f5580000)
  object space 349696K, 99% used [0x00000000e0000000,0x00000000f557ff90,0x00000000f5580000)
 Metaspace       used 81470K, committed 82496K, reserved 1130496K
  class space    used 7078K, committed 7552K, reserved 1048576K
}
Event: 3703.261 GC heap before
{Heap before GC invocations=3395 (full 3211):
 PSYoungGen      total 106496K, used 48640K [0x00000000f5580000, 0x00000000ff880000, 0x0000000100000000)
  eden space 48640K, 100% used [0x00000000f5580000,0x00000000f8500000,0x00000000f8500000)
  from space 57856K, 0% used [0x00000000fc000000,0x00000000fc000000,0x00000000ff880000)
  to   space 48128K, 0% used [0x00000000f8500000,0x00000000f8500000,0x00000000fb400000)
 ParOldGen       total 349696K, used 349695K [0x00000000e0000000, 0x00000000f5580000, 0x00000000f5580000)
  object space 349696K, 99% used [0x00000000e0000000,0x00000000f557ff90,0x00000000f5580000)
 Metaspace       used 81470K, committed 82496K, reserved 1130496K
  class space    used 7078K, committed 7552K, reserved 1048576K
}
Event: 3703.802 GC heap after
{Heap after GC invocations=3395 (full 3211):
 PSYoungGen      total 96768K, used 48640K [0x00000000f5580000, 0x00000000ff880000, 0x0000000100000000)
  eden space 48640K, 100% used [0x00000000f5580000,0x00000000f8500000,0x00000000f8500000)
  from space 48128K, 0% used [0x00000000f8500000,0x00000000f8500000,0x00000000fb400000)
  to   space 57856K, 0% used [0x00000000fc000000,0x00000000fc000000,0x00000000ff880000)
 ParOldGen       total 349696K, used 349695K [0x00000000e0000000, 0x00000000f5580000, 0x00000000f5580000)
  object space 349696K, 99% used [0x00000000e0000000,0x00000000f557ff90,0x00000000f5580000)
 Metaspace       used 81470K, committed 82496K, reserved 1130496K
  class space    used 7078K, committed 7552K, reserved 1048576K
}
Event: 3703.802 GC heap before
{Heap before GC invocations=3396 (full 3212):
 PSYoungGen      total 96768K, used 48640K [0x00000000f5580000, 0x00000000ff880000, 0x0000000100000000)
  eden space 48640K, 100% used [0x00000000f5580000,0x00000000f8500000,0x00000000f8500000)
  from space 48128K, 0% used [0x00000000f8500000,0x00000000f8500000,0x00000000fb400000)
  to   space 57856K, 0% used [0x00000000fc000000,0x00000000fc000000,0x00000000ff880000)
 ParOldGen       total 349696K, used 349695K [0x00000000e0000000, 0x00000000f5580000, 0x00000000f5580000)
  object space 349696K, 99% used [0x00000000e0000000,0x00000000f557fff0,0x00000000f5580000)
 Metaspace       used 81470K, committed 82496K, reserved 1130496K
  class space    used 7078K, committed 7552K, reserved 1048576K
}
Event: 3704.235 GC heap after
{Heap after GC invocations=3396 (full 3212):
 PSYoungGen      total 106496K, used 48640K [0x00000000f5580000, 0x00000000ff880000, 0x0000000100000000)
  eden space 48640K, 100% used [0x00000000f5580000,0x00000000f8500000,0x00000000f8500000)
  from space 57856K, 0% used [0x00000000fc000000,0x00000000fc000000,0x00000000ff880000)
  to   space 48128K, 0% used [0x00000000f8500000,0x00000000f8500000,0x00000000fb400000)
 ParOldGen       total 349696K, used 349695K [0x00000000e0000000, 0x00000000f5580000, 0x00000000f5580000)
  object space 349696K, 99% used [0x00000000e0000000,0x00000000f557fff0,0x00000000f5580000)
 Metaspace       used 81470K, committed 82496K, reserved 1130496K
  class space    used 7078K, committed 7552K, reserved 1048576K
}
Event: 3704.235 GC heap before
{Heap before GC invocations=3397 (full 3213):
 PSYoungGen      total 106496K, used 48640K [0x00000000f5580000, 0x00000000ff880000, 0x0000000100000000)
  eden space 48640K, 100% used [0x00000000f5580000,0x00000000f8500000,0x00000000f8500000)
  from space 57856K, 0% used [0x00000000fc000000,0x00000000fc000000,0x00000000ff880000)
  to   space 48128K, 0% used [0x00000000f8500000,0x00000000f8500000,0x00000000fb400000)
 ParOldGen       total 349696K, used 349695K [0x00000000e0000000, 0x00000000f5580000, 0x00000000f5580000)
  object space 349696K, 99% used [0x00000000e0000000,0x00000000f557fff0,0x00000000f5580000)
 Metaspace       used 81470K, committed 82496K, reserved 1130496K
  class space    used 7078K, committed 7552K, reserved 1048576K
}
Event: 3704.735 GC heap after
{Heap after GC invocations=3397 (full 3213):
 PSYoungGen      total 96768K, used 48640K [0x00000000f5580000, 0x00000000ff880000, 0x0000000100000000)
  eden space 48640K, 100% used [0x00000000f5580000,0x00000000f8500000,0x00000000f8500000)
  from space 48128K, 0% used [0x00000000f8500000,0x00000000f8500000,0x00000000fb400000)
  to   space 57856K, 0% used [0x00000000fc000000,0x00000000fc000000,0x00000000ff880000)
 ParOldGen       total 349696K, used 349695K [0x00000000e0000000, 0x00000000f5580000, 0x00000000f5580000)
  object space 349696K, 99% used [0x00000000e0000000,0x00000000f557fff0,0x00000000f5580000)
 Metaspace       used 81470K, committed 82496K, reserved 1130496K
  class space    used 7078K, committed 7552K, reserved 1048576K
}
Event: 3704.735 GC heap before
{Heap before GC invocations=3398 (full 3214):
 PSYoungGen      total 96768K, used 48640K [0x00000000f5580000, 0x00000000ff880000, 0x0000000100000000)
  eden space 48640K, 100% used [0x00000000f5580000,0x00000000f8500000,0x00000000f8500000)
  from space 48128K, 0% used [0x00000000f8500000,0x00000000f8500000,0x00000000fb400000)
  to   space 57856K, 0% used [0x00000000fc000000,0x00000000fc000000,0x00000000ff880000)
 ParOldGen       total 349696K, used 349695K [0x00000000e0000000, 0x00000000f5580000, 0x00000000f5580000)
  object space 349696K, 99% used [0x00000000e0000000,0x00000000f557fff0,0x00000000f5580000)
 Metaspace       used 81470K, committed 82496K, reserved 1130496K
  class space    used 7078K, committed 7552K, reserved 1048576K
}
Event: 3705.169 GC heap after
{Heap after GC invocations=3398 (full 3214):
 PSYoungGen      total 106496K, used 48639K [0x00000000f5580000, 0x00000000ff880000, 0x0000000100000000)
  eden space 48640K, 99% used [0x00000000f5580000,0x00000000f84fffe0,0x00000000f8500000)
  from space 57856K, 0% used [0x00000000fc000000,0x00000000fc000000,0x00000000ff880000)
  to   space 48128K, 0% used [0x00000000f8500000,0x00000000f8500000,0x00000000fb400000)
 ParOldGen       total 349696K, used 349695K [0x00000000e0000000, 0x00000000f5580000, 0x00000000f5580000)
  object space 349696K, 99% used [0x00000000e0000000,0x00000000f557fff0,0x00000000f5580000)
 Metaspace       used 81470K, committed 82496K, reserved 1130496K
  class space    used 7078K, committed 7552K, reserved 1048576K
}
Event: 3705.169 GC heap before
{Heap before GC invocations=3399 (full 3215):
 PSYoungGen      total 106496K, used 48639K [0x00000000f5580000, 0x00000000ff880000, 0x0000000100000000)
  eden space 48640K, 99% used [0x00000000f5580000,0x00000000f84fffe0,0x00000000f8500000)
  from space 57856K, 0% used [0x00000000fc000000,0x00000000fc000000,0x00000000ff880000)
  to   space 48128K, 0% used [0x00000000f8500000,0x00000000f8500000,0x00000000fb400000)
 ParOldGen       total 349696K, used 349695K [0x00000000e0000000, 0x00000000f5580000, 0x00000000f5580000)
  object space 349696K, 99% used [0x00000000e0000000,0x00000000f557fff0,0x00000000f5580000)
 Metaspace       used 81470K, committed 82496K, reserved 1130496K
  class space    used 7078K, committed 7552K, reserved 1048576K
}
Event: 3705.672 GC heap after
{Heap after GC invocations=3399 (full 3215):
 PSYoungGen      total 96768K, used 48639K [0x00000000f5580000, 0x00000000ff880000, 0x0000000100000000)
  eden space 48640K, 99% used [0x00000000f5580000,0x00000000f84fffe0,0x00000000f8500000)
  from space 48128K, 0% used [0x00000000f8500000,0x00000000f8500000,0x00000000fb400000)
  to   space 57856K, 0% used [0x00000000fc000000,0x00000000fc000000,0x00000000ff880000)
 ParOldGen       total 349696K, used 349695K [0x00000000e0000000, 0x00000000f5580000, 0x00000000f5580000)
  object space 349696K, 99% used [0x00000000e0000000,0x00000000f557fff0,0x00000000f5580000)
 Metaspace       used 81470K, committed 82496K, reserved 1130496K
  class space    used 7078K, committed 7552K, reserved 1048576K
}
Event: 3705.674 GC heap before
{Heap before GC invocations=3400 (full 3216):
 PSYoungGen      total 96768K, used 48639K [0x00000000f5580000, 0x00000000ff880000, 0x0000000100000000)
  eden space 48640K, 99% used [0x00000000f5580000,0x00000000f84ffff8,0x00000000f8500000)
  from space 48128K, 0% used [0x00000000f8500000,0x00000000f8500000,0x00000000fb400000)
  to   space 57856K, 0% used [0x00000000fc000000,0x00000000fc000000,0x00000000ff880000)
 ParOldGen       total 349696K, used 349695K [0x00000000e0000000, 0x00000000f5580000, 0x00000000f5580000)
  object space 349696K, 99% used [0x00000000e0000000,0x00000000f557fff0,0x00000000f5580000)
 Metaspace       used 81470K, committed 82496K, reserved 1130496K
  class space    used 7078K, committed 7552K, reserved 1048576K
}
Event: 3706.189 GC heap after
{Heap after GC invocations=3400 (full 3216):
 PSYoungGen      total 106496K, used 48639K [0x00000000f5580000, 0x00000000ff880000, 0x0000000100000000)
  eden space 48640K, 99% used [0x00000000f5580000,0x00000000f84ffff8,0x00000000f8500000)
  from space 57856K, 0% used [0x00000000fc000000,0x00000000fc000000,0x00000000ff880000)
  to   space 48128K, 0% used [0x00000000f8500000,0x00000000f8500000,0x00000000fb400000)
 ParOldGen       total 349696K, used 349695K [0x00000000e0000000, 0x00000000f5580000, 0x00000000f5580000)
  object space 349696K, 99% used [0x00000000e0000000,0x00000000f557fff0,0x00000000f5580000)
 Metaspace       used 81470K, committed 82496K, reserved 1130496K
  class space    used 7078K, committed 7552K, reserved 1048576K
}
Event: 3706.189 GC heap before
{Heap before GC invocations=3401 (full 3217):
 PSYoungGen      total 106496K, used 48639K [0x00000000f5580000, 0x00000000ff880000, 0x0000000100000000)
  eden space 48640K, 99% used [0x00000000f5580000,0x00000000f84ffff8,0x00000000f8500000)
  from space 57856K, 0% used [0x00000000fc000000,0x00000000fc000000,0x00000000ff880000)
  to   space 48128K, 0% used [0x00000000f8500000,0x00000000f8500000,0x00000000fb400000)
 ParOldGen       total 349696K, used 349695K [0x00000000e0000000, 0x00000000f5580000, 0x00000000f5580000)
  object space 349696K, 99% used [0x00000000e0000000,0x00000000f557fff0,0x00000000f5580000)
 Metaspace       used 81470K, committed 82496K, reserved 1130496K
  class space    used 7078K, committed 7552K, reserved 1048576K
}
Event: 3706.690 GC heap after
{Heap after GC invocations=3401 (full 3217):
 PSYoungGen      total 96768K, used 48639K [0x00000000f5580000, 0x00000000ff880000, 0x0000000100000000)
  eden space 48640K, 99% used [0x00000000f5580000,0x00000000f84ffff8,0x00000000f8500000)
  from space 48128K, 0% used [0x00000000f8500000,0x00000000f8500000,0x00000000fb400000)
  to   space 57856K, 0% used [0x00000000fc000000,0x00000000fc000000,0x00000000ff880000)
 ParOldGen       total 349696K, used 349695K [0x00000000e0000000, 0x00000000f5580000, 0x00000000f5580000)
  object space 349696K, 99% used [0x00000000e0000000,0x00000000f557fff0,0x00000000f5580000)
 Metaspace       used 81470K, committed 82496K, reserved 1130496K
  class space    used 7078K, committed 7552K, reserved 1048576K
}

Dll operation events (9 events):
Event: 0.004 Loaded shared library /nix/store/gpxl5qgg8kicmcvivwmybwjlpf7wh20l-graalvm17-ce-22.3.0/lib/libjava.so
Event: 0.019 Loaded shared library /nix/store/gpxl5qgg8kicmcvivwmybwjlpf7wh20l-graalvm17-ce-22.3.0/lib/libjsvml.so
Event: 0.204 Loaded shared library /nix/store/gpxl5qgg8kicmcvivwmybwjlpf7wh20l-graalvm17-ce-22.3.0/lib/libnio.so
Event: 0.216 Loaded shared library /nix/store/gpxl5qgg8kicmcvivwmybwjlpf7wh20l-graalvm17-ce-22.3.0/lib/libzip.so
Event: 0.223 Loaded shared library /nix/store/gpxl5qgg8kicmcvivwmybwjlpf7wh20l-graalvm17-ce-22.3.0/lib/libjvmcicompiler.so
Event: 0.678 Loaded shared library /nix/store/gpxl5qgg8kicmcvivwmybwjlpf7wh20l-graalvm17-ce-22.3.0/lib/libjimage.so
Event: 1.327 Loaded shared library /nix/store/gpxl5qgg8kicmcvivwmybwjlpf7wh20l-graalvm17-ce-22.3.0/lib/libnet.so
Event: 5.215 Loaded shared library /home/runner/.cache/jdt-language-server/config/org.eclipse.equinox.launcher/org.eclipse.equinox.launcher.gtk.linux.x86_64_1.2.400.v20211117-0650/eclipse_11600.so
Event: 18.270 Loaded shared library /nix/store/gpxl5qgg8kicmcvivwmybwjlpf7wh20l-graalvm17-ce-22.3.0/lib/libextnet.so

Deoptimization events (20 events):
Event: 3345.322 Thread 0x00007fa04405b4b0 DEOPT PACKING pc=0x00007fa0c102b2db sp=0x00007fa0843fdce0
Event: 3345.322 Thread 0x00007fa04405b4b0 DEOPT UNPACKING pc=0x00007fa0bf505325 sp=0x00007fa0843fd1a0 mode 0
Event: 3348.790 Thread 0x00007fa07c006ff0 DEOPT PACKING pc=0x00007fa0c19c60ef sp=0x00007fa0bc1fe410
Event: 3348.790 Thread 0x00007fa07c006ff0 DEOPT UNPACKING pc=0x00007fa0bf505325 sp=0x00007fa0bc1fd938 mode 0
Event: 3348.847 Thread 0x00007fa07c006ff0 DEOPT PACKING pc=0x00007fa0c05736fe sp=0x00007fa0bc1fe3c0
Event: 3348.847 Thread 0x00007fa07c006ff0 DEOPT UNPACKING pc=0x00007fa0bf505325 sp=0x00007fa0bc1fd920 mode 0
Event: 3350.143 Thread 0x00007fa07c006ff0 DEOPT PACKING pc=0x00007fa0c1282d18 sp=0x00007fa0bc1fe530
Event: 3350.143 Thread 0x00007fa07c006ff0 DEOPT UNPACKING pc=0x00007fa0bf505325 sp=0x00007fa0bc1fdaf8 mode 0
Event: 3703.802 Thread 0x00007fa050023ed0 Uncommon trap: trap_request=0xffffff8f fr.pc=0x00007fa0c72f4c7e relative=0x0000000000000a1e
Event: 3703.802 Thread 0x00007fa050023ed0 Uncommon trap: reason=constraint action=none pc=0x00007fa0c72f4c7e method=org.eclipse.core.runtime.Path.computeLength()I @ 84 jvmci
Event: 3703.802 Thread 0x00007fa050023ed0 DEOPT PACKING pc=0x00007fa0c72f4c7e sp=0x00007fa0835fe840
Event: 3703.802 Thread 0x00007fa050023ed0 DEOPT UNPACKING pc=0x00007fa0bf505325 sp=0x00007fa0835fdc40 mode 3
Event: 3704.735 Thread 0x00007fa07c006ff0 Uncommon trap: trap_request=0xffffff8f fr.pc=0x00007fa0c720ed1f relative=0x00000000000011df
Event: 3704.735 Thread 0x00007fa07c006ff0 Uncommon trap: reason=constraint action=none pc=0x00007fa0c720ed1f method=org.eclipse.jdt.internal.core.index.DiskIndex.copyQueryResults(Lorg/eclipse/jdt/internal/compiler/util/HashtableOfObject;I)V @ 123 jvmci
Event: 3705.673 Thread 0x00007fa07c006ff0 DEOPT PACKING pc=0x00007fa0c720ed1f sp=0x00007fa0bc1fe360
Event: 3705.673 Thread 0x00007fa07c006ff0 DEOPT UNPACKING pc=0x00007fa0bf505325 sp=0x00007fa0bc1fd840 mode 3
Event: 3705.674 Thread 0x00007fa0d80d2d60 Uncommon trap: trap_request=0xffffff8f fr.pc=0x00007fa0c744d6b4 relative=0x0000000000000214
Event: 3705.674 Thread 0x00007fa0d80d2d60 Uncommon trap: reason=constraint action=none pc=0x00007fa0c744d6b4 method=java.util.HashMap$HashIterator.<init>(Ljava/util/HashMap;)V @ 78 jvmci
Event: 3706.691 Thread 0x00007fa0d80d2d60 DEOPT PACKING pc=0x00007fa0c744d6b4 sp=0x00007fa0bd617fc0
Event: 3706.691 Thread 0x00007fa0d80d2d60 DEOPT UNPACKING pc=0x00007fa0bf505325 sp=0x00007fa0bd617380 mode 1

Classes unloaded (20 events):
Event: 3355.837 Thread 0x00007fa0d80c2780 Unloading class 0x0000000801376000 'jdk/internal/reflect/GeneratedSerializationConstructorAccessor52'
Event: 3355.837 Thread 0x00007fa0d80c2780 Unloading class 0x0000000801375c00 'jdk/internal/reflect/GeneratedSerializationConstructorAccessor51'
Event: 3355.837 Thread 0x00007fa0d80c2780 Unloading class 0x0000000801374c00 'jdk/internal/reflect/GeneratedSerializationConstructorAccessor50'
Event: 3355.837 Thread 0x00007fa0d80c2780 Unloading class 0x0000000801374800 'jdk/internal/reflect/GeneratedSerializationConstructorAccessor49'
Event: 3355.837 Thread 0x00007fa0d80c2780 Unloading class 0x0000000801374400 'jdk/internal/reflect/GeneratedMethodAccessor40'
Event: 3355.837 Thread 0x00007fa0d80c2780 Unloading class 0x0000000801374000 'jdk/internal/reflect/GeneratedMethodAccessor39'
Event: 3355.837 Thread 0x00007fa0d80c2780 Unloading class 0x0000000801375400 'jdk/internal/reflect/GeneratedSerializationConstructorAccessor48'
Event: 3355.837 Thread 0x00007fa0d80c2780 Unloading class 0x0000000801375000 'jdk/internal/reflect/GeneratedSerializationConstructorAccessor47'
Event: 3355.837 Thread 0x00007fa0d80c2780 Unloading class 0x000000080130c400 'jdk/internal/reflect/GeneratedSerializationConstructorAccessor46'
Event: 3355.837 Thread 0x00007fa0d80c2780 Unloading class 0x00000008012f6400 'jdk/internal/reflect/GeneratedSerializationConstructorAccessor45'
Event: 3355.837 Thread 0x00007fa0d80c2780 Unloading class 0x00000008012f4800 'jdk/internal/reflect/GeneratedSerializationConstructorAccessor44'
Event: 3355.837 Thread 0x00007fa0d80c2780 Unloading class 0x00000008012ec000 'jdk/internal/reflect/GeneratedSerializationConstructorAccessor43'
Event: 3355.837 Thread 0x00007fa0d80c2780 Unloading class 0x0000000801173800 'jdk/internal/reflect/GeneratedSerializationConstructorAccessor42'
Event: 3355.837 Thread 0x00007fa0d80c2780 Unloading class 0x0000000801124000 'jdk/internal/reflect/GeneratedSerializationConstructorAccessor41'
Event: 3355.837 Thread 0x00007fa0d80c2780 Unloading class 0x0000000800d99000 'jdk/internal/reflect/GeneratedSerializationConstructorAccessor40'
Event: 3355.837 Thread 0x00007fa0d80c2780 Unloading class 0x0000000800d06800 'jdk/internal/reflect/GeneratedSerializationConstructorAccessor39'
Event: 3355.837 Thread 0x00007fa0d80c2780 Unloading class 0x0000000800d06000 'jdk/internal/reflect/GeneratedSerializationConstructorAccessor38'
Event: 3355.837 Thread 0x00007fa0d80c2780 Unloading class 0x0000000800d05000 'jdk/internal/reflect/GeneratedSerializationConstructorAccessor37'
Event: 3355.837 Thread 0x00007fa0d80c2780 Unloading class 0x0000000800d04000 'jdk/internal/reflect/GeneratedSerializationConstructorAccessor36'
Event: 3355.837 Thread 0x00007fa0d80c2780 Unloading class 0x0000000801274400 'jdk/internal/reflect/GeneratedConstructorAccessor72'

Classes redefined (0 events):
No events

Internal exceptions (20 events):
Event: 3344.871 Thread 0x00007fa0742e45f0 Implicit null exception at 0x00007fa0c0798b59 to 0x00007fa0c079a89a
Event: 3344.872 Thread 0x00007fa0742e45f0 Exception <a 'java/lang/NullPointerException'{0x00000000f6daaca0}> (0x00000000f6daaca0) 
thrown [src/hotspot/share/runtime/sharedRuntime.cpp, line 628]
Event: 3344.872 Thread 0x00007fa0742e45f0 Implicit null exception at 0x00007fa0c0798b59 to 0x00007fa0c079a89a
Event: 3344.872 Thread 0x00007fa0742e45f0 Exception <a 'java/lang/NullPointerException'{0x00000000f6daaf78}> (0x00000000f6daaf78) 
thrown [src/hotspot/share/runtime/sharedRuntime.cpp, line 628]
Event: 3344.872 Thread 0x00007fa0742e45f0 Implicit null exception at 0x00007fa0c0798b59 to 0x00007fa0c079a89a
Event: 3344.872 Thread 0x00007fa0742e45f0 Exception <a 'java/lang/NullPointerException'{0x00000000f6dab250}> (0x00000000f6dab250) 
thrown [src/hotspot/share/runtime/sharedRuntime.cpp, line 628]
Event: 3344.872 Thread 0x00007fa0742e45f0 Implicit null exception at 0x00007fa0c0798b59 to 0x00007fa0c079a89a
Event: 3344.872 Thread 0x00007fa0742e45f0 Exception <a 'java/lang/NullPointerException'{0x00000000f6dabc48}> (0x00000000f6dabc48) 
thrown [src/hotspot/share/runtime/sharedRuntime.cpp, line 628]
Event: 3344.872 Thread 0x00007fa0742e45f0 Implicit null exception at 0x00007fa0c0798b59 to 0x00007fa0c079a89a
Event: 3344.872 Thread 0x00007fa0742e45f0 Exception <a 'java/lang/NullPointerException'{0x00000000f6dabf20}> (0x00000000f6dabf20) 
thrown [src/hotspot/share/runtime/sharedRuntime.cpp, line 628]
Event: 3344.872 Thread 0x00007fa0742e45f0 Implicit null exception at 0x00007fa0c0798b59 to 0x00007fa0c079a89a
Event: 3344.872 Thread 0x00007fa0742e45f0 Exception <a 'java/lang/NullPointerException'{0x00000000f6e0d470}> (0x00000000f6e0d470) 
thrown [src/hotspot/share/runtime/sharedRuntime.cpp, line 628]
Event: 3703.802 Thread 0x00007fa050023ed0 Exception <a 'java/lang/OutOfMemoryError'{0x00000000e02e2380}> (0x00000000e02e2380) 
thrown [src/hotspot/share/gc/shared/memAllocator.cpp, line 138]
Event: 3703.802 Thread 0x00007fa050023ed0 Implicit null exception at 0x00007fa0c72f4879 to 0x00007fa0c72f4c63
Event: 3704.735 Thread 0x00007fa07c006ff0 Exception <a 'java/lang/OutOfMemoryError'{0x00000000e02e2380}> (0x00000000e02e2380) 
thrown [src/hotspot/share/gc/shared/memAllocator.cpp, line 138]
Event: 3704.735 Thread 0x00007fa07c006ff0 Implicit null exception at 0x00007fa0c720e773 to 0x00007fa0c720ed04
Event: 3705.674 Thread 0x00007fa0d80d2d60 Exception <a 'java/lang/OutOfMemoryError'{0x00000000e02e2380}> (0x00000000e02e2380) 
thrown [src/hotspot/share/gc/shared/memAllocator.cpp, line 138]
Event: 3705.674 Thread 0x00007fa0d80d2d60 Implicit null exception at 0x00007fa0c744d62d to 0x00007fa0c744d699
Event: 3706.691 Thread 0x00007fa0d80d2d60 Exception <a 'java/lang/OutOfMemoryError'{0x00000000e02e26a0}> (0x00000000e02e26a0) 
thrown [src/hotspot/share/gc/shared/memAllocator.cpp, line 136]
Event: 3706.691 Thread 0x00007fa0d80d2d60 Exception <a 'java/lang/OutOfMemoryError'{0x00000000e02e2400}> (0x00000000e02e2400) 
thrown [src/hotspot/share/runtime/deoptimization.cpp, line 1108]

VM Operations (20 events):
Event: 3700.427 Executing VM operation: ParallelGCFailedAllocation done
Event: 3700.427 Executing VM operation: ParallelGCFailedAllocation
Event: 3700.912 Executing VM operation: ParallelGCFailedAllocation done
Event: 3700.913 Executing VM operation: ParallelGCFailedAllocation
Event: 3701.390 Executing VM operation: ParallelGCFailedAllocation done
Event: 3701.390 Executing VM operation: ParallelGCFailedAllocation
Event: 3701.870 Executing VM operation: ParallelGCFailedAllocation done
Event: 3701.870 Executing VM operation: ParallelGCFailedAllocation
Event: 3702.340 Executing VM operation: ParallelGCFailedAllocation done
Event: 3702.340 Executing VM operation: ParallelGCFailedAllocation
Event: 3702.837 Executing VM operation: ParallelGCFailedAllocation done
Event: 3702.837 Executing VM operation: ParallelGCFailedAllocation
Event: 3703.802 Executing VM operation: ParallelGCFailedAllocation done
Event: 3703.802 Executing VM operation: ParallelGCFailedAllocation
Event: 3704.735 Executing VM operation: ParallelGCFailedAllocation done
Event: 3704.735 Executing VM operation: ParallelGCFailedAllocation
Event: 3705.672 Executing VM operation: ParallelGCFailedAllocation done
Event: 3705.674 Executing VM operation: ParallelGCFailedAllocation
Event: 3706.691 Executing VM operation: ParallelGCFailedAllocation done
Event: 3706.691 Executing VM operation: ParallelGCFailedAllocation

Events (20 events):
Event: 3344.753 Thread 0x00007fa0d80d56c0 flushing nmethod 0x00007fa0c7376f90
Event: 3344.754 Thread 0x00007fa0d80d56c0 flushing nmethod 0x00007fa0c7454590
Event: 3344.754 Thread 0x00007fa0d80d56c0 flushing nmethod 0x00007fa0c748b990
Event: 3344.754 Thread 0x00007fa0d80d56c0 flushing nmethod 0x00007fa0c7494f90
Event: 3344.754 Thread 0x00007fa0d80d56c0 flushing nmethod 0x00007fa0c74fc710
Event: 3344.754 Thread 0x00007fa0d80d56c0 flushing nmethod 0x00007fa0c7541990
Event: 3344.754 Thread 0x00007fa0d80d56c0 flushing nmethod 0x00007fa0c7542910
Event: 3344.755 Thread 0x00007fa0d80d56c0 flushing nmethod 0x00007fa0c75d1690
Event: 3344.757 Thread 0x00007fa0d80d56c0 flushing nmethod 0x00007fa0bfcb0790
Event: 3344.775 Thread 0x00007fa0d80d56c0 flushing nmethod 0x00007fa0c076c790
Event: 3344.819 Thread 0x00007fa0d80d56c0 flushing nmethod 0x00007fa0c0b73c90
Event: 3344.819 Thread 0x00007fa0d80d56c0 flushing nmethod 0x00007fa0c0c4e790
Event: 3344.820 Thread 0x00007fa0d80d56c0 flushing nmethod 0x00007fa0c0ca8590
Event: 3344.824 Thread 0x00007fa0d80d56c0 flushing nmethod 0x00007fa0c11bbe10
Event: 3344.826 Thread 0x00007fa0d80d56c0 flushing nmethod 0x00007fa0c147a510
Event: 3344.826 Thread 0x00007fa0d80d56c0 flushing nmethod 0x00007fa0c1484b90
Event: 3344.829 Thread 0x00007fa0d80d56c0 flushing nmethod 0x00007fa0c1871d90
Event: 3405.869 Thread 0x00007fa050020a50 Thread exited: 0x00007fa050020a50
Event: 3411.780 Thread 0x00007fa0742e45f0 Thread exited: 0x00007fa0742e45f0
Event: 3413.572 Thread 0x00007fa04405b4b0 Thread exited: 0x00007fa04405b4b0


Dynamic libraries:
e0000000-f3800000 rw-p 00000000 00:00 0 
f3800000-ff880000 rw-p 00000000 00:00 0 
ff880000-100000000 ---p 00000000 00:00 0 
800000000-800449000 rw-p 00001000 00:1248 4611686019135357769            /nix/store/gpxl5qgg8kicmcvivwmybwjlpf7wh20l-graalvm17-ce-22.3.0/lib/server/classes.jsa
800449000-800bc8000 r--p 0044a000 00:1248 4611686019135357769            /nix/store/gpxl5qgg8kicmcvivwmybwjlpf7wh20l-graalvm17-ce-22.3.0/lib/server/classes.jsa
800bc8000-800c00000 ---p 00000000 00:00 0 
800c00000-800c10000 rw-p 00000000 00:00 0 
800c10000-800c30000 rw-p 00000000 00:00 0 
800c30000-800cb0000 rw-p 00000000 00:00 0 
800cb0000-800cf0000 rw-p 00000000 00:00 0 
800cf0000-800db0000 rw-p 00000000 00:00 0 
800db0000-800df0000 rw-p 00000000 00:00 0 
800df0000-800f30000 rw-p 00000000 00:00 0 
800f30000-800fb0000 rw-p 00000000 00:00 0 
800fb0000-800ff0000 rw-p 00000000 00:00 0 
800ff0000-8011b0000 rw-p 00000000 00:00 0 
8011b0000-8011e0000 rw-p 00000000 00:00 0 
8011e0000-801200000 ---p 00000000 00:00 0 
801200000-801380000 rw-p 00000000 00:00 0 
801380000-840c00000 ---p 00000000 00:00 0 
55c94dea0000-55c94dea1000 r-xp 00000000 00:1248 4611686019099417844      /nix/store/gpxl5qgg8kicmcvivwmybwjlpf7wh20l-graalvm17-ce-22.3.0/bin/.java-wrapped
55c94dea2000-55c94dea3000 r--p 00001000 00:1248 4611686019099417844      /nix/store/gpxl5qgg8kicmcvivwmybwjlpf7wh20l-graalvm17-ce-22.3.0/bin/.java-wrapped
55c94dea3000-55c94dea4000 rw-p 00002000 00:1248 4611686019099417844      /nix/store/gpxl5qgg8kicmcvivwmybwjlpf7wh20l-graalvm17-ce-22.3.0/bin/.java-wrapped
55c94dea4000-55c94dea5000 rw-p 00004000 00:1248 4611686019099417844      /nix/store/gpxl5qgg8kicmcvivwmybwjlpf7wh20l-graalvm17-ce-22.3.0/bin/.java-wrapped
55c94dea5000-55c94dea6000 rw-p 00005000 00:1248 4611686019099417844      /nix/store/gpxl5qgg8kicmcvivwmybwjlpf7wh20l-graalvm17-ce-22.3.0/bin/.java-wrapped
55c94fdb1000-55c94fdf9000 rw-p 00000000 00:00 0                          [heap]
7fa000000000-7fa00004e000 rw-p 00000000 00:00 0 
7fa00004e000-7fa004000000 ---p 00000000 00:00 0 
7fa008000000-7fa008023000 rw-p 00000000 00:00 0 
7fa008023000-7fa00c000000 ---p 00000000 00:00 0 
7fa00c000000-7fa00c021000 rw-p 00000000 00:00 0 
7fa00c021000-7fa010000000 ---p 00000000 00:00 0 
7fa010000000-7fa010085000 rw-p 00000000 00:00 0 
7fa010085000-7fa014000000 ---p 00000000 00:00 0 
7fa014000000-7fa014030000 rw-p 00000000 00:00 0 
7fa014030000-7fa018000000 ---p 00000000 00:00 0 
7fa01c000000-7fa01c154000 rw-p 00000000 00:00 0 
7fa01c154000-7fa020000000 ---p 00000000 00:00 0 
7fa020000000-7fa020021000 rw-p 00000000 00:00 0 
7fa020021000-7fa024000000 ---p 00000000 00:00 0 
7fa024000000-7fa024100000 rw-p 00000000 00:00 0 
7fa024100000-7fa028000000 ---p 00000000 00:00 0 
7fa028800000-7fa028890000 rw-p 00000000 00:00 0 
7fa028890000-7fa0288a0000 ---p 00000000 00:00 0 
7fa0288a0000-7fa0288f0000 rw-p 00000000 00:00 0 
7fa0288f0000-7fa028920000 rw-p 00000000 00:00 0 
7fa028920000-7fa028a00000 ---p 00000000 00:00 0 
7fa028a00000-7fa028a20000 rw-p 00000000 00:00 0 
7fa028a20000-7fa029000000 ---p 00000000 00:00 0 
7fa029000000-7fa029290000 rw-p 00000000 00:00 0 
7fa029290000-7fa0296f0000 rw-p 00000000 00:00 0 
7fa0296f0000-7fa0297f0000 rw-p 00000000 00:00 0 
7fa0297f0000-7fa02a000000 rw-p 00000000 00:00 0 
7fa02a4b3000-7fa034000000 r--s 00000000 00:1248 4611686019135192581      /nix/store/gpxl5qgg8kicmcvivwmybwjlpf7wh20l-graalvm17-ce-22.3.0/lib/modules
7fa034000000-7fa034031000 rw-p 00000000 00:00 0 
7fa034031000-7fa038000000 ---p 00000000 00:00 0 
7fa038400000-7fa038c00000 rw-p 00000000 00:00 0 
7fa038e00000-7fa038f00000 ---p 00000000 00:00 0 
7fa038f00000-7fa0394af000 r--p 01122000 00:1248 4611686019135190040      /nix/store/gpxl5qgg8kicmcvivwmybwjlpf7wh20l-graalvm17-ce-22.3.0/lib/libjvmcicompiler.so
7fa0394af000-7fa039600000 r--p 00000000 00:00 0 
7fa039600000-7fa03963d000 rw-p 00000000 00:00 0 
7fa03963d000-7fa039b5d000 rw-p 0185f000 00:1248 4611686019135190040      /nix/store/gpxl5qgg8kicmcvivwmybwjlpf7wh20l-graalvm17-ce-22.3.0/lib/libjvmcicompiler.so
7fa039b5d000-7fa039f44000 r--p 01d7f000 00:1248 4611686019135190040      /nix/store/gpxl5qgg8kicmcvivwmybwjlpf7wh20l-graalvm17-ce-22.3.0/lib/libjvmcicompiler.so
7fa03a000000-7fa03a2f0000 rw-p 00000000 00:00 0 
7fa03a2f0000-7fa03a3f0000 rw-p 00000000 00:00 0 
7fa03a3f0000-7fa03a800000 rw-p 00000000 00:00 0 
7fa03b000000-7fa03b4f0000 rw-p 00000000 00:00 0 
7fa03b4f0000-7fa03b5f0000 rw-p 00000000 00:00 0 
7fa03b5f0000-7fa03b7f0000 rw-p 00000000 00:00 0 
7fa03b7f0000-7fa03b8b0000 rw-p 00000000 00:00 0 
7fa03b8b0000-7fa03b8f0000 rw-p 00000000 00:00 0 
7fa03b8f0000-7fa03baf0000 rw-p 00000000 00:00 0 
7fa03baf0000-7fa03bbd0000 rw-p 00000000 00:00 0 
7fa03bbd0000-7fa03bcf0000 rw-p 00000000 00:00 0 
7fa03bcf0000-7fa03bdf0000 rw-p 00000000 00:00 0 
7fa03bdf0000-7fa03bef0000 rw-p 00000000 00:00 0 
7fa03bef0000-7fa03c000000 rw-p 00000000 00:00 0 
7fa03c000000-7fa03c021000 rw-p 00000000 00:00 0 
7fa03c021000-7fa040000000 ---p 00000000 00:00 0 
7fa040000000-7fa040143000 rw-p 00000000 00:00 0 
7fa040143000-7fa044000000 ---p 00000000 00:00 0 
7fa044000000-7fa0440cb000 rw-p 00000000 00:00 0 
7fa0440cb000-7fa048000000 ---p 00000000 00:00 0 
7fa048000000-7fa048021000 rw-p 00000000 00:00 0 
7fa048021000-7fa04c000000 ---p 00000000 00:00 0 
7fa04c000000-7fa04c1c7000 rw-p 00000000 00:00 0 
7fa04c1c7000-7fa050000000 ---p 00000000 00:00 0 
7fa050000000-7fa050492000 rw-p 00000000 00:00 0 
7fa050492000-7fa054000000 ---p 00000000 00:00 0 
7fa054000000-7fa05410b000 rw-p 00000000 00:00 0 
7fa05410b000-7fa058000000 ---p 00000000 00:00 0 
7fa058000000-7fa058021000 rw-p 00000000 00:00 0 
7fa058021000-7fa05c000000 ---p 00000000 00:00 0 
7fa05c000000-7fa05c062000 rw-p 00000000 00:00 0 
7fa05c062000-7fa060000000 ---p 00000000 00:00 0 
7fa060000000-7fa060021000 rw-p 00000000 00:00 0 
7fa060021000-7fa064000000 ---p 00000000 00:00 0 
7fa064000000-7fa064902000 rw-p 00000000 00:00 0 
7fa064902000-7fa068000000 ---p 00000000 00:00 0 
7fa068000000-7fa0680f1000 rw-p 00000000 00:00 0 
7fa0680f1000-7fa06c000000 ---p 00000000 00:00 0 
7fa06c000000-7fa06c021000 rw-p 00000000 00:00 0 
7fa06c021000-7fa070000000 ---p 00000000 00:00 0 
7fa070000000-7fa070021000 rw-p 00000000 00:00 0 
7fa070021000-7fa074000000 ---p 00000000 00:00 0 
7fa074000000-7fa0742f0000 rw-p 00000000 00:00 0 
7fa0742f0000-7fa078000000 ---p 00000000 00:00 0 
7fa078000000-7fa078536000 rw-p 00000000 00:00 0 
7fa078536000-7fa07c000000 ---p 00000000 00:00 0 
7fa07c000000-7fa07c31d000 rw-p 00000000 00:00 0 
7fa07c31d000-7fa080000000 ---p 00000000 00:00 0 
7fa080000000-7fa0800f0000 rw-p 00000000 00:00 0 
7fa0800f0000-7fa0801f0000 rw-p 00000000 00:00 0 
7fa0801f0000-7fa0807f0000 rw-p 00000000 00:00 0 
7fa0807f0000-7fa0808f0000 rw-p 00000000 00:00 0 
7fa0808f0000-7fa0809f0000 rw-p 00000000 00:00 0 
7fa0809f0000-7fa080f30000 rw-p 00000000 00:00 0 
7fa080f30000-7fa080f70000 rw-p 00000000 00:00 0 
7fa080f70000-7fa081000000 rw-p 00000000 00:00 0 
7fa081000000-7fa081010000 r-xp 00000000 00:1238 366                      /home/runner/.cache/jdt-language-server/config/org.eclipse.equinox.launcher/org.eclipse.equinox.launcher.gtk.linux.x86_64_1.2.400.v20211117-0650/eclipse_11600.so
7fa081010000-7fa08120f000 ---p 00010000 00:1238 366                      /home/runner/.cache/jdt-language-server/config/org.eclipse.equinox.launcher/org.eclipse.equinox.launcher.gtk.linux.x86_64_1.2.400.v20211117-0650/eclipse_11600.so
7fa08120f000-7fa081210000 r--p 0000f000 00:1238 366                      /home/runner/.cache/jdt-language-server/config/org.eclipse.equinox.launcher/org.eclipse.equinox.launcher.gtk.linux.x86_64_1.2.400.v20211117-0650/eclipse_11600.so
7fa081210000-7fa081211000 rw-p 00010000 00:1238 366                      /home/runner/.cache/jdt-language-server/config/org.eclipse.equinox.launcher/org.eclipse.equinox.launcher.gtk.linux.x86_64_1.2.400.v20211117-0650/eclipse_11600.so
7fa0822fe000-7fa0822ff000 ---p 00000000 00:00 0 
7fa0822ff000-7fa082400000 rw-p 00000000 00:00 0 
7fa083500000-7fa083504000 ---p 00000000 00:00 0 
7fa083504000-7fa083600000 rw-p 00000000 00:00 0 
7fa083700000-7fa083704000 ---p 00000000 00:00 0 
7fa083704000-7fa083800000 rw-p 00000000 00:00 0 
7fa083900000-7fa083904000 ---p 00000000 00:00 0 
7fa083904000-7fa083a00000 rw-p 00000000 00:00 0 
7fa083b00000-7fa083b04000 ---p 00000000 00:00 0 
7fa083b04000-7fa083c00000 rw-p 00000000 00:00 0 
7fa083d00000-7fa083d04000 ---p 00000000 00:00 0 
7fa083d04000-7fa083e00000 rw-p 00000000 00:00 0 
7fa083e00000-7fa083e04000 ---p 00000000 00:00 0 
7fa083e04000-7fa083f00000 rw-p 00000000 00:00 0 
7fa083f00000-7fa083f04000 ---p 00000000 00:00 0 
7fa083f04000-7fa084000000 rw-p 00000000 00:00 0 
7fa084000000-7fa084004000 ---p 00000000 00:00 0 
7fa084004000-7fa084100000 rw-p 00000000 00:00 0 
7fa084100000-7fa084104000 ---p 00000000 00:00 0 
7fa084104000-7fa084200000 rw-p 00000000 00:00 0 
7fa084300000-7fa084304000 ---p 00000000 00:00 0 
7fa084304000-7fa084400000 rw-p 00000000 00:00 0 
7fa084500000-7fa084504000 ---p 00000000 00:00 0 
7fa084504000-7fa084600000 rw-p 00000000 00:00 0 
7fa084700000-7fa084704000 ---p 00000000 00:00 0 
7fa084704000-7fa084800000 rw-p 00000000 00:00 0 
7fa084900000-7fa084904000 ---p 00000000 00:00 0 
7fa084904000-7fa084a00000 rw-p 00000000 00:00 0 
7fa0857a9000-7fa085b00000 rw-p 00000000 00:00 0 
7fa085c00000-7fa087d6a000 r-xp 00000000 00:1248 4611686019135190040      /nix/store/gpxl5qgg8kicmcvivwmybwjlpf7wh20l-graalvm17-ce-22.3.0/lib/libjvmcicompiler.so
7fa087d6a000-7fa087f69000 ---p 0216a000 00:1248 4611686019135190040      /nix/store/gpxl5qgg8kicmcvivwmybwjlpf7wh20l-graalvm17-ce-22.3.0/lib/libjvmcicompiler.so
7fa087f69000-7fa087f6a000 r--p 02169000 00:1248 4611686019135190040      /nix/store/gpxl5qgg8kicmcvivwmybwjlpf7wh20l-graalvm17-ce-22.3.0/lib/libjvmcicompiler.so
7fa087f6a000-7fa087f6c000 rw-p 0216a000 00:1248 4611686019135190040      /nix/store/gpxl5qgg8kicmcvivwmybwjlpf7wh20l-graalvm17-ce-22.3.0/lib/libjvmcicompiler.so
7fa087f6c000-7fa087f6d000 rw-p 00000000 00:00 0 
7fa087f6d000-7fa087f72000 rw-p 023c3000 00:1248 4611686019135190040      /nix/store/gpxl5qgg8kicmcvivwmybwjlpf7wh20l-graalvm17-ce-22.3.0/lib/libjvmcicompiler.so
7fa088000000-7fa088021000 rw-p 00000000 00:00 0 
7fa088021000-7fa08c000000 ---p 00000000 00:00 0 
7fa08c000000-7fa08c021000 rw-p 00000000 00:00 0 
7fa08c021000-7fa090000000 ---p 00000000 00:00 0 
7fa090000000-7fa0901b9000 rw-p 00000000 00:00 0 
7fa0901b9000-7fa094000000 ---p 00000000 00:00 0 
7fa094000000-7fa094021000 rw-p 00000000 00:00 0 
7fa094021000-7fa098000000 ---p 00000000 00:00 0 
7fa098000000-7fa0982df000 rw-p 00000000 00:00 0 
7fa0982df000-7fa09c000000 ---p 00000000 00:00 0 
7fa09c000000-7fa09cd4c000 rw-p 00000000 00:00 0 
7fa09cd4c000-7fa0a0000000 ---p 00000000 00:00 0 
7fa0a0000000-7fa0a0021000 rw-p 00000000 00:00 0 
7fa0a0021000-7fa0a4000000 ---p 00000000 00:00 0 
7fa0a4000000-7fa0a4021000 rw-p 00000000 00:00 0 
7fa0a4021000-7fa0a8000000 ---p 00000000 00:00 0 
7fa0a8000000-7fa0a8021000 rw-p 00000000 00:00 0 
7fa0a8021000-7fa0ac000000 ---p 00000000 00:00 0 
7fa0ac000000-7fa0ac021000 rw-p 00000000 00:00 0 
7fa0ac021000-7fa0b0000000 ---p 00000000 00:00 0 
7fa0b0000000-7fa0b0021000 rw-p 00000000 00:00 0 
7fa0b0021000-7fa0b4000000 ---p 00000000 00:00 0 
7fa0b4000000-7fa0b4021000 rw-p 00000000 00:00 0 
7fa0b4021000-7fa0b8000000 ---p 00000000 00:00 0 
7fa0b8000000-7fa0b80f4000 rw-p 00000000 00:00 0 
7fa0b80f4000-7fa0bc000000 ---p 00000000 00:00 0 
7fa0bc000000-7fa0bc004000 ---p 00000000 00:00 0 
7fa0bc004000-7fa0bc100000 rw-p 00000000 00:00 0 
7fa0bc100000-7fa0bc104000 ---p 00000000 00:00 0 
7fa0bc104000-7fa0bc200000 rw-p 00000000 00:00 0 
7fa0bc200000-7fa0bc204000 ---p 00000000 00:00 0 
7fa0bc204000-7fa0bc300000 rw-p 00000000 00:00 0 
7fa0bc300000-7fa0bc304000 ---p 00000000 00:00 0 
7fa0bc304000-7fa0bc400000 rw-p 00000000 00:00 0 
7fa0bc400000-7fa0bc404000 ---p 00000000 00:00 0 
7fa0bc404000-7fa0bc500000 rw-p 00000000 00:00 0 
7fa0bc500000-7fa0bc504000 ---p 00000000 00:00 0 
7fa0bc504000-7fa0bc600000 rw-p 00000000 00:00 0 
7fa0bc600000-7fa0bc604000 ---p 00000000 00:00 0 
7fa0bc604000-7fa0bc700000 rw-p 00000000 00:00 0 
7fa0bc700000-7fa0bc704000 ---p 00000000 00:00 0 
7fa0bc704000-7fa0bc800000 rw-p 00000000 00:00 0 
7fa0bc800000-7fa0bc804000 ---p 00000000 00:00 0 
7fa0bc804000-7fa0bc900000 rw-p 00000000 00:00 0 
7fa0bca00000-7fa0bca04000 ---p 00000000 00:00 0 
7fa0bca04000-7fa0bcb00000 rw-p 00000000 00:00 0 
7fa0bcc00000-7fa0bcc04000 ---p 00000000 00:00 0 
7fa0bcc04000-7fa0bcd00000 rw-p 00000000 00:00 0 
7fa0bcd18000-7fa0bcd1c000 ---p 00000000 00:00 0 
7fa0bcd1c000-7fa0bce18000 rw-p 00000000 00:00 0 
7fa0bce18000-7fa0bce19000 ---p 00000000 00:00 0 
7fa0bce19000-7fa0bcf1a000 rw-p 00000000 00:00 0 
7fa0bcf1a000-7fa0bcf1e000 ---p 00000000 00:00 0 
7fa0bcf1e000-7fa0bd01a000 rw-p 00000000 00:00 0 
7fa0bd01a000-7fa0bd01e000 ---p 00000000 00:00 0 
7fa0bd01e000-7fa0bd11a000 rw-p 00000000 00:00 0 
7fa0bd11a000-7fa0bd11e000 ---p 00000000 00:00 0 
7fa0bd11e000-7fa0bd21a000 rw-p 00000000 00:00 0 
7fa0bd21a000-7fa0bd21e000 ---p 00000000 00:00 0 
7fa0bd21e000-7fa0bd41a000 rw-p 00000000 00:00 0 
7fa0bd41a000-7fa0bd41e000 ---p 00000000 00:00 0 
7fa0bd41e000-7fa0bd61a000 rw-p 00000000 00:00 0 
7fa0bd61a000-7fa0bd61e000 ---p 00000000 00:00 0 
7fa0bd61e000-7fa0bd71a000 rw-p 00000000 00:00 0 
7fa0bd71a000-7fa0bd71e000 ---p 00000000 00:00 0 
7fa0bd71e000-7fa0bd81a000 rw-p 00000000 00:00 0 
7fa0bd81a000-7fa0bd81e000 ---p 00000000 00:00 0 
7fa0bd81e000-7fa0bd91a000 rw-p 00000000 00:00 0 
7fa0bd91a000-7fa0bdc00000 r--p 00000000 00:122c 28444448                 /usr/lib/locale/locale-archive
7fa0bdc00000-7fa0bdff0000 rw-p 00000000 00:00 0 
7fa0bdff0000-7fa0be1f0000 rw-p 00000000 00:00 0 
7fa0be1f0000-7fa0be2f0000 rw-p 00000000 00:00 0 
7fa0be2f0000-7fa0be400000 rw-p 00000000 00:00 0 
7fa0be4b3000-7fa0bf4b3000 rw-p 00000000 00:00 0 
7fa0bf4b3000-7fa0bf723000 rwxp 00000000 00:00 0 
7fa0bf723000-7fa0bfa42000 ---p 00000000 00:00 0 
7fa0bfa42000-7fa0c1da2000 rwxp 00000000 00:00 0 
7fa0c1da2000-7fa0c6f7a000 ---p 00000000 00:00 0 
7fa0c6f7a000-7fa0c770a000 rwxp 00000000 00:00 0 
7fa0c770a000-7fa0ce4b3000 ---p 00000000 00:00 0 
7fa0ce4b3000-7fa0d8000000 r--s 00000000 00:1248 4611686019135192581      /nix/store/gpxl5qgg8kicmcvivwmybwjlpf7wh20l-graalvm17-ce-22.3.0/lib/modules
7fa0d8000000-7fa0d8663000 rw-p 00000000 00:00 0 
7fa0d8663000-7fa0dc000000 ---p 00000000 00:00 0 
7fa0dc028000-7fa0dc02a000 r-xp 00000000 00:1248 4611686019135190017      /nix/store/gpxl5qgg8kicmcvivwmybwjlpf7wh20l-graalvm17-ce-22.3.0/lib/libextnet.so
7fa0dc02a000-7fa0dc02b000 r--p 00001000 00:1248 4611686019135190017      /nix/store/gpxl5qgg8kicmcvivwmybwjlpf7wh20l-graalvm17-ce-22.3.0/lib/libextnet.so
7fa0dc02b000-7fa0dc02c000 rw-p 00002000 00:1248 4611686019135190017      /nix/store/gpxl5qgg8kicmcvivwmybwjlpf7wh20l-graalvm17-ce-22.3.0/lib/libextnet.so
7fa0dc02c000-7fa0dc02d000 rw-p 00004000 00:1248 4611686019135190017      /nix/store/gpxl5qgg8kicmcvivwmybwjlpf7wh20l-graalvm17-ce-22.3.0/lib/libextnet.so
7fa0dc02d000-7fa0dc031000 ---p 00000000 00:00 0 
7fa0dc031000-7fa0dc04f000 rw-p 00000000 00:00 0 
7fa0dc04f000-7fa0dc056000 r-xp 00000000 00:1248 4611686019135192580      /nix/store/gpxl5qgg8kicmcvivwmybwjlpf7wh20l-graalvm17-ce-22.3.0/lib/libzip.so
7fa0dc056000-7fa0dc057000 ---p 00007000 00:1248 4611686019135192580      /nix/store/gpxl5qgg8kicmcvivwmybwjlpf7wh20l-graalvm17-ce-22.3.0/lib/libzip.so
7fa0dc057000-7fa0dc058000 r--p 00007000 00:1248 4611686019135192580      /nix/store/gpxl5qgg8kicmcvivwmybwjlpf7wh20l-graalvm17-ce-22.3.0/lib/libzip.so
7fa0dc058000-7fa0dc059000 rw-p 00008000 00:1248 4611686019135192580      /nix/store/gpxl5qgg8kicmcvivwmybwjlpf7wh20l-graalvm17-ce-22.3.0/lib/libzip.so
7fa0dc059000-7fa0dc05b000 rw-p 0000b000 00:1248 4611686019135192580      /nix/store/gpxl5qgg8kicmcvivwmybwjlpf7wh20l-graalvm17-ce-22.3.0/lib/libzip.so
7fa0dc05b000-7fa0dc070000 r-xp 00000000 00:1248 4611686019135192570      /nix/store/gpxl5qgg8kicmcvivwmybwjlpf7wh20l-graalvm17-ce-22.3.0/lib/libnet.so
7fa0dc070000-7fa0dc071000 ---p 00015000 00:1248 4611686019135192570      /nix/store/gpxl5qgg8kicmcvivwmybwjlpf7wh20l-graalvm17-ce-22.3.0/lib/libnet.so
7fa0dc071000-7fa0dc072000 r--p 00015000 00:1248 4611686019135192570      /nix/store/gpxl5qgg8kicmcvivwmybwjlpf7wh20l-graalvm17-ce-22.3.0/lib/libnet.so
7fa0dc072000-7fa0dc073000 rw-p 00016000 00:1248 4611686019135192570      /nix/store/gpxl5qgg8kicmcvivwmybwjlpf7wh20l-graalvm17-ce-22.3.0/lib/libnet.so
7fa0dc073000-7fa0dc076000 rw-p 0001b000 00:1248 4611686019135192570      /nix/store/gpxl5qgg8kicmcvivwmybwjlpf7wh20l-graalvm17-ce-22.3.0/lib/libnet.so
7fa0dc076000-7fa0dc089000 r-xp 00000000 00:1248 4611686019135192571      /nix/store/gpxl5qgg8kicmcvivwmybwjlpf7wh20l-graalvm17-ce-22.3.0/lib/libnio.so
7fa0dc089000-7fa0dc08a000 r--p 00012000 00:1248 4611686019135192571      /nix/store/gpxl5qgg8kicmcvivwmybwjlpf7wh20l-graalvm17-ce-22.3.0/lib/libnio.so
7fa0dc08a000-7fa0dc08b000 rw-p 00013000 00:1248 4611686019135192571      /nix/store/gpxl5qgg8kicmcvivwmybwjlpf7wh20l-graalvm17-ce-22.3.0/lib/libnio.so
7fa0dc08b000-7fa0dc090000 rw-p 00019000 00:1248 4611686019135192571      /nix/store/gpxl5qgg8kicmcvivwmybwjlpf7wh20l-graalvm17-ce-22.3.0/lib/libnio.so
7fa0dc090000-7fa0dc094000 ---p 00000000 00:00 0 
7fa0dc094000-7fa0dc190000 rw-p 00000000 00:00 0 
7fa0dc190000-7fa0dc194000 ---p 00000000 00:00 0 
7fa0dc194000-7fa0dc290000 rw-p 00000000 00:00 0 
7fa0dc290000-7fa0dc291000 ---p 00000000 00:00 0 
7fa0dc291000-7fa0dc392000 rw-p 00000000 00:00 0 
7fa0dc392000-7fa0dc460000 r-xp 00000000 00:1248 4611686019135190036      /nix/store/gpxl5qgg8kicmcvivwmybwjlpf7wh20l-graalvm17-ce-22.3.0/lib/libjsvml.so
7fa0dc460000-7fa0dc461000 r--p 000cd000 00:1248 4611686019135190036      /nix/store/gpxl5qgg8kicmcvivwmybwjlpf7wh20l-graalvm17-ce-22.3.0/lib/libjsvml.so
7fa0dc461000-7fa0dc462000 rw-p 000ce000 00:1248 4611686019135190036      /nix/store/gpxl5qgg8kicmcvivwmybwjlpf7wh20l-graalvm17-ce-22.3.0/lib/libjsvml.so
7fa0dc462000-7fa0dd03d000 rw-p 00000000 00:00 0 
7fa0dd03d000-7fa0dd03e000 ---p 00000000 00:00 0 
7fa0dd03e000-7fa0dd1db000 rw-p 00000000 00:00 0 
7fa0dd1db000-7fa0dd23c000 rw-p 00000000 00:00 0 
7fa0dd23c000-7fa0dd23f000 ---p 00000000 00:00 0 
7fa0dd23f000-7fa0dd250000 rw-p 00000000 00:00 0 
7fa0dd250000-7fa0dd32b000 ---p 00000000 00:00 0 
7fa0dd32b000-7fa0dd372000 rw-p 00000000 00:00 0 
7fa0dd372000-7fa0dd416000 ---p 00000000 00:00 0 
7fa0dd416000-7fa0dd41b000 rw-p 00000000 00:00 0 
7fa0dd41b000-7fa0dd422000 ---p 00000000 00:00 0 
7fa0dd422000-7fa0dd446000 r-xp 00000000 00:1248 4611686019135190028      /nix/store/gpxl5qgg8kicmcvivwmybwjlpf7wh20l-graalvm17-ce-22.3.0/lib/libjava.so
7fa0dd446000-7fa0dd447000 ---p 00024000 00:1248 4611686019135190028      /nix/store/gpxl5qgg8kicmcvivwmybwjlpf7wh20l-graalvm17-ce-22.3.0/lib/libjava.so
7fa0dd447000-7fa0dd448000 r--p 00024000 00:1248 4611686019135190028      /nix/store/gpxl5qgg8kicmcvivwmybwjlpf7wh20l-graalvm17-ce-22.3.0/lib/libjava.so
7fa0dd448000-7fa0dd449000 rw-p 00025000 00:1248 4611686019135190028      /nix/store/gpxl5qgg8kicmcvivwmybwjlpf7wh20l-graalvm17-ce-22.3.0/lib/libjava.so
7fa0dd449000-7fa0dd44a000 rw-p 00000000 00:00 0 
7fa0dd44a000-7fa0dd451000 rw-p 0002f000 00:1248 4611686019135190028      /nix/store/gpxl5qgg8kicmcvivwmybwjlpf7wh20l-graalvm17-ce-22.3.0/lib/libjava.so
7fa0dd451000-7fa0dd459000 rw-s 00000000 00:11dd 363                      /tmp/hsperfdata_runner/24
7fa0dd459000-7fa0dd45a000 ---p 00000000 00:00 0 
7fa0dd45a000-7fa0dd45b000 r--p 00000000 00:00 0 
7fa0dd45b000-7fa0dd45c000 rwxp 00000000 00:00 0 
7fa0dd45c000-7fa0dd477000 r-xp 00000000 00:1248 4611686019135190032      /nix/store/gpxl5qgg8kicmcvivwmybwjlpf7wh20l-graalvm17-ce-22.3.0/lib/libjimage.so
7fa0dd477000-7fa0dd478000 ---p 0001b000 00:1248 4611686019135190032      /nix/store/gpxl5qgg8kicmcvivwmybwjlpf7wh20l-graalvm17-ce-22.3.0/lib/libjimage.so
7fa0dd478000-7fa0dd47a000 r--p 0001b000 00:1248 4611686019135190032      /nix/store/gpxl5qgg8kicmcvivwmybwjlpf7wh20l-graalvm17-ce-22.3.0/lib/libjimage.so
7fa0dd47a000-7fa0dd47b000 rw-p 0001d000 00:1248 4611686019135190032      /nix/store/gpxl5qgg8kicmcvivwmybwjlpf7wh20l-graalvm17-ce-22.3.0/lib/libjimage.so
7fa0dd47b000-7fa0dd47c000 rw-p 00024000 00:1248 4611686019135190032      /nix/store/gpxl5qgg8kicmcvivwmybwjlpf7wh20l-graalvm17-ce-22.3.0/lib/libjimage.so
7fa0dd47c000-7fa0dd480000 ---p 00000000 00:00 0 
7fa0dd480000-7fa0dd57c000 rw-p 00000000 00:00 0 
7fa0dd57c000-7fa0dd58a000 r--p 00000000 00:1248 4611686019027979927      /nix/store/4nlgxhb09sdr51nc9hdm8az5b08vzkgx-glibc-2.35-163/lib/libm.so.6
7fa0dd58a000-7fa0dd5fd000 r-xp 0000e000 00:1248 4611686019027979927      /nix/store/4nlgxhb09sdr51nc9hdm8az5b08vzkgx-glibc-2.35-163/lib/libm.so.6
7fa0dd5fd000-7fa0dd65a000 r--p 00081000 00:1248 4611686019027979927      /nix/store/4nlgxhb09sdr51nc9hdm8az5b08vzkgx-glibc-2.35-163/lib/libm.so.6
7fa0dd65a000-7fa0dd65b000 r--p 000dd000 00:1248 4611686019027979927      /nix/store/4nlgxhb09sdr51nc9hdm8az5b08vzkgx-glibc-2.35-163/lib/libm.so.6
7fa0dd65b000-7fa0dd65c000 rw-p 000de000 00:1248 4611686019027979927      /nix/store/4nlgxhb09sdr51nc9hdm8az5b08vzkgx-glibc-2.35-163/lib/libm.so.6
7fa0dd65c000-7fa0dd65d000 r--p 00000000 00:1248 4611686019027979946      /nix/store/4nlgxhb09sdr51nc9hdm8az5b08vzkgx-glibc-2.35-163/lib/librt.so.1
7fa0dd65d000-7fa0dd65e000 r-xp 00001000 00:1248 4611686019027979946      /nix/store/4nlgxhb09sdr51nc9hdm8az5b08vzkgx-glibc-2.35-163/lib/librt.so.1
7fa0dd65e000-7fa0dd65f000 r--p 00002000 00:1248 4611686019027979946      /nix/store/4nlgxhb09sdr51nc9hdm8az5b08vzkgx-glibc-2.35-163/lib/librt.so.1
7fa0dd65f000-7fa0dd660000 r--p 00002000 00:1248 4611686019027979946      /nix/store/4nlgxhb09sdr51nc9hdm8az5b08vzkgx-glibc-2.35-163/lib/librt.so.1
7fa0dd660000-7fa0dd661000 rw-p 00003000 00:1248 4611686019027979946      /nix/store/4nlgxhb09sdr51nc9hdm8az5b08vzkgx-glibc-2.35-163/lib/librt.so.1
7fa0dd661000-7fa0de774000 r-xp 00000000 00:1248 4611686019135360866      /nix/store/gpxl5qgg8kicmcvivwmybwjlpf7wh20l-graalvm17-ce-22.3.0/lib/server/libjvm.so
7fa0de774000-7fa0de775000 ---p 01113000 00:1248 4611686019135360866      /nix/store/gpxl5qgg8kicmcvivwmybwjlpf7wh20l-graalvm17-ce-22.3.0/lib/server/libjvm.so
7fa0de775000-7fa0de82a000 r--p 01113000 00:1248 4611686019135360866      /nix/store/gpxl5qgg8kicmcvivwmybwjlpf7wh20l-graalvm17-ce-22.3.0/lib/server/libjvm.so
7fa0de82a000-7fa0de85e000 rw-p 011c8000 00:1248 4611686019135360866      /nix/store/gpxl5qgg8kicmcvivwmybwjlpf7wh20l-graalvm17-ce-22.3.0/lib/server/libjvm.so
7fa0de85e000-7fa0de8ba000 rw-p 00000000 00:00 0 
7fa0de8ba000-7fa0de8e2000 r--p 00000000 00:1248 4611686019027979918      /nix/store/4nlgxhb09sdr51nc9hdm8az5b08vzkgx-glibc-2.35-163/lib/libc.so.6
7fa0de8e2000-7fa0dea58000 r-xp 00028000 00:1248 4611686019027979918      /nix/store/4nlgxhb09sdr51nc9hdm8az5b08vzkgx-glibc-2.35-163/lib/libc.so.6
7fa0dea58000-7fa0deab0000 r--p 0019e000 00:1248 4611686019027979918      /nix/store/4nlgxhb09sdr51nc9hdm8az5b08vzkgx-glibc-2.35-163/lib/libc.so.6
7fa0deab0000-7fa0deab4000 r--p 001f6000 00:1248 4611686019027979918      /nix/store/4nlgxhb09sdr51nc9hdm8az5b08vzkgx-glibc-2.35-163/lib/libc.so.6
7fa0deab4000-7fa0deab6000 rw-p 001fa000 00:1248 4611686019027979918      /nix/store/4nlgxhb09sdr51nc9hdm8az5b08vzkgx-glibc-2.35-163/lib/libc.so.6
7fa0deab6000-7fa0deac5000 rw-p 00000000 00:00 0 
7fa0deac5000-7fa0deac6000 r--p 00000000 00:1248 4611686019027979923      /nix/store/4nlgxhb09sdr51nc9hdm8az5b08vzkgx-glibc-2.35-163/lib/libdl.so.2
7fa0deac6000-7fa0deac7000 r-xp 00001000 00:1248 4611686019027979923      /nix/store/4nlgxhb09sdr51nc9hdm8az5b08vzkgx-glibc-2.35-163/lib/libdl.so.2
7fa0deac7000-7fa0deac8000 r--p 00002000 00:1248 4611686019027979923      /nix/store/4nlgxhb09sdr51nc9hdm8az5b08vzkgx-glibc-2.35-163/lib/libdl.so.2
7fa0deac8000-7fa0deac9000 r--p 00002000 00:1248 4611686019027979923      /nix/store/4nlgxhb09sdr51nc9hdm8az5b08vzkgx-glibc-2.35-163/lib/libdl.so.2
7fa0deac9000-7fa0deaca000 rw-p 00003000 00:1248 4611686019027979923      /nix/store/4nlgxhb09sdr51nc9hdm8az5b08vzkgx-glibc-2.35-163/lib/libdl.so.2
7fa0deaca000-7fa0deacb000 r--p 00000000 00:1248 4611686019027979942      /nix/store/4nlgxhb09sdr51nc9hdm8az5b08vzkgx-glibc-2.35-163/lib/libpthread.so.0
7fa0deacb000-7fa0deacc000 r-xp 00001000 00:1248 4611686019027979942      /nix/store/4nlgxhb09sdr51nc9hdm8az5b08vzkgx-glibc-2.35-163/lib/libpthread.so.0
7fa0deacc000-7fa0deacd000 r--p 00002000 00:1248 4611686019027979942      /nix/store/4nlgxhb09sdr51nc9hdm8az5b08vzkgx-glibc-2.35-163/lib/libpthread.so.0
7fa0deacd000-7fa0deace000 r--p 00002000 00:1248 4611686019027979942      /nix/store/4nlgxhb09sdr51nc9hdm8az5b08vzkgx-glibc-2.35-163/lib/libpthread.so.0
7fa0deace000-7fa0deacf000 rw-p 00003000 00:1248 4611686019027979942      /nix/store/4nlgxhb09sdr51nc9hdm8az5b08vzkgx-glibc-2.35-163/lib/libpthread.so.0
7fa0deacf000-7fa0deadd000 r-xp 00000000 00:1248 4611686019135190033      /nix/store/gpxl5qgg8kicmcvivwmybwjlpf7wh20l-graalvm17-ce-22.3.0/lib/libjli.so
7fa0deadd000-7fa0deade000 ---p 0000e000 00:1248 4611686019135190033      /nix/store/gpxl5qgg8kicmcvivwmybwjlpf7wh20l-graalvm17-ce-22.3.0/lib/libjli.so
7fa0deade000-7fa0deadf000 r--p 0000e000 00:1248 4611686019135190033      /nix/store/gpxl5qgg8kicmcvivwmybwjlpf7wh20l-graalvm17-ce-22.3.0/lib/libjli.so
7fa0deadf000-7fa0deae0000 rw-p 0000f000 00:1248 4611686019135190033      /nix/store/gpxl5qgg8kicmcvivwmybwjlpf7wh20l-graalvm17-ce-22.3.0/lib/libjli.so
7fa0deae0000-7fa0deae1000 rw-p 00012000 00:1248 4611686019135190033      /nix/store/gpxl5qgg8kicmcvivwmybwjlpf7wh20l-graalvm17-ce-22.3.0/lib/libjli.so
7fa0deae1000-7fa0deae4000 r--p 00000000 00:1248 4611686019106210071      /nix/store/026hln0aq1hyshaxsdvhg0kmcm6yf45r-zlib-1.2.13/lib/libz.so.1.2.13
7fa0deae4000-7fa0deaf6000 r-xp 00003000 00:1248 4611686019106210071      /nix/store/026hln0aq1hyshaxsdvhg0kmcm6yf45r-zlib-1.2.13/lib/libz.so.1.2.13
7fa0deaf6000-7fa0deafd000 r--p 00015000 00:1248 4611686019106210071      /nix/store/026hln0aq1hyshaxsdvhg0kmcm6yf45r-zlib-1.2.13/lib/libz.so.1.2.13
7fa0deafd000-7fa0deafe000 r--p 0001b000 00:1248 4611686019106210071      /nix/store/026hln0aq1hyshaxsdvhg0kmcm6yf45r-zlib-1.2.13/lib/libz.so.1.2.13
7fa0deafe000-7fa0deaff000 rw-p 0001c000 00:1248 4611686019106210071      /nix/store/026hln0aq1hyshaxsdvhg0kmcm6yf45r-zlib-1.2.13/lib/libz.so.1.2.13
7fa0deaff000-7fa0deb01000 rw-p 00000000 00:00 0 
7fa0deb01000-7fa0deb03000 r--p 00000000 00:1248 4611686019027979912      /nix/store/4nlgxhb09sdr51nc9hdm8az5b08vzkgx-glibc-2.35-163/lib/ld-linux-x86-64.so.2
7fa0deb03000-7fa0deb2a000 r-xp 00002000 00:1248 4611686019027979912      /nix/store/4nlgxhb09sdr51nc9hdm8az5b08vzkgx-glibc-2.35-163/lib/ld-linux-x86-64.so.2
7fa0deb2a000-7fa0deb36000 r--p 00029000 00:1248 4611686019027979912      /nix/store/4nlgxhb09sdr51nc9hdm8az5b08vzkgx-glibc-2.35-163/lib/ld-linux-x86-64.so.2
7fa0deb36000-7fa0deb38000 r--p 00034000 00:1248 4611686019027979912      /nix/store/4nlgxhb09sdr51nc9hdm8az5b08vzkgx-glibc-2.35-163/lib/ld-linux-x86-64.so.2
7fa0deb38000-7fa0deb3a000 rw-p 00036000 00:1248 4611686019027979912      /nix/store/4nlgxhb09sdr51nc9hdm8az5b08vzkgx-glibc-2.35-163/lib/ld-linux-x86-64.so.2
7ffe06128000-7ffe0614c000 rw-p 00000000 00:00 0                          [stack]
7ffe06174000-7ffe06178000 r--p 00000000 00:00 0                          [vvar]
7ffe06178000-7ffe0617a000 r-xp 00000000 00:00 0                          [vdso]
ffffffffff600000-ffffffffff601000 --xp 00000000 00:00 0                  [vsyscall]


VM Arguments:
jvm_args: -XX:ThreadPriorityPolicy=1 -XX:+UnlockExperimentalVMOptions -XX:+EnableJVMCIProduct -XX:JVMCIThreadsPerNativeLibraryRuntime=1 -XX:-UnlockExperimentalVMOptions -Declipse.application=org.eclipse.jdt.ls.core.id1 -Dosgi.bundles.defaultStartLevel=4 -Declipse.product=org.eclipse.jdt.ls.core.product -Dlog.level=ALL -Xverify:none -XX:+UseParallelGC -XX:GCTimeRatio=4 -XX:AdaptiveSizePolicyWeight=90 -Dsun.zip.disableMemoryMapping=true -Xmx512m -Xms100m 
java_command: /nix/store/a7s9klvriqi68xz3qjc0qyfl5h86xc16-jdt-language-server-1.9.0/share/java/plugins/org.eclipse.equinox.launcher_1.6.400.v20210924-0641.jar --add-modules=ALL-SYSTEM --add-opens java.base/java.util=ALL-UNNAMED --add-opens java.base/java.lang=ALL-UNNAMED -configuration /home/runner/.cache/jdt-language-server/config -data /home/runner/.cache/jdt-language-server/data/home/runner/SmartCity-java-bootcamp-session-4
java_class_path (initial): /nix/store/a7s9klvriqi68xz3qjc0qyfl5h86xc16-jdt-language-server-1.9.0/share/java/plugins/org.eclipse.equinox.launcher_1.6.400.v20210924-0641.jar
Launcher Type: SUN_STANDARD

[Global flags]
    uintx AdaptiveSizePolicyWeight                 = 90                                        {product} {command line}
     intx CICompilerCount                          = 2                                         {product} {ergonomic}
     bool EnableJVMCIProduct                       = true                                {JVMCI product} {jimage}
    uintx GCTimeRatio                              = 4                                         {product} {command line}
   size_t InitialHeapSize                          = 104857600                                 {product} {command line}
     uint JVMCIThreadsPerNativeLibraryRuntime      = 1                                   {JVMCI product} {jimage}
   size_t MaxHeapSize                              = 536870912                                 {product} {command line}
   size_t MaxNewSize                               = 178782208                                 {product} {ergonomic}
   size_t MinHeapDeltaBytes                        = 524288                                    {product} {ergonomic}
   size_t MinHeapSize                              = 104857600                                 {product} {command line}
   size_t NewSize                                  = 34603008                                  {product} {ergonomic}
    uintx NonNMethodCodeHeapSize                   = 5826188                                {pd product} {ergonomic}
    uintx NonProfiledCodeHeapSize                  = 122916026                              {pd product} {ergonomic}
   size_t OldSize                                  = 70254592                                  {product} {ergonomic}
    uintx ProfiledCodeHeapSize                     = 122916026                              {pd product} {ergonomic}
    uintx ReservedCodeCacheSize                    = 251658240                              {pd product} {ergonomic}
     bool SegmentedCodeCache                       = true                                      {product} {ergonomic}
   size_t SoftMaxHeapSize                          = 536870912                              {manageable} {ergonomic}
     intx ThreadPriorityPolicy                     = 1                                         {product} {jimage}
     bool UseCompressedClassPointers               = true                           {product lp64_product} {ergonomic}
     bool UseCompressedOops                        = true                           {product lp64_product} {ergonomic}
     bool UseParallelGC                            = true                                      {product} {command line}

Logging:
Log output configuration:
 #0: stdout all=warning uptime,level,tags
 #1: stderr all=off uptime,level,tags

Environment Variables:
JAVA_HOME=/nix/store/gpxl5qgg8kicmcvivwmybwjlpf7wh20l-graalvm17-ce-22.3.0
PATH=/nix/store/1d6ian3r8kdzspw8hacjhl3xkp40g1lj-binutils-wrapper-2.39/bin:/nix/store/dq0xwmsk1g0i2ayg6pb7y87na2knzylh-gcc-wrapper-11.3.0/bin:/nix/store/bap4d0lpcrhpwmpb8ayjcgkmvfj62lnq-bash-interactive-5.1-p16/bin:/nix/store/pr5n59mb4jzmfx6kanwxly0l07p861fg-patchelf-0.15.0/bin:/nix/store/1gf2flfqnpqbr1b4p4qz2f72y42bs56r-gcc-11.3.0/bin:/nix/store/57xv61c5zi8pphjbcwxxjlgc34p61ic9-glibc-2.35-163-bin/bin:/nix/store/a7gvj343m05j2s32xcnwr35v31ynlypr-coreutils-9.1/bin:/nix/store/039g378vc3pc3dvi9dzdlrd0i4q93qwf-binutils-2.39/bin:/nix/store/1k145gm933pi0bv9l35v3rd65ac5j8zk-sudo-1.9.12p1/bin:/nix/store/5vcl2hxvkijrkq7xyxzwvmk5qgd46m4p-ed-1.18/bin:/nix/store/gpxl5qgg8kicmcvivwmybwjlpf7wh20l-graalvm17-ce-22.3.0/bin:/nix/store/6z9ag3ihc8mq2hzsw48lhbznvzny65nz-apache-maven-3.8.6/bin:/nix/store/a7s9klvriqi68xz3qjc0qyfl5h86xc16-jdt-language-server-1.9.0/bin:/nix/store/48ifl2w60a3zp7yskbpnvn8jp9jdsb7k-java-debug/bin:/nix/store/mydc6f4k2z73xlcz7ilif3v2lcaiqvza-findutils-4.9.0/bin:/nix/store/j9p3g8472iijd50vhdprx0nmk2fqn5gv-diffutils-3.8/bin:/nix/store/89zs7rms6x00xfq4dq6m7mjnhkr8a6r4-gnused-4.8/bin:/nix/store/86bp03jkmsl6f92w0yzg4s59g5mhxwmy-gnugrep-3.7/bin:/nix/store/hwcdqw4jrjnd37wxqgsd47hd0j8bnj09-gawk-5.1.1/bin:/nix/store/cfbhw8r8ags41vwqaz47r583d0p4h4a1-gnutar-1.34/bin:/nix/store/p3m1ndl1lapwrlh698bnb5lvvxh67378-gzip-1.12/bin:/nix/store/a8mhcagrsly7c7mpjrpsnaahk4aax056-bzip2-1.0.8-bin/bin:/nix/store/mblgz65m3zv9x548a3d5m96fj2pbwr09-gnumake-4.3/bin:/nix/store/dsd5gz46hdbdk2rfdimqddhq6m8m8fqs-bash-5.1-p16/bin:/nix/store/v7ljksji50mg3w61dykaa3n3y79n6nil-patch-2.7.6/bin:/nix/store/zlcnmqq14jz5x9439jf937mvayyl63da-xz-5.2.7-bin/bin:/nix/store/y6aj732zm9m87c82fpvf103a1xb22blp-file-5.43/bin:/nix/store/i4kzir3m7mrisxmf5xvlnkw01x4qaqr4-prybar-elisp-0.0.0-e0d9a52/bin:/nix/store/lwwivxf6h7x3cvxp9zv8sj0mv7dak99r-prybar-lua-0.0.0-e0d9a52/bin:/nix/store/gxj28g1cg4hq3qanmjv07156h800qr58-prybar-python3-0.0.0-e0d9a52/bin:/nix/store/hshkjnxrgidigf8x75vg6lqng2xlx9i3-prybar-sqlite-0.0.0-e0d9a52/bin:/
LD_LIBRARY_PATH=/nix/store/a4pff549sk2idnkpzk5nsfps3mdkdnvm-cups-2.4.2-lib/lib:/nix/store/72mqxxhh3cy5yifh92wh2yb8cl2hikyy-cairo-1.16.0/lib:/nix/store/2k366jrbsra97gjfxwvrhvixjfxdach5-glib-2.74.1/lib:/nix/store/2j2znigd8ak37rlwh9khz0ry3clqlw1l-gtk+3-3.24.34/lib:/nix/store/hisqvx32cd57apbpcsnkpx6k3549wql1-libglvnd-1.4.0/lib:/nix/store/p36pgcv991mq5srvg765b78yqpxvk3qs-mesa-21.3.3-drivers/lib:/nix/store/mav4251if1ahjq5vkpwycyyvnmy459c4-pulseaudio-14.2/lib
DISPLAY=:0
LANG=en_US.UTF-8

Signal Handlers:
   SIGSEGV: crash_handler in libjvm.so, mask=11100100010111111101111111111110, flags=SA_RESTART|SA_SIGINFO
    SIGBUS: crash_handler in libjvm.so, mask=11100100010111111101111111111110, flags=SA_RESTART|SA_SIGINFO
    SIGFPE: crash_handler in libjvm.so, mask=11100100010111111101111111111110, flags=SA_RESTART|SA_SIGINFO
   SIGPIPE: IsolateEnterStub_IgnoreSIGPIPEStartupHook_noopSignalHandler_8f19bff2f35b5f630d83b364d6b2339320d4ec70_216e8361c6bc87a8f89f58cc10d3b2fd4415bf87 in libjvmcicompiler.so, mask=00000000000000000000000000000000, flags=SA_RESTART
  *** Handler was modified!
  *** Expected: javaSignalHandler in libjvm.so, mask=11100100110111111111111111111110, flags=SA_RESTART|SA_SIGINFO
   SIGXFSZ: javaSignalHandler in libjvm.so, mask=11100100010111111101111111111110, flags=SA_RESTART|SA_SIGINFO
    SIGILL: crash_handler in libjvm.so, mask=11100100010111111101111111111110, flags=SA_RESTART|SA_SIGINFO
   SIGUSR2: SR_handler in libjvm.so, mask=00000000000000000000000000000000, flags=SA_RESTART|SA_SIGINFO
    SIGHUP: UserHandler in libjvm.so, mask=11100100010111111101111111111110, flags=SA_RESTART|SA_SIGINFO
    SIGINT: UserHandler in libjvm.so, mask=11100100010111111101111111111110, flags=SA_RESTART|SA_SIGINFO
   SIGTERM: UserHandler in libjvm.so, mask=11100100010111111101111111111110, flags=SA_RESTART|SA_SIGINFO
   SIGQUIT: UserHandler in libjvm.so, mask=11100100010111111101111111111110, flags=SA_RESTART|SA_SIGINFO
  *** Handler was modified!
  *** Expected: javaSignalHandler in libjvm.so, mask=11100100110111111111111111111110, flags=SA_RESTART|SA_SIGINFO
   SIGTRAP: crash_handler in libjvm.so, mask=11100100010111111101111111111110, flags=SA_RESTART|SA_SIGINFO


---------------  S Y S T E M  ---------------

OS:
DISTRIB_ID=Ubuntu
DISTRIB_RELEASE=20.04
DISTRIB_CODENAME=focal
DISTRIB_DESCRIPTION="Ubuntu 20.04.2 LTS"
uname: Linux 6.2.0-1014-gcp #14~22.04.1-Ubuntu SMP Mon Sep 11 07:44:43 UTC 2023 x86_64
OS uptime: 0 days 3:03 hours
libc: glibc 2.35 NPTL 2.35 
rlimit (soft/hard): STACK 8192k/infinity , CORE infinity/infinity , NPROC infinity/infinity , NOFILE 20971/20971 , AS infinity/infinity , CPU infinity/infinity , DATA infinity/infinity , FSIZE infinity/infinity , MEMLOCK 8192k/8192k
load average: 15.66 15.04 15.50

/proc/meminfo:
MemTotal:       65833884 kB
MemFree:        34864792 kB
MemAvailable:   44260604 kB
Buffers:         1982224 kB
Cached:          6868164 kB
SwapCached:            0 kB
Active:          5898508 kB
Inactive:       22517624 kB
Active(anon):      10848 kB
Inactive(anon): 19485360 kB
Active(file):    5887660 kB
Inactive(file):  3032264 kB
Unevictable:       28728 kB
Mlocked:           28728 kB
SwapTotal:             0 kB
SwapFree:              0 kB
Zswap:                 0 kB
Zswapped:              0 kB
Dirty:              4028 kB
Writeback:            96 kB
AnonPages:      19151040 kB
Mapped:          1174920 kB
Shmem:             18976 kB
KReclaimable:    1202332 kB
Slab:            1755212 kB
SReclaimable:    1202332 kB
SUnreclaim:       552880 kB
KernelStack:      140832 kB
PageTables:       175944 kB
SecPageTables:         0 kB
NFS_Unstable:          0 kB
Bounce:                0 kB
WritebackTmp:          0 kB
CommitLimit:    32916940 kB
Committed_AS:   56606576 kB
VmallocTotal:   34359738367 kB
VmallocUsed:      171104 kB
VmallocChunk:          0 kB
Percpu:            60480 kB
HardwareCorrupted:     0 kB
AnonHugePages:   3014656 kB
ShmemHugePages:        0 kB
ShmemPmdMapped:        0 kB
FileHugePages:         0 kB
FilePmdMapped:         0 kB
HugePages_Total:       0
HugePages_Free:        0
HugePages_Rsvd:        0
HugePages_Surp:        0
Hugepagesize:       2048 kB
Hugetlb:               0 kB
DirectMap4k:      480056 kB
DirectMap2M:    14196736 kB
DirectMap1G:    54525952 kB

/sys/kernel/mm/transparent_hugepage/enabled: always [madvise] never
/sys/kernel/mm/transparent_hugepage/defrag (defrag/compaction efforts parameter): always defer defer+madvise [madvise] never

Process Memory:
Virtual Size: 5015400K (peak: 5117776K)
Resident Set Size: 772432K (peak: 910744K) (anon: 714008K, file: 58424K, shmem: 0K)
Swapped out: 0K
C-Heap outstanding allocations: 52667K, retained: 22164K
glibc malloc tunables: (default)

/proc/sys/kernel/threads-max (system-wide limit on the number of threads): 514261
/proc/sys/vm/max_map_count (maximum number of memory map areas a process may have): 65530
/proc/sys/kernel/pid_max (system-wide limit on number of process identifiers): 4194304

container (cgroup) information:
container_type: cgroupv2
cpu_cpuset_cpus: not supported
cpu_memory_nodes: not supported
active_processor_count: 2
cpu_quota: 200000
cpu_period: 100000
cpu_shares: no shares
memory_limit_in_bytes: 3292528 k
memory_and_swap_limit_in_bytes: unlimited
memory_soft_limit_in_bytes: 2097152 k
memory_usage_in_bytes: 3013344 k
memory_max_usage_in_bytes: not supported
maximum number of tasks: not supported
current number of tasks: not supported

KVM virtualization detected
Steal ticks since vm start: 57580
Steal ticks percentage since vm start:  0.010

CPU: total 16 (initial active 2) (8 cores per cpu, 2 threads per core) family 6 model 79 stepping 0 microcode 0xffffffff, cx8, cmov, fxsr, ht, mmx, 3dnowpref, sse, sse2, sse3, ssse3, sse4.1, sse4.2, popcnt, lzcnt, tsc, tscinvbit, avx, avx2, aes, erms, clmul, bmi1, bmi2, rtm, adx, fma, vzeroupper, clflush, hv
CPU Model and flags from /proc/cpuinfo:
model name	: Intel(R) Xeon(R) CPU @ 2.20GHz
flags		: fpu vme de pse tsc msr pae mce cx8 apic sep mtrr pge mca cmov pat pse36 clflush mmx fxsr sse sse2 ss ht syscall nx pdpe1gb rdtscp lm constant_tsc rep_good nopl xtopology nonstop_tsc cpuid tsc_known_freq pni pclmulqdq ssse3 fma cx16 pcid sse4_1 sse4_2 x2apic movbe popcnt aes xsave avx f16c rdrand hypervisor lahf_lm abm 3dnowprefetch invpcid_single pti ssbd ibrs ibpb stibp fsgsbase tsc_adjust bmi1 hle avx2 smep bmi2 erms invpcid rtm rdseed adx smap xsaveopt arat md_clear arch_capabilities

Online cpus: 0-15
Offline cpus: 
BIOS frequency limitation: <Not Available>
Frequency switch latency (ns): <Not Available>
Available cpu frequencies: <Not Available>
Current governor: <Not Available>
Core performance/turbo boost: <Not Available>

Memory: 4k page, physical 3292528k(279180k free), swap 0k(0k free)
Page Sizes: 4k

vm_info: OpenJDK 64-Bit Server VM (17.0.5+8-jvmci-22.3-b08) for linux-amd64 JRE (17.0.5+8-jvmci-22.3-b08), built on Oct 19 2022 09:01:27 by "buildslave" with gcc 10.3.0

END.
