#
# A fatal error has been detected by the Java Runtime Environment:
#
#  Internal Error (jvmciRuntime.cpp:1609), pid=78, tid=94
#  fatal error: Fatal exception in JVMCI: Error calling jdk.vm.ci.services.Services.serializeSavedProperties
#
# JRE version: OpenJDK Runtime Environment GraalVM CE 22.3.0 (17.0.5+8) (build 17.0.5+8-jvmci-22.3-b08)
# Java VM: OpenJDK 64-Bit Server VM GraalVM CE 22.3.0 (17.0.5+8-jvmci-22.3-b08, mixed mode, sharing, tiered, jvmci, jvmci compiler, compressed oops, compressed class ptrs, parallel gc, linux-amd64)
# Problematic frame:
# V  [libjvm.so+0x972714]  JVMCIRuntime::fatal_exception(JVMCIEnv*, char const*)+0x74
#
# Core dump will be written. Default location: Core dumps may be processed with "/usr/share/apport/apport -p%p -s%s -c%c -d%d -P%P -u%u -g%g -- %E" (or dumping to /home/runner/SmartCity-java-bootcamp-session-4/core.78)
#
# If you would like to submit a bug report, please visit:
#   https://github.com/oracle/graal/issues
#

---------------  S U M M A R Y ------------

Command Line: -XX:ThreadPriorityPolicy=1 -XX:+UnlockExperimentalVMOptions -XX:+EnableJVMCIProduct -XX:JVMCIThreadsPerNativeLibraryRuntime=1 -XX:-UnlockExperimentalVMOptions -Declipse.application=org.eclipse.jdt.ls.core.id1 -Dosgi.bundles.defaultStartLevel=4 -Declipse.product=org.eclipse.jdt.ls.core.product -Dlog.level=ALL -Xverify:none -XX:+UseParallelGC -XX:GCTimeRatio=4 -XX:AdaptiveSizePolicyWeight=90 -Dsun.zip.disableMemoryMapping=true -Xmx512m -Xms100m /nix/store/a7s9klvriqi68xz3qjc0qyfl5h86xc16-jdt-language-server-1.9.0/share/java/plugins/org.eclipse.equinox.launcher_1.6.400.v20210924-0641.jar --add-modules=ALL-SYSTEM --add-opens java.base/java.util=ALL-UNNAMED --add-opens java.base/java.lang=ALL-UNNAMED -configuration /home/runner/.cache/jdt-language-server/config -data /home/runner/.cache/jdt-language-server/data/home/runner/SmartCity-java-bootcamp-session-4

Host: AMD EPYC 7B12, 8 cores, 3G, Ubuntu 20.04.2 LTS
Time: Tue Sep 26 00:47:17 2023 UTC elapsed time: 379.421311 seconds (0d 0h 6m 19s)

---------------  T H R E A D  ---------------

Current thread (0x00007f46000f3fa0):  JavaThread "JVMCI-native CompilerThread0" daemon [_thread_in_vm, id=94, stack(0x00007f45e6048000,0x00007f45e6248000)]


Current CompileTask:
JVMCI-native: 379421 15530       4       java.util.concurrent.locks.ReentrantLock$Sync::isHeldExclusively (16 bytes)

Stack: [0x00007f45e6048000,0x00007f45e6248000],  sp=0x00007f45e6246380,  free space=2040k
Native frames: (J=compiled Java code, j=interpreted, Vv=VM code, C=native code)
V  [libjvm.so+0x972714]  JVMCIRuntime::fatal_exception(JVMCIEnv*, char const*)+0x74
V  [libjvm.so+0x93e2fe]  JVMCIEnv::copy_saved_properties()+0x14e
V  [libjvm.so+0x9732a9]  JVMCIRuntime::initialize(JVMCIEnv*)+0xb19
V  [libjvm.so+0x9738a2]  JVMCIRuntime::get_HotSpotJVMCIRuntime(JVMCIEnv*)+0x12
V  [libjvm.so+0x9749f2]  JVMCIRuntime::compile_method(JVMCIEnv*, JVMCICompiler*, methodHandle const&, int)+0xd2
V  [libjvm.so+0x5b0d20]  CompileBroker::invoke_compiler_on_method(CompileTask*)+0x1470
V  [libjvm.so+0x5b12e8]  CompileBroker::compiler_thread_loop()+0x528
V  [libjvm.so+0xd82460]  JavaThread::thread_main_inner()+0xd0
V  [libjvm.so+0xd85a40]  Thread::call_run()+0xc0
V  [libjvm.so+0xbdb1e1]  thread_native_entry(Thread*)+0xe1

Register to memory mapping:

RAX=0x00007f4606336000 points into unknown readable memory: 0x0000000000000058 | 58 00 00 00 00 00 00 00
RBX=0x00007f4607431398: <offset 0x0000000000ef5398> in /nix/store/gpxl5qgg8kicmcvivwmybwjlpf7wh20l-graalvm17-ce-22.3.0/lib/server/libjvm.so at 0x00007f460653c000
RCX=0x00007f46073e91e8: <offset 0x0000000000ead1e8> in /nix/store/gpxl5qgg8kicmcvivwmybwjlpf7wh20l-graalvm17-ce-22.3.0/lib/server/libjvm.so at 0x00007f460653c000
RDX=0x0000000000000649 is an unknown value
RSP=0x00007f45e6246380 is pointing into the stack for thread: 0x00007f46000f3fa0
RBP=0x00007f45e62463a0 is pointing into the stack for thread: 0x00007f46000f3fa0
RSI=0x00007f4607431c48: <offset 0x0000000000ef5c48> in /nix/store/gpxl5qgg8kicmcvivwmybwjlpf7wh20l-graalvm17-ce-22.3.0/lib/server/libjvm.so at 0x00007f460653c000
RDI=0x00000000e0000000 is an oop: java.lang.String 
{0x00000000e0000000} - klass: 'java/lang/String'
 - string: "class configured for "
R8 =0x00007f4607431398: <offset 0x0000000000ef5398> in /nix/store/gpxl5qgg8kicmcvivwmybwjlpf7wh20l-graalvm17-ce-22.3.0/lib/server/libjvm.so at 0x00007f460653c000
R9 =0x00007f45e6246330 is pointing into the stack for thread: 0x00007f46000f3fa0
R10=0x00007f45e6247948 is pointing into the stack for thread: 0x00007f46000f3fa0
R11=0x0000000000000293 is an unknown value
R12=0x0 is NULL
R13=0x00007f46000f3fa0 is a thread
R14=0x00007f4600000b80 points into unknown readable memory: 0x00007f4607662a38 | 38 2a 66 07 46 7f 00 00
R15=0x00007f4607770e40: <offset 0x0000000001234e40> in /nix/store/gpxl5qgg8kicmcvivwmybwjlpf7wh20l-graalvm17-ce-22.3.0/lib/server/libjvm.so at 0x00007f460653c000


Registers:
RAX=0x00007f4606336000, RBX=0x00007f4607431398, RCX=0x00007f46073e91e8, RDX=0x0000000000000649
RSP=0x00007f45e6246380, RBP=0x00007f45e62463a0, RSI=0x00007f4607431c48, RDI=0x00000000e0000000
R8 =0x00007f4607431398, R9 =0x00007f45e6246330, R10=0x00007f45e6247948, R11=0x0000000000000293
R12=0x0000000000000000, R13=0x00007f46000f3fa0, R14=0x00007f4600000b80, R15=0x00007f4607770e40
RIP=0x00007f4606eae714, EFLAGS=0x0000000000010206, CSGSFS=0x002b000000000033, ERR=0x0000000000000006
  TRAPNO=0x000000000000000e

Top of Stack: (sp=0x00007f45e6246380)
0x00007f45e6246380:   00007f45e6246940 00007f46000f3fa0
0x00007f45e6246390:   00007f4604cc78c8 0000000800c417a0
0x00007f45e62463a0:   00007f45e6246500 00007f4606e7a2fe
0x00007f45e62463b0:   00007f45e62463e0 00007f45e6246440 

Instructions: (pc=0x00007f4606eae714)
0x00007f4606eae614:   30 e8 f6 cf e8 ff 4c 89 e7 e8 2e 48 d1 ff 84 db
0x00007f4606eae624:   75 2a 4d 85 ed 74 04 4d 8b 6d 00 48 83 c4 08 44
0x00007f4606eae634:   89 f9 4c 89 f2 4c 89 ee 5b 4c 89 e7 41 5c 41 5d
0x00007f4606eae644:   41 5e 41 5f 5d e9 e2 47 d1 ff 66 90 48 83 c4 08
0x00007f4606eae654:   5b 41 5c 41 5d 41 5e 41 5f 5d c3 90 31 d2 be 08
0x00007f4606eae664:   00 00 00 4c 89 ff e8 b1 78 a3 ff 49 89 c5 e9 37
0x00007f4606eae674:   ff ff ff 66 0f 1f 84 00 00 00 00 00 48 8b 7a 08
0x00007f4606eae684:   e9 6d ff ff ff 0f 1f 80 00 00 00 00 e8 5b 48 0a
0x00007f4606eae694:   00 84 c0 75 89 e9 6a ff ff ff 66 90 55 48 89 e5
0x00007f4606eae6a4:   41 56 41 55 41 54 49 89 fc 53 48 89 f3 66 48 8d
0x00007f4606eae6b4:   3d 27 5e 85 00 66 66 48 e8 df 43 8d ff 4c 8b 28
0x00007f4606eae6c4:   8b 05 be 72 8a 00 85 c0 75 14 ba 01 00 00 00 48
0x00007f4606eae6d4:   8d 0d ae 72 8a 00 f0 0f b1 11 85 c0 74 4e be c8
0x00007f4606eae6e4:   00 00 00 4c 89 ef e8 01 0b 41 00 48 8d 05 12 ac
0x00007f4606eae6f4:   85 00 49 89 d8 48 8d 0d e8 aa 53 00 ba 49 06 00
0x00007f4606eae704:   00 48 8d 35 3c 35 58 00 bf 00 00 00 e0 48 8b 00
0x00007f4606eae714:   c6 00 58 31 c0 e8 e2 91 c6 ff 5b 41 5c 41 5d 41
0x00007f4606eae724:   5e 5d e9 55 34 26 00 0f 1f 44 00 00 48 8d 05 81
0x00007f4606eae734:   a3 8b 00 48 89 df 4c 8b 30 e8 9e 43 8d ff 48 89
0x00007f4606eae744:   de 48 89 c2 49 8b 06 4c 89 f7 ff 50 08 4c 89 f7
0x00007f4606eae754:   e8 a7 5c 27 00 4d 85 e4 74 12 be 01 00 00 00 4c
0x00007f4606eae764:   89 e7 e8 35 43 fc ff eb 82 0f 1f 00 be 01 00 00
0x00007f4606eae774:   00 4c 89 ef e8 d3 fd ff ff e9 6d ff ff ff 66 66
0x00007f4606eae784:   2e 0f 1f 84 00 00 00 00 00 0f 1f 00 55 48 89 e5
0x00007f4606eae794:   41 57 41 56 41 55 41 54 53 48 81 ec 08 02 00 00
0x00007f4606eae7a4:   64 48 8b 04 25 28 00 00 00 48 89 45 c8 8b 07 83
0x00007f4606eae7b4:   f8 02 0f 84 11 04 00 00 4c 8b 6f 18 49 89 ff 49
0x00007f4606eae7c4:   89 f4 4d 85 ed 74 14 4c 89 ef e8 5d 57 22 00 41
0x00007f4606eae7d4:   8b 07 83 f8 02 0f 84 19 04 00 00 48 8d 1d 9a 06
0x00007f4606eae7e4:   8a 00 4c 8d 35 0b 3c 58 00 eb 38 90 48 85 d2 7f
0x00007f4606eae7f4:   0d 48 8d 05 b4 c0 85 00 48 83 38 00 7e 0e 41 8b
0x00007f4606eae804:   77 2c 4c 89 f7 31 c0 e8 a0 b2 f7 ff 49 8b 7f 18 


Stack slot to memory mapping:
stack at sp + 0 slots: 0x00007f45e6246940 is pointing into the stack for thread: 0x00007f46000f3fa0
stack at sp + 1 slots: 0x00007f46000f3fa0 is a thread
stack at sp + 2 slots: 0x00007f4604cc78c8 points into unknown readable memory: 0x6573001880c9ffff | ff ff c9 80 18 00 73 65
stack at sp + 3 slots: 0x0000000800c417a0 is a pointer to class: 
jdk.vm.ci.services.Services {0x0000000800c417a0}
 - instance size:     2
 - klass size:        65
 - access:            public final synchronized 
 - state:             fully_initialized
 - name:              'jdk/vm/ci/services/Services'
 - super:             'java/lang/Object'
 - sub:               
 - arrays:            NULL
 - methods:           Array<T>(0x00007f45e6c40df0)
 - method ordering:   Array<T>(0x0000000800928960)
 - default_methods:   Array<T>(0x0000000000000000)
 - local interfaces:  Array<T>(0x00000008005ce810)
 - trans. interfaces: Array<T>(0x00000008005ce810)
 - constants:         constant pool [427] {0x00007f45e6c3fed0} for 'jdk/vm/ci/services/Services' cache=0x00007f45e6c420c0
 - class loader data:  loader data: 0x00007f4600027ce0 of 'bootstrap'
 - source file:       'Services.java'
 - class annotations:       Array<T>(0x0000000000000000)
 - class type annotations:  Array<T>(0x0000000000000000)
 - field annotations:       Array<T>(0x0000000000000000)
 - field type annotations:  Array<T>(0x0000000000000000)
 - inner classes:     Array<T>(0x00007f45e6c42090)
 - nest members:     Array<T>(0x00007f45e6c420b0)
 - permitted subclasses:     Array<T>(0x00000008005ce7a0)
 - java mirror:       a 'java/lang/Class'{0x00000000e03fcc48} = 'jdk/vm/ci/services/Services'
 - vtable length      5  (start addr: 0x0000000800c41970)
 - itable length      2 (start addr: 0x0000000800c41998)
 - ---- static fields (3 words):
 - public static final 'IS_BUILDING_NATIVE_IMAGE' 'Z' @128 
 - public static final 'IS_IN_NATIVE_IMAGE' 'Z' @129 
 - private static volatile 'savedProperties' 'Ljava/util/Map;' @112 
 - static final 'JVMCI_ENABLED' 'Z' @130 
 - private static final 'servicesCache' 'Ljava/util/Map;' @116 
 - private static final 'MAX_UNICODE_IN_UTF8_LENGTH' 'I' @120 
 - private static final 'MAX_UTF8_PROPERTY_STRING_LENGTH' 'I' @124 
 - ---- non-static fields (0 words):
 - non-static oop maps: 
stack at sp + 4 slots: 0x00007f45e6246500 is pointing into the stack for thread: 0x00007f46000f3fa0
stack at sp + 5 slots: 0x00007f4606e7a2fe: <offset 0x000000000093e2fe> in /nix/store/gpxl5qgg8kicmcvivwmybwjlpf7wh20l-graalvm17-ce-22.3.0/lib/server/libjvm.so at 0x00007f460653c000
stack at sp + 6 slots: 0x00007f45e62463e0 is pointing into the stack for thread: 0x00007f46000f3fa0
stack at sp + 7 slots: 0x00007f45e6246440 is pointing into the stack for thread: 0x00007f46000f3fa0


---------------  P R O C E S S  ---------------

Threads class SMR info:
_java_thread_list=0x00007f456c2e5e40, length=34, elements={
0x00007f4600025f80, 0x00007f46000e8250, 0x00007f46000e9690, 0x00007f46000efe10,
0x00007f46000f11c0, 0x00007f46000f25b0, 0x00007f46000f3fa0, 0x00007f46000f54b0,
0x00007f46000f6510, 0x00007f4600119400, 0x00007f4600161bd0, 0x00007f46003464f0,
0x00007f46003796d0, 0x00007f460037b570, 0x00007f4600363550, 0x00007f4590017610,
0x00007f45902a1280, 0x00007f4590302d80, 0x00007f4590616d10, 0x00007f46004057e0,
0x00007f46003b2940, 0x00007f4564018290, 0x00007f456c0010d0, 0x00007f456c2d4ad0,
0x00007f4560130250, 0x00007f4570000ff0, 0x00007f45580032c0, 0x00007f455800b950,
0x00007f45580049b0, 0x00007f454c3f0b30, 0x00007f454c412810, 0x00007f454c496e10,
0x00007f454c4b0c90, 0x00007f456c2cf300
}

Java Threads: ( => current thread )
  0x00007f4600025f80 JavaThread "main" [_thread_blocked, id=85, stack(0x00007f4606357000,0x00007f4606457000)]
  0x00007f46000e8250 JavaThread "Reference Handler" daemon [_thread_blocked, id=88, stack(0x00007f45e692e000,0x00007f45e6a2e000)]
  0x00007f46000e9690 JavaThread "Finalizer" daemon [_thread_blocked, id=89, stack(0x00007f45e682e000,0x00007f45e692e000)]
  0x00007f46000efe10 JavaThread "Signal Dispatcher" daemon [_thread_blocked, id=91, stack(0x00007f45e6448000,0x00007f45e6548000)]
  0x00007f46000f11c0 JavaThread "Service Thread" daemon [_thread_blocked, id=92, stack(0x00007f45e6348000,0x00007f45e6448000)]
  0x00007f46000f25b0 JavaThread "Monitor Deflation Thread" daemon [_thread_blocked, id=93, stack(0x00007f45e6248000,0x00007f45e6348000)]
=>0x00007f46000f3fa0 JavaThread "JVMCI-native CompilerThread0" daemon [_thread_in_vm, id=94, stack(0x00007f45e6048000,0x00007f45e6248000)]
  0x00007f46000f54b0 JavaThread "C1 CompilerThread0" daemon [_thread_blocked, id=95, stack(0x00007f45e5e48000,0x00007f45e6048000)]
  0x00007f46000f6510 JavaThread "Sweeper thread" daemon [_thread_blocked, id=96, stack(0x00007f45e5d48000,0x00007f45e5e48000)]
  0x00007f4600119400 JavaThread "Common-Cleaner" daemon [_thread_blocked, id=97, stack(0x00007f45e5c48000,0x00007f45e5d48000)]
  0x00007f4600161bd0 JavaThread "Notification Thread" daemon [_thread_blocked, id=99, stack(0x00007f45e5b48000,0x00007f45e5c48000)]
  0x00007f46003464f0 JavaThread "Active Thread: Equinox Container: 7c9adda4-4005-4b46-9acd-44dca2eab9b6" [_thread_blocked, id=106, stack(0x00007f45e4200000,0x00007f45e4300000)]
  0x00007f46003796d0 JavaThread "Framework Event Dispatcher: Equinox Container: 7c9adda4-4005-4b46-9acd-44dca2eab9b6" daemon [_thread_blocked, id=113, stack(0x00007f45e4000000,0x00007f45e4100000)]
  0x00007f460037b570 JavaThread "Start Level: Equinox Container: 7c9adda4-4005-4b46-9acd-44dca2eab9b6" daemon [_thread_blocked, id=114, stack(0x00007f45adb00000,0x00007f45adc00000)]
  0x00007f4600363550 JavaThread "Refresh Thread: Equinox Container: 7c9adda4-4005-4b46-9acd-44dca2eab9b6" daemon [_thread_blocked, id=117, stack(0x00007f45ad900000,0x00007f45ada00000)]
  0x00007f4590017610 JavaThread "SCR Component Actor" daemon [_thread_blocked, id=118, stack(0x00007f45ad700000,0x00007f45ad800000)]
  0x00007f45902a1280 JavaThread "Worker-JM" [_thread_blocked, id=123, stack(0x00007f45ad300000,0x00007f45ad400000)]
  0x00007f4590302d80 JavaThread "Worker-0" [_thread_blocked, id=127, stack(0x00007f45ad100000,0x00007f45ad200000)]
  0x00007f4590616d10 JavaThread "Bundle File Closer" daemon [_thread_blocked, id=150, stack(0x00007f45acb00000,0x00007f45acc00000)]
  0x00007f46004057e0 JavaThread "pool-3-thread-1" [_thread_blocked, id=154, stack(0x00007f45ac900000,0x00007f45aca00000)]
  0x00007f46003b2940 JavaThread "pool-2-thread-1" [_thread_blocked, id=159, stack(0x00007f45ad200000,0x00007f45ad300000)]
  0x00007f4564018290 JavaThread "Java indexing" daemon [_thread_blocked, id=459, stack(0x00007f45e4400000,0x00007f45e4500000)]
  0x00007f456c0010d0 JavaThread "Worker-6: Java indexing... " [_thread_blocked, id=763, stack(0x00007f45ac700000,0x00007f45ac800000)]
  0x00007f456c2d4ad0 JavaThread "Worker-7: Compacting resource model" [_thread_blocked, id=768, stack(0x00007f45ac300000,0x00007f45ac400000)]
  0x00007f4560130250 JavaThread "ForkJoinPool.commonPool-worker-1" daemon [_thread_blocked, id=819, stack(0x00007f45acf00000,0x00007f45ad000000)]
  0x00007f4570000ff0 JavaThread "ForkJoinPool.commonPool-worker-2" daemon [_thread_blocked, id=820, stack(0x00007f45e4600000,0x00007f45e4700000)]
  0x00007f45580032c0 JavaThread "Compiler Source File Reader" daemon [_thread_blocked, id=828, stack(0x00007f45acd00000,0x00007f45ace00000)]
  0x00007f455800b950 JavaThread "Compiler Source File Reader" daemon [_thread_blocked, id=829, stack(0x00007f45ad500000,0x00007f45ad600000)]
  0x00007f45580049b0 JavaThread "Compiler Source File Reader" daemon [_thread_blocked, id=830, stack(0x00007f45e4800000,0x00007f45e4900000)]
  0x00007f454c3f0b30 JavaThread "Compiler Source File Reader" daemon [_thread_blocked, id=831, stack(0x00007f45e5946000,0x00007f45e5a46000)]
  0x00007f454c412810 JavaThread "Compiler Source File Reader" daemon [_thread_blocked, id=832, stack(0x00007f45e5846000,0x00007f45e5946000)]
  0x00007f454c496e10 JavaThread "Compiler Source File Reader" daemon [_thread_blocked, id=833, stack(0x00007f45e5746000,0x00007f45e5846000)]
  0x00007f454c4b0c90 JavaThread "Worker-9: Periodic workspace save." [_thread_blocked, id=1227, stack(0x00007f45e5200000,0x00007f45e5300000)]
  0x00007f456c2cf300 JavaThread "Worker-10" [_thread_blocked, id=1253, stack(0x00007f45ac500000,0x00007f45ac600000)]

Other Threads:
  0x00007f46000e3990 VMThread "VM Thread" [stack: 0x00007f45e6a30000,0x00007f45e6b30000] [id=87] _threads_hazard_ptr=0x00007f456c2e5e40
  0x00007f4600163570 WatcherThread [stack: 0x00007f45e5a48000,0x00007f45e5b48000] [id=100]
  0x00007f460003d890 GCTaskThread "GC Thread#0" [stack: 0x00007f4605f1a000,0x00007f460601a000] [id=86]
  0x00007f45d80012d0 GCTaskThread "GC Thread#1" [stack: 0x00007f45aaf00000,0x00007f45ab000000] [id=115]
  0x00007f45d8001cd0 GCTaskThread "GC Thread#2" [stack: 0x00007f45aadfe000,0x00007f45aaefe000] [id=116]

Threads with active compile tasks:
JVMCI-native CompilerThread0   379477 15530       4       java.util.concurrent.locks.ReentrantLock$Sync::isHeldExclusively (16 bytes)

VM state: synchronizing (normal execution)

VM Mutex/Monitor currently owned by a thread:  ([mutex/lock_event])
[0x00007f4600023130] Threads_lock - owner thread: 0x00007f46000e3990
[0x00007f46000238e0] Heap_lock - owner thread: 0x00007f46003464f0

OutOfMemory and StackOverflow Exception counts:
OutOfMemoryError java_heap_errors=10
LinkageErrors=72

Heap address: 0x00000000e0000000, size: 512 MB, Compressed Oops mode: 32-bit

CDS archive(s) mapped at: [0x0000000800000000-0x0000000800bc8000-0x0000000800bc8000), size 12353536, SharedBaseAddress: 0x0000000800000000, ArchiveRelocationMode: 0.
Compressed class space mapped at: 0x0000000800c00000-0x0000000840c00000, reserved size: 1073741824
Narrow klass base: 0x0000000800000000, Narrow klass shift: 0, Narrow klass range: 0x100000000

GC Precious Log:
 CPUs: 8 total, 3 available
 Memory: 3215M
 Large Page Support: Disabled
 NUMA Support: Disabled
 Compressed Oops: Enabled (32-bit)
 Alignments: Space 512K, Generation 512K, Heap 2M
 Heap Min Capacity: 100M
 Heap Initial Capacity: 100M
 Heap Max Capacity: 512M
 Pre-touch: Disabled
 Parallel Workers: 3

Heap:
 PSYoungGen      total 44544K, used 31743K [0x00000000f5580000, 0x00000000f8e80000, 0x0000000100000000)
  eden space 31744K, 99% used [0x00000000f5580000,0x00000000f747fff8,0x00000000f7480000)
  from space 12800K, 0% used [0x00000000f7480000,0x00000000f7480000,0x00000000f8100000)
  to   space 12288K, 0% used [0x00000000f8100000,0x00000000f8100000,0x00000000f8d00000)
 ParOldGen       total 349696K, used 349695K [0x00000000e0000000, 0x00000000f5580000, 0x00000000f5580000)
  object space 349696K, 99% used [0x00000000e0000000,0x00000000f557fff8,0x00000000f5580000)
 Metaspace       used 66969K, committed 67904K, reserved 1114112K
  class space    used 5779K, committed 6144K, reserved 1048576K

Card table byte_map: [0x00007f460601a000,0x00007f460611b000] _byte_map_base: 0x00007f460591a000

Marking Bits: (ParMarkBitMap*) 0x00007f460776a4c0
 Begin Bits: [0x00007f4604e6d000, 0x00007f460566d000)
 End Bits:   [0x00007f460566d000, 0x00007f4605e6d000)

Polling page: 0x00007f4606334000

Metaspace:

Usage:
  Non-class:     59.76 MB used.
      Class:      5.64 MB used.
       Both:     65.40 MB used.

Virtual space:
  Non-class space:       64.00 MB reserved,      60.31 MB ( 94%) committed,  8 nodes.
      Class space:        1.00 GB reserved,       6.00 MB ( <1%) committed,  1 nodes.
             Both:        1.06 GB reserved,      66.31 MB (  6%) committed. 

Chunk freelists:
   Non-Class:  3.35 MB
       Class:  2.07 MB
        Both:  5.42 MB

MaxMetaspaceSize: unlimited
CompressedClassSpaceSize: 1.00 GB
Initial GC threshold: 21.00 MB
Current GC threshold: 110.56 MB
CDS: on
MetaspaceReclaimPolicy: balanced
 - commit_granule_bytes: 65536.
 - commit_granule_words: 8192.
 - virtual_space_node_default_size: 1048576.
 - enlarge_chunks_in_place: 1.
 - new_chunks_are_fully_committed: 0.
 - uncommit_free_chunks: 1.
 - use_allocation_guard: 0.
 - handle_deallocations: 1.


Internal statistics:

num_allocs_failed_limit: 6.
num_arena_births: 534.
num_arena_deaths: 192.
num_vsnodes_births: 9.
num_vsnodes_deaths: 0.
num_space_committed: 1059.
num_space_uncommitted: 0.
num_chunks_returned_to_freelist: 270.
num_chunks_taken_from_freelist: 3163.
num_chunk_merges: 104.
num_chunk_splits: 2048.
num_chunks_enlarged: 1335.
num_purges: 6.
num_inconsistent_stats: 0.

CodeHeap 'non-profiled nmethods': size=120036Kb used=4023Kb max_used=4023Kb free=116012Kb
 bounds [0x00007f45eef7a000, 0x00007f45ef36a000, 0x00007f45f64b3000]
CodeHeap 'profiled nmethods': size=120032Kb used=30581Kb max_used=30581Kb free=89451Kb
 bounds [0x00007f45e7a42000, 0x00007f45e9822000, 0x00007f45eef7a000]
CodeHeap 'non-nmethods': size=5692Kb used=1411Kb max_used=1425Kb free=4280Kb
 bounds [0x00007f45e74b3000, 0x00007f45e7723000, 0x00007f45e7a42000]
 total_blobs=12440 nmethods=11695 adapters=610
 compilation: enabled
              stopped_count=0, restarted_count=0
 full_count=0

JVMCI Events (20 events):
Event: 296.768 Thread 0x00007f46000f3fa0 compacted oop handles in JVMCI runtime 0 from 71 to 71
Event: 296.768 Thread 0x00007f46000f3fa0 releasing handles for JVMCI runtime 0: oop handles=71, metadata handles={total=133, live=133, blocks=58}
Event: 296.768 Thread 0x00007f46000f3fa0 detached from JVMCI runtime 0
Event: 298.936 Thread 0x00007f46000f3fa0 attached to JVMCI runtime 0
Event: 298.937 Thread 0x00007f46000f3fa0 created JavaVM[8]@0x00007f45abd9e340 for JVMCI runtime 0
Event: 299.407 Thread 0x00007f46000f3fa0 initializing JVMCI runtime 0
Event: 299.407 Thread 0x00007f46000f3fa0 done waiting for JavaVM references initialization in JVMCI runtime 0
Event: 315.312 Thread 0x00007f46000f3fa0 initialized JVMCI runtime 0
Event: 318.500 Thread 0x00007f46000f3fa0 compacted oop handles in JVMCI runtime 0 from 57 to 56
Event: 321.812 Thread 0x00007f46000f3fa0 detaching from JVMCI runtime 0: releasing idle compiler thread (0 other threads still attached)
Event: 321.812 Thread 0x00007f46000f3fa0 shutting down HotSpotJVMCIRuntime for JVMCI runtime 0
Event: 322.308 Thread 0x00007f46000f3fa0 shut down JVMCI runtime 0
Event: 322.778 Thread 0x00007f46000f3fa0 destroyed JavaVM[8]@0x00007f45abd9e340 for JVMCI runtime 0
Event: 322.778 Thread 0x00007f46000f3fa0 compacted oop handles in JVMCI runtime 0 from 73 to 73
Event: 322.778 Thread 0x00007f46000f3fa0 releasing handles for JVMCI runtime 0: oop handles=73, metadata handles={total=139, live=131, blocks=58}
Event: 322.778 Thread 0x00007f46000f3fa0 detached from JVMCI runtime 0
Event: 353.303 Thread 0x00007f46000f3fa0 attached to JVMCI runtime 0
Event: 353.304 Thread 0x00007f46000f3fa0 created JavaVM[9]@0x00007f45abd9e340 for JVMCI runtime 0
Event: 353.760 Thread 0x00007f46000f3fa0 initializing JVMCI runtime 0
Event: 353.760 Thread 0x00007f46000f3fa0 done waiting for JavaVM references initialization in JVMCI runtime 0

Compilation events (20 events):
Event: 293.811 Thread 0x00007f46000f3fa0 nmethod 15517 0x00007f45ef365290 code [0x00007f45ef365460, 0x00007f45ef365630]
Event: 298.936 Thread 0x00007f46000f3fa0 15519  s    4       org.eclipse.jdt.internal.core.search.processing.JobManager::awaitingJobsCount (21 bytes)
Event: 315.353 Thread 0x00007f46000f3fa0 nmethod 15519 0x00007f45ef365810 code [0x00007f45ef3659a0, 0x00007f45ef365bd8]
Event: 315.353 Thread 0x00007f46000f3fa0 15520  s    4       java.io.ByteArrayOutputStream::write (43 bytes)
Event: 316.102 Thread 0x00007f46000f54b0 15521       3       org.eclipse.core.internal.resources.Resource::isTeamPrivateMember (51 bytes)
Event: 316.948 Thread 0x00007f46000f54b0 nmethod 15521 0x00007f45e981b510 code [0x00007f45e981b720, 0x00007f45e981c740]
Event: 317.777 Thread 0x00007f46000f54b0 15522       3       jdk.internal.reflect.AccessorGenerator::add (5 bytes)
Event: 317.778 Thread 0x00007f46000f54b0 nmethod 15522 0x00007f45e981c990 code [0x00007f45e981cb20, 0x00007f45e981cc10]
Event: 318.500 Thread 0x00007f46000f3fa0 nmethod 15520 0x00007f45ef365d10 code [0x00007f45ef365ea0, 0x00007f45ef366428]
Event: 318.500 Thread 0x00007f46000f3fa0 15523       4       java.util.HashMap::removeNode (291 bytes)
Event: 319.159 Thread 0x00007f46000f3fa0 nmethod 15523 0x00007f45ef366610 code [0x00007f45ef3667e0, 0x00007f45ef366da8]
Event: 319.159 Thread 0x00007f46000f3fa0 15524 %     4       java.net.URI::quote @ 24 (214 bytes)
Event: 320.676 Thread 0x00007f46000f3fa0 nmethod 15524% 0x00007f45ef367210 code [0x00007f45ef3673c0, 0x00007f45ef367950]
Event: 324.674 Thread 0x00007f46000f54b0 15525       3       org.eclipse.jdt.internal.core.util.Messages::bind (17 bytes)
Event: 324.675 Thread 0x00007f46000f54b0 nmethod 15525 0x00007f45e981cc90 code [0x00007f45e981ce80, 0x00007f45e981d6f0]
Event: 348.178 Thread 0x00007f46000f54b0 15526       3       org.eclipse.core.internal.dtree.DeltaDataTree::reroot (65 bytes)
Event: 348.179 Thread 0x00007f46000f54b0 nmethod 15526 0x00007f45e981d910 code [0x00007f45e981db60, 0x00007f45e981e720]
Event: 349.654 Thread 0x00007f46000f54b0 15527       3       java.util.LinkedList::get (14 bytes)
Event: 349.655 Thread 0x00007f46000f54b0 nmethod 15527 0x00007f45e981ea90 code [0x00007f45e981ec80, 0x00007f45e981f240]
Event: 353.303 Thread 0x00007f46000f3fa0 15530       4       java.util.concurrent.locks.ReentrantLock$Sync::isHeldExclusively (16 bytes)

GC Heap History (20 events):
Event: 373.695 GC heap before
{Heap before GC invocations=562 (full 405):
 PSYoungGen      total 44544K, used 31744K [0x00000000f5580000, 0x00000000f8e80000, 0x0000000100000000)
  eden space 31744K, 100% used [0x00000000f5580000,0x00000000f7480000,0x00000000f7480000)
  from space 12800K, 0% used [0x00000000f7480000,0x00000000f7480000,0x00000000f8100000)
  to   space 12288K, 0% used [0x00000000f8100000,0x00000000f8100000,0x00000000f8d00000)
 ParOldGen       total 349696K, used 349695K [0x00000000e0000000, 0x00000000f5580000, 0x00000000f5580000)
  object space 349696K, 99% used [0x00000000e0000000,0x00000000f557fff8,0x00000000f5580000)
 Metaspace       used 66969K, committed 67904K, reserved 1114112K
  class space    used 5779K, committed 6144K, reserved 1048576K
}
Event: 374.298 GC heap after
{Heap after GC invocations=562 (full 405):
 PSYoungGen      total 44032K, used 31743K [0x00000000f5580000, 0x00000000f8e80000, 0x0000000100000000)
  eden space 31744K, 99% used [0x00000000f5580000,0x00000000f747ffe0,0x00000000f7480000)
  from space 12288K, 0% used [0x00000000f8100000,0x00000000f8100000,0x00000000f8d00000)
  to   space 12800K, 0% used [0x00000000f7480000,0x00000000f7480000,0x00000000f8100000)
 ParOldGen       total 349696K, used 349695K [0x00000000e0000000, 0x00000000f5580000, 0x00000000f5580000)
  object space 349696K, 99% used [0x00000000e0000000,0x00000000f557fff8,0x00000000f5580000)
 Metaspace       used 66969K, committed 67904K, reserved 1114112K
  class space    used 5779K, committed 6144K, reserved 1048576K
}
Event: 374.300 GC heap before
{Heap before GC invocations=563 (full 406):
 PSYoungGen      total 44032K, used 31744K [0x00000000f5580000, 0x00000000f8e80000, 0x0000000100000000)
  eden space 31744K, 100% used [0x00000000f5580000,0x00000000f7480000,0x00000000f7480000)
  from space 12288K, 0% used [0x00000000f8100000,0x00000000f8100000,0x00000000f8d00000)
  to   space 12800K, 0% used [0x00000000f7480000,0x00000000f7480000,0x00000000f8100000)
 ParOldGen       total 349696K, used 349695K [0x00000000e0000000, 0x00000000f5580000, 0x00000000f5580000)
  object space 349696K, 99% used [0x00000000e0000000,0x00000000f557fff8,0x00000000f5580000)
 Metaspace       used 66969K, committed 67904K, reserved 1114112K
  class space    used 5779K, committed 6144K, reserved 1048576K
}
Event: 374.828 GC heap after
{Heap after GC invocations=563 (full 406):
 PSYoungGen      total 44544K, used 31743K [0x00000000f5580000, 0x00000000f8e80000, 0x0000000100000000)
  eden space 31744K, 99% used [0x00000000f5580000,0x00000000f747ffe0,0x00000000f7480000)
  from space 12800K, 0% used [0x00000000f7480000,0x00000000f7480000,0x00000000f8100000)
  to   space 12288K, 0% used [0x00000000f8100000,0x00000000f8100000,0x00000000f8d00000)
 ParOldGen       total 349696K, used 349695K [0x00000000e0000000, 0x00000000f5580000, 0x00000000f5580000)
  object space 349696K, 99% used [0x00000000e0000000,0x00000000f557fff8,0x00000000f5580000)
 Metaspace       used 66969K, committed 67904K, reserved 1114112K
  class space    used 5779K, committed 6144K, reserved 1048576K
}
Event: 374.831 GC heap before
{Heap before GC invocations=564 (full 407):
 PSYoungGen      total 44544K, used 31744K [0x00000000f5580000, 0x00000000f8e80000, 0x0000000100000000)
  eden space 31744K, 100% used [0x00000000f5580000,0x00000000f7480000,0x00000000f7480000)
  from space 12800K, 0% used [0x00000000f7480000,0x00000000f7480000,0x00000000f8100000)
  to   space 12288K, 0% used [0x00000000f8100000,0x00000000f8100000,0x00000000f8d00000)
 ParOldGen       total 349696K, used 349695K [0x00000000e0000000, 0x00000000f5580000, 0x00000000f5580000)
  object space 349696K, 99% used [0x00000000e0000000,0x00000000f557fff8,0x00000000f5580000)
 Metaspace       used 66969K, committed 67904K, reserved 1114112K
  class space    used 5779K, committed 6144K, reserved 1048576K
}
Event: 375.295 GC heap after
{Heap after GC invocations=564 (full 407):
 PSYoungGen      total 44032K, used 31743K [0x00000000f5580000, 0x00000000f8e80000, 0x0000000100000000)
  eden space 31744K, 99% used [0x00000000f5580000,0x00000000f747ffe0,0x00000000f7480000)
  from space 12288K, 0% used [0x00000000f8100000,0x00000000f8100000,0x00000000f8d00000)
  to   space 12800K, 0% used [0x00000000f7480000,0x00000000f7480000,0x00000000f8100000)
 ParOldGen       total 349696K, used 349695K [0x00000000e0000000, 0x00000000f5580000, 0x00000000f5580000)
  object space 349696K, 99% used [0x00000000e0000000,0x00000000f557fff8,0x00000000f5580000)
 Metaspace       used 66969K, committed 67904K, reserved 1114112K
  class space    used 5779K, committed 6144K, reserved 1048576K
}
Event: 375.300 GC heap before
{Heap before GC invocations=565 (full 408):
 PSYoungGen      total 44032K, used 31744K [0x00000000f5580000, 0x00000000f8e80000, 0x0000000100000000)
  eden space 31744K, 100% used [0x00000000f5580000,0x00000000f7480000,0x00000000f7480000)
  from space 12288K, 0% used [0x00000000f8100000,0x00000000f8100000,0x00000000f8d00000)
  to   space 12800K, 0% used [0x00000000f7480000,0x00000000f7480000,0x00000000f8100000)
 ParOldGen       total 349696K, used 349695K [0x00000000e0000000, 0x00000000f5580000, 0x00000000f5580000)
  object space 349696K, 99% used [0x00000000e0000000,0x00000000f557fff8,0x00000000f5580000)
 Metaspace       used 66969K, committed 67904K, reserved 1114112K
  class space    used 5779K, committed 6144K, reserved 1048576K
}
Event: 375.883 GC heap after
{Heap after GC invocations=565 (full 408):
 PSYoungGen      total 44544K, used 31743K [0x00000000f5580000, 0x00000000f8e80000, 0x0000000100000000)
  eden space 31744K, 99% used [0x00000000f5580000,0x00000000f747ffe0,0x00000000f7480000)
  from space 12800K, 0% used [0x00000000f7480000,0x00000000f7480000,0x00000000f8100000)
  to   space 12288K, 0% used [0x00000000f8100000,0x00000000f8100000,0x00000000f8d00000)
 ParOldGen       total 349696K, used 349695K [0x00000000e0000000, 0x00000000f5580000, 0x00000000f5580000)
  object space 349696K, 99% used [0x00000000e0000000,0x00000000f557fff8,0x00000000f5580000)
 Metaspace       used 66969K, committed 67904K, reserved 1114112K
  class space    used 5779K, committed 6144K, reserved 1048576K
}
Event: 375.884 GC heap before
{Heap before GC invocations=566 (full 409):
 PSYoungGen      total 44544K, used 31744K [0x00000000f5580000, 0x00000000f8e80000, 0x0000000100000000)
  eden space 31744K, 100% used [0x00000000f5580000,0x00000000f7480000,0x00000000f7480000)
  from space 12800K, 0% used [0x00000000f7480000,0x00000000f7480000,0x00000000f8100000)
  to   space 12288K, 0% used [0x00000000f8100000,0x00000000f8100000,0x00000000f8d00000)
 ParOldGen       total 349696K, used 349695K [0x00000000e0000000, 0x00000000f5580000, 0x00000000f5580000)
  object space 349696K, 99% used [0x00000000e0000000,0x00000000f557fff8,0x00000000f5580000)
 Metaspace       used 66969K, committed 67904K, reserved 1114112K
  class space    used 5779K, committed 6144K, reserved 1048576K
}
Event: 376.401 GC heap after
{Heap after GC invocations=566 (full 409):
 PSYoungGen      total 44032K, used 31743K [0x00000000f5580000, 0x00000000f8e80000, 0x0000000100000000)
  eden space 31744K, 99% used [0x00000000f5580000,0x00000000f747ffe0,0x00000000f7480000)
  from space 12288K, 0% used [0x00000000f8100000,0x00000000f8100000,0x00000000f8d00000)
  to   space 12800K, 0% used [0x00000000f7480000,0x00000000f7480000,0x00000000f8100000)
 ParOldGen       total 349696K, used 349695K [0x00000000e0000000, 0x00000000f5580000, 0x00000000f5580000)
  object space 349696K, 99% used [0x00000000e0000000,0x00000000f557fff8,0x00000000f5580000)
 Metaspace       used 66969K, committed 67904K, reserved 1114112K
  class space    used 5779K, committed 6144K, reserved 1048576K
}
Event: 376.401 GC heap before
{Heap before GC invocations=567 (full 410):
 PSYoungGen      total 44032K, used 31744K [0x00000000f5580000, 0x00000000f8e80000, 0x0000000100000000)
  eden space 31744K, 100% used [0x00000000f5580000,0x00000000f7480000,0x00000000f7480000)
  from space 12288K, 0% used [0x00000000f8100000,0x00000000f8100000,0x00000000f8d00000)
  to   space 12800K, 0% used [0x00000000f7480000,0x00000000f7480000,0x00000000f8100000)
 ParOldGen       total 349696K, used 349695K [0x00000000e0000000, 0x00000000f5580000, 0x00000000f5580000)
  object space 349696K, 99% used [0x00000000e0000000,0x00000000f557fff8,0x00000000f5580000)
 Metaspace       used 66969K, committed 67904K, reserved 1114112K
  class space    used 5779K, committed 6144K, reserved 1048576K
}
Event: 376.863 GC heap after
{Heap after GC invocations=567 (full 410):
 PSYoungGen      total 44544K, used 31743K [0x00000000f5580000, 0x00000000f8e80000, 0x0000000100000000)
  eden space 31744K, 99% used [0x00000000f5580000,0x00000000f747ffe0,0x00000000f7480000)
  from space 12800K, 0% used [0x00000000f7480000,0x00000000f7480000,0x00000000f8100000)
  to   space 12288K, 0% used [0x00000000f8100000,0x00000000f8100000,0x00000000f8d00000)
 ParOldGen       total 349696K, used 349695K [0x00000000e0000000, 0x00000000f5580000, 0x00000000f5580000)
  object space 349696K, 99% used [0x00000000e0000000,0x00000000f557fff8,0x00000000f5580000)
 Metaspace       used 66969K, committed 67904K, reserved 1114112K
  class space    used 5779K, committed 6144K, reserved 1048576K
}
Event: 376.863 GC heap before
{Heap before GC invocations=568 (full 411):
 PSYoungGen      total 44544K, used 31744K [0x00000000f5580000, 0x00000000f8e80000, 0x0000000100000000)
  eden space 31744K, 100% used [0x00000000f5580000,0x00000000f7480000,0x00000000f7480000)
  from space 12800K, 0% used [0x00000000f7480000,0x00000000f7480000,0x00000000f8100000)
  to   space 12288K, 0% used [0x00000000f8100000,0x00000000f8100000,0x00000000f8d00000)
 ParOldGen       total 349696K, used 349695K [0x00000000e0000000, 0x00000000f5580000, 0x00000000f5580000)
  object space 349696K, 99% used [0x00000000e0000000,0x00000000f557fff8,0x00000000f5580000)
 Metaspace       used 66969K, committed 67904K, reserved 1114112K
  class space    used 5779K, committed 6144K, reserved 1048576K
}
Event: 377.714 GC heap after
{Heap after GC invocations=568 (full 411):
 PSYoungGen      total 44032K, used 31743K [0x00000000f5580000, 0x00000000f8e80000, 0x0000000100000000)
  eden space 31744K, 99% used [0x00000000f5580000,0x00000000f747ffe0,0x00000000f7480000)
  from space 12288K, 0% used [0x00000000f8100000,0x00000000f8100000,0x00000000f8d00000)
  to   space 12800K, 0% used [0x00000000f7480000,0x00000000f7480000,0x00000000f8100000)
 ParOldGen       total 349696K, used 349695K [0x00000000e0000000, 0x00000000f5580000, 0x00000000f5580000)
  object space 349696K, 99% used [0x00000000e0000000,0x00000000f557fff8,0x00000000f5580000)
 Metaspace       used 66969K, committed 67904K, reserved 1114112K
  class space    used 5779K, committed 6144K, reserved 1048576K
}
Event: 377.714 GC heap before
{Heap before GC invocations=569 (full 412):
 PSYoungGen      total 44032K, used 31743K [0x00000000f5580000, 0x00000000f8e80000, 0x0000000100000000)
  eden space 31744K, 99% used [0x00000000f5580000,0x00000000f747fff0,0x00000000f7480000)
  from space 12288K, 0% used [0x00000000f8100000,0x00000000f8100000,0x00000000f8d00000)
  to   space 12800K, 0% used [0x00000000f7480000,0x00000000f7480000,0x00000000f8100000)
 ParOldGen       total 349696K, used 349695K [0x00000000e0000000, 0x00000000f5580000, 0x00000000f5580000)
  object space 349696K, 99% used [0x00000000e0000000,0x00000000f557fff8,0x00000000f5580000)
 Metaspace       used 66969K, committed 67904K, reserved 1114112K
  class space    used 5779K, committed 6144K, reserved 1048576K
}
Event: 378.326 GC heap after
{Heap after GC invocations=569 (full 412):
 PSYoungGen      total 44544K, used 31743K [0x00000000f5580000, 0x00000000f8e80000, 0x0000000100000000)
  eden space 31744K, 99% used [0x00000000f5580000,0x00000000f747ffe0,0x00000000f7480000)
  from space 12800K, 0% used [0x00000000f7480000,0x00000000f7480000,0x00000000f8100000)
  to   space 12288K, 0% used [0x00000000f8100000,0x00000000f8100000,0x00000000f8d00000)
 ParOldGen       total 349696K, used 349695K [0x00000000e0000000, 0x00000000f5580000, 0x00000000f5580000)
  object space 349696K, 99% used [0x00000000e0000000,0x00000000f557fff8,0x00000000f5580000)
 Metaspace       used 66969K, committed 67904K, reserved 1114112K
  class space    used 5779K, committed 6144K, reserved 1048576K
}
Event: 378.333 GC heap before
{Heap before GC invocations=570 (full 413):
 PSYoungGen      total 44544K, used 31743K [0x00000000f5580000, 0x00000000f8e80000, 0x0000000100000000)
  eden space 31744K, 99% used [0x00000000f5580000,0x00000000f747fff8,0x00000000f7480000)
  from space 12800K, 0% used [0x00000000f7480000,0x00000000f7480000,0x00000000f8100000)
  to   space 12288K, 0% used [0x00000000f8100000,0x00000000f8100000,0x00000000f8d00000)
 ParOldGen       total 349696K, used 349695K [0x00000000e0000000, 0x00000000f5580000, 0x00000000f5580000)
  object space 349696K, 99% used [0x00000000e0000000,0x00000000f557fff8,0x00000000f5580000)
 Metaspace       used 66969K, committed 67904K, reserved 1114112K
  class space    used 5779K, committed 6144K, reserved 1048576K
}
Event: 378.940 GC heap after
{Heap after GC invocations=570 (full 413):
 PSYoungGen      total 44032K, used 31743K [0x00000000f5580000, 0x00000000f8e80000, 0x0000000100000000)
  eden space 31744K, 99% used [0x00000000f5580000,0x00000000f747fff8,0x00000000f7480000)
  from space 12288K, 0% used [0x00000000f8100000,0x00000000f8100000,0x00000000f8d00000)
  to   space 12800K, 0% used [0x00000000f7480000,0x00000000f7480000,0x00000000f8100000)
 ParOldGen       total 349696K, used 349695K [0x00000000e0000000, 0x00000000f5580000, 0x00000000f5580000)
  object space 349696K, 99% used [0x00000000e0000000,0x00000000f557fff8,0x00000000f5580000)
 Metaspace       used 66969K, committed 67904K, reserved 1114112K
  class space    used 5779K, committed 6144K, reserved 1048576K
}
Event: 378.940 GC heap before
{Heap before GC invocations=571 (full 414):
 PSYoungGen      total 44032K, used 31743K [0x00000000f5580000, 0x00000000f8e80000, 0x0000000100000000)
  eden space 31744K, 99% used [0x00000000f5580000,0x00000000f747fff8,0x00000000f7480000)
  from space 12288K, 0% used [0x00000000f8100000,0x00000000f8100000,0x00000000f8d00000)
  to   space 12800K, 0% used [0x00000000f7480000,0x00000000f7480000,0x00000000f8100000)
 ParOldGen       total 349696K, used 349695K [0x00000000e0000000, 0x00000000f5580000, 0x00000000f5580000)
  object space 349696K, 99% used [0x00000000e0000000,0x00000000f557fff8,0x00000000f5580000)
 Metaspace       used 66969K, committed 67904K, reserved 1114112K
  class space    used 5779K, committed 6144K, reserved 1048576K
}
Event: 379.381 GC heap after
{Heap after GC invocations=571 (full 414):
 PSYoungGen      total 44544K, used 31743K [0x00000000f5580000, 0x00000000f8e80000, 0x0000000100000000)
  eden space 31744K, 99% used [0x00000000f5580000,0x00000000f747fff8,0x00000000f7480000)
  from space 12800K, 0% used [0x00000000f7480000,0x00000000f7480000,0x00000000f8100000)
  to   space 12288K, 0% used [0x00000000f8100000,0x00000000f8100000,0x00000000f8d00000)
 ParOldGen       total 349696K, used 349695K [0x00000000e0000000, 0x00000000f5580000, 0x00000000f5580000)
  object space 349696K, 99% used [0x00000000e0000000,0x00000000f557fff8,0x00000000f5580000)
 Metaspace       used 66969K, committed 67904K, reserved 1114112K
  class space    used 5779K, committed 6144K, reserved 1048576K
}

Dll operation events (9 events):
Event: 0.002 Loaded shared library /nix/store/gpxl5qgg8kicmcvivwmybwjlpf7wh20l-graalvm17-ce-22.3.0/lib/libjava.so
Event: 0.008 Loaded shared library /nix/store/gpxl5qgg8kicmcvivwmybwjlpf7wh20l-graalvm17-ce-22.3.0/lib/libjsvml.so
Event: 0.184 Loaded shared library /nix/store/gpxl5qgg8kicmcvivwmybwjlpf7wh20l-graalvm17-ce-22.3.0/lib/libnio.so
Event: 0.191 Loaded shared library /nix/store/gpxl5qgg8kicmcvivwmybwjlpf7wh20l-graalvm17-ce-22.3.0/lib/libzip.so
Event: 0.196 Loaded shared library /nix/store/gpxl5qgg8kicmcvivwmybwjlpf7wh20l-graalvm17-ce-22.3.0/lib/libjvmcicompiler.so
Event: 0.505 Loaded shared library /nix/store/gpxl5qgg8kicmcvivwmybwjlpf7wh20l-graalvm17-ce-22.3.0/lib/libjimage.so
Event: 0.773 Loaded shared library /nix/store/gpxl5qgg8kicmcvivwmybwjlpf7wh20l-graalvm17-ce-22.3.0/lib/libnet.so
Event: 2.897 Loaded shared library /home/runner/.cache/jdt-language-server/config/org.eclipse.equinox.launcher/org.eclipse.equinox.launcher.gtk.linux.x86_64_1.2.400.v20211117-0650/eclipse_11600.so
Event: 8.037 Loaded shared library /nix/store/gpxl5qgg8kicmcvivwmybwjlpf7wh20l-graalvm17-ce-22.3.0/lib/libextnet.so

Deoptimization events (20 events):
Event: 316.950 Thread 0x00007f46003b2940 DEOPT PACKING pc=0x00007f45ef363679 sp=0x00007f45ad2fde20
Event: 316.950 Thread 0x00007f46003b2940 DEOPT UNPACKING pc=0x00007f45e7505325 sp=0x00007f45ad2fd2d8 mode 3
Event: 358.766 Thread 0x00007f454c4b0c90 Uncommon trap: trap_request=0xffffff8f fr.pc=0x00007f45eefb88d5 relative=0x0000000000000435
Event: 358.766 Thread 0x00007f454c4b0c90 Uncommon trap: reason=constraint action=none pc=0x00007f45eefb88d5 method=java.lang.StringBuilder.append(Ljava/lang/String;)Ljava/lang/StringBuilder; @ 0 jvmci
Event: 358.766 Thread 0x00007f454c4b0c90 DEOPT PACKING pc=0x00007f45eefb88d5 sp=0x00007f45e52fe490
Event: 358.766 Thread 0x00007f454c4b0c90 DEOPT UNPACKING pc=0x00007f45e7505325 sp=0x00007f45e52fd968 mode 3
Event: 359.547 Thread 0x00007f454c4b0c90 Uncommon trap: trap_request=0xffffff8f fr.pc=0x00007f45eefb90ee relative=0x000000000000044e
Event: 359.547 Thread 0x00007f454c4b0c90 Uncommon trap: reason=constraint action=none pc=0x00007f45eefb90ee method=java.lang.AbstractStringBuilder.append(Ljava/lang/String;)Ljava/lang/AbstractStringBuilder; @ 0 jvmci
Event: 359.547 Thread 0x00007f454c4b0c90 DEOPT PACKING pc=0x00007f45eefb90ee sp=0x00007f45e52fe420
Event: 359.547 Thread 0x00007f454c4b0c90 DEOPT UNPACKING pc=0x00007f45e7505325 sp=0x00007f45e52fd8f0 mode 3
Event: 360.292 Thread 0x00007f454c4b0c90 Uncommon trap: trap_request=0xffffff8f fr.pc=0x00007f45eef9d591 relative=0x00000000000002f1
Event: 360.292 Thread 0x00007f454c4b0c90 Uncommon trap: reason=constraint action=none pc=0x00007f45eef9d591 method=java.lang.AbstractStringBuilder.newCapacity(I)I @ 32 jvmci
Event: 360.292 Thread 0x00007f454c4b0c90 DEOPT PACKING pc=0x00007f45eef9d591 sp=0x00007f45e52fe3c0
Event: 360.292 Thread 0x00007f454c4b0c90 DEOPT UNPACKING pc=0x00007f45e7505325 sp=0x00007f45e52fd7d0 mode 3
Event: 365.206 Thread 0x00007f456c0010d0 Uncommon trap: trap_request=0xffffff8f fr.pc=0x00007f45ef26180b relative=0x0000000000000a2b
Event: 365.206 Thread 0x00007f456c0010d0 Uncommon trap: reason=constraint action=none pc=0x00007f45ef26180b method=java.lang.String.<init>([C)V @ 9 jvmci
Event: 366.575 Thread 0x00007f46000f3fa0 Uncommon trap: trap_request=0xffffff8f fr.pc=0x00007f45ef19cc04 relative=0x00000000000002e4
Event: 366.575 Thread 0x00007f46000f3fa0 Uncommon trap: reason=constraint action=none pc=0x00007f45ef19cc04 method=java.util.HashMap$HashIterator.nextNode()Ljava/util/HashMap$Node; @ 98 jvmci
Event: 367.138 Thread 0x00007f46000f3fa0 DEOPT PACKING pc=0x00007f45ef19cc04 sp=0x00007f45e6246030
Event: 367.138 Thread 0x00007f46000f3fa0 DEOPT UNPACKING pc=0x00007f45e7505325 sp=0x00007f45e6245338 mode 3

Classes unloaded (20 events):
Event: 46.813 Thread 0x00007f46000e3990 Unloading class 0x0000000800d05c00 'java/lang/invoke/LambdaForm$MH+0x0000000800d05c00'
Event: 46.813 Thread 0x00007f46000e3990 Unloading class 0x0000000800d05800 'java/lang/invoke/LambdaForm$MH+0x0000000800d05800'
Event: 46.813 Thread 0x00007f46000e3990 Unloading class 0x0000000800d05000 'java/lang/invoke/LambdaForm$MH+0x0000000800d05000'
Event: 46.813 Thread 0x00007f46000e3990 Unloading class 0x0000000800d04c00 'java/lang/invoke/LambdaForm$MH+0x0000000800d04c00'
Event: 46.813 Thread 0x00007f46000e3990 Unloading class 0x0000000800d04800 'java/lang/invoke/LambdaForm$MH+0x0000000800d04800'
Event: 46.813 Thread 0x00007f46000e3990 Unloading class 0x0000000800d04000 'java/lang/invoke/LambdaForm$MH+0x0000000800d04000'
Event: 46.813 Thread 0x00007f46000e3990 Unloading class 0x0000000800c1d000 'jdk/internal/reflect/GeneratedMethodAccessor5'
Event: 46.813 Thread 0x00007f46000e3990 Unloading class 0x0000000800c1cc00 'jdk/internal/reflect/GeneratedMethodAccessor4'
Event: 46.813 Thread 0x00007f46000e3990 Unloading class 0x0000000800c1c800 'jdk/internal/reflect/GeneratedMethodAccessor3'
Event: 46.813 Thread 0x00007f46000e3990 Unloading class 0x0000000800c1c400 'jdk/internal/reflect/GeneratedMethodAccessor2'
Event: 46.813 Thread 0x00007f46000e3990 Unloading class 0x0000000800c1c000 'jdk/internal/reflect/GeneratedMethodAccessor1'
Event: 46.813 Thread 0x00007f46000e3990 Unloading class 0x0000000800c01c00 'java/lang/invoke/LambdaForm$DMH+0x0000000800c01c00'
Event: 314.889 Thread 0x00007f46000e3990 Unloading class 0x0000000800d05000 'jdk/internal/reflect/GeneratedMethodAccessor24'
Event: 314.889 Thread 0x00007f46000e3990 Unloading class 0x00000008010ed000 'jdk/internal/reflect/GeneratedConstructorAccessor49'
Event: 314.889 Thread 0x00007f46000e3990 Unloading class 0x0000000801101000 'jdk/internal/reflect/GeneratedConstructorAccessor48'
Event: 314.889 Thread 0x00007f46000e3990 Unloading class 0x0000000801110400 'jdk/internal/reflect/GeneratedConstructorAccessor47'
Event: 314.889 Thread 0x00007f46000e3990 Unloading class 0x0000000801190000 'jdk/internal/reflect/GeneratedConstructorAccessor46'
Event: 314.889 Thread 0x00007f46000e3990 Unloading class 0x00000008011a5400 'jdk/internal/reflect/GeneratedConstructorAccessor45'
Event: 314.889 Thread 0x00007f46000e3990 Unloading class 0x00000008011a6800 'jdk/internal/reflect/GeneratedConstructorAccessor44'
Event: 355.797 Thread 0x00007f46000e3990 Unloading class 0x0000000800d05000 'jdk/internal/reflect/GeneratedConstructorAccessor52'

Classes redefined (0 events):
No events

Internal exceptions (20 events):
Event: 197.404 Thread 0x00007f456c2cf330 Exception <a 'java/lang/NullPointerException'{0x00000000f7314c40}> (0x00000000f7314c40) 
thrown [src/hotspot/share/runtime/sharedRuntime.cpp, line 628]
Event: 197.404 Thread 0x00007f456c2cf330 Implicit null exception at 0x00007f45e92e0cd9 to 0x00007f45e92e2a1a
Event: 197.404 Thread 0x00007f456c2cf330 Exception <a 'java/lang/NullPointerException'{0x00000000f73152f8}> (0x00000000f73152f8) 
thrown [src/hotspot/share/runtime/sharedRuntime.cpp, line 628]
Event: 197.404 Thread 0x00007f456c2cf330 Implicit null exception at 0x00007f45e92e0cd9 to 0x00007f45e92e2a1a
Event: 197.404 Thread 0x00007f456c2cf330 Exception <a 'java/lang/NullPointerException'{0x00000000f73155d0}> (0x00000000f73155d0) 
thrown [src/hotspot/share/runtime/sharedRuntime.cpp, line 628]
Event: 197.404 Thread 0x00007f456c2cf330 Implicit null exception at 0x00007f45e92e0cd9 to 0x00007f45e92e2a1a
Event: 197.404 Thread 0x00007f456c2cf330 Exception <a 'java/lang/NullPointerException'{0x00000000f73158a8}> (0x00000000f73158a8) 
thrown [src/hotspot/share/runtime/sharedRuntime.cpp, line 628]
Event: 358.765 Thread 0x00007f454c4b0c90 Exception <a 'java/lang/OutOfMemoryError'{0x00000000e0104eb0}> (0x00000000e0104eb0) 
thrown [src/hotspot/share/gc/shared/memAllocator.cpp, line 138]
Event: 358.765 Thread 0x00007f454c4b0c90 Implicit null exception at 0x00007f45eefb8778 to 0x00007f45eefb88ba
Event: 359.547 Thread 0x00007f454c4b0c90 Exception <a 'java/lang/OutOfMemoryError'{0x00000000e0104eb0}> (0x00000000e0104eb0) 
thrown [src/hotspot/share/gc/shared/memAllocator.cpp, line 138]
Event: 359.547 Thread 0x00007f454c4b0c90 Implicit null exception at 0x00007f45eefb8f66 to 0x00007f45eefb90d3
Event: 360.292 Thread 0x00007f454c4b0c90 Exception <a 'java/lang/OutOfMemoryError'{0x00000000e0104eb0}> (0x00000000e0104eb0) 
thrown [src/hotspot/share/gc/shared/memAllocator.cpp, line 138]
Event: 360.292 Thread 0x00007f454c4b0c90 Implicit null exception at 0x00007f45eef9d4c8 to 0x00007f45eef9d576
Event: 361.358 Thread 0x00007f454c4b0c90 Exception <a 'java/lang/OutOfMemoryError'{0x00000000e01051d0}> (0x00000000e01051d0) 
thrown [src/hotspot/share/gc/shared/memAllocator.cpp, line 136]
Event: 363.448 Thread 0x00007f454c4b0c90 Exception <a 'java/lang/OutOfMemoryError'{0x00000000e01051d0}> (0x00000000e01051d0) 
thrown [src/hotspot/share/gc/shared/memAllocator.cpp, line 136]
Event: 365.206 Thread 0x00007f456c0010d0 Exception <a 'java/lang/OutOfMemoryError'{0x00000000e0104eb0}> (0x00000000e0104eb0) 
thrown [src/hotspot/share/gc/shared/memAllocator.cpp, line 138]
Event: 365.206 Thread 0x00007f456c0010d0 Implicit null exception at 0x00007f45ef261410 to 0x00007f45ef2617f0
Event: 366.575 Thread 0x00007f46000f3fa0 Exception <a 'java/lang/OutOfMemoryError'{0x00000000e0104eb0}> (0x00000000e0104eb0) 
thrown [src/hotspot/share/gc/shared/memAllocator.cpp, line 138]
Event: 366.575 Thread 0x00007f46000f3fa0 Implicit null exception at 0x00007f45ef19caf1 to 0x00007f45ef19cbe9
Event: 379.381 Thread 0x00007f46000f3fa0 Exception <a 'java/lang/OutOfMemoryError'{0x00000000e01051d0}> (0x00000000e01051d0) 
thrown [src/hotspot/share/gc/shared/memAllocator.cpp, line 136]

VM Operations (20 events):
Event: 373.695 Executing VM operation: ParallelGCFailedAllocation done
Event: 373.695 Executing VM operation: ParallelGCFailedAllocation
Event: 374.298 Executing VM operation: ParallelGCFailedAllocation done
Event: 374.298 Executing VM operation: ParallelGCFailedAllocation
Event: 374.828 Executing VM operation: ParallelGCFailedAllocation done
Event: 374.828 Executing VM operation: ParallelGCFailedAllocation
Event: 375.295 Executing VM operation: ParallelGCFailedAllocation done
Event: 375.300 Executing VM operation: ParallelGCFailedAllocation
Event: 375.883 Executing VM operation: ParallelGCFailedAllocation done
Event: 375.883 Executing VM operation: ParallelGCFailedAllocation
Event: 376.401 Executing VM operation: ParallelGCFailedAllocation done
Event: 376.401 Executing VM operation: ParallelGCFailedAllocation
Event: 376.863 Executing VM operation: ParallelGCFailedAllocation done
Event: 376.863 Executing VM operation: ParallelGCFailedAllocation
Event: 377.714 Executing VM operation: ParallelGCFailedAllocation done
Event: 377.714 Executing VM operation: ParallelGCFailedAllocation
Event: 378.328 Executing VM operation: ParallelGCFailedAllocation done
Event: 378.333 Executing VM operation: ParallelGCFailedAllocation
Event: 379.381 Executing VM operation: ParallelGCFailedAllocation done
Event: 379.381 Executing VM operation: ParallelGCFailedAllocation

Events (20 events):
Event: 197.029 Thread 0x00007f46000f6510 flushing nmethod 0x00007f45e9121590
Event: 197.034 Thread 0x00007f46000f6510 flushing nmethod 0x00007f45e92d2290
Event: 197.034 Thread 0x00007f46000f6510 flushing nmethod 0x00007f45e92d2a90
Event: 197.040 Thread 0x00007f46000f6510 flushing nmethod 0x00007f45e9584890
Event: 197.150 Thread 0x00007f452c007870 Thread added: 0x00007f452c007870
Event: 197.150 Protecting memory [0x00007f45e5500000,0x00007f45e5504000] with protection modes 0
Event: 197.160 Thread 0x00007f452c007870 Thread exited: 0x00007f452c007870
Event: 197.269 Thread 0x00007f452c007870 Thread added: 0x00007f452c007870
Event: 197.270 Protecting memory [0x00007f45e5500000,0x00007f45e5504000] with protection modes 0
Event: 197.302 Thread 0x00007f452c007870 Thread exited: 0x00007f452c007870
Event: 224.027 loading class java/util/concurrent/CancellationException
Event: 224.027 loading class java/util/concurrent/CancellationException done
Event: 224.717 loading class java/util/concurrent/CompletionException
Event: 224.717 loading class java/util/concurrent/CompletionException done
Event: 263.444 Thread 0x00007f4554000ff0 Thread exited: 0x00007f4554000ff0
Event: 266.286 Thread 0x00007f456c2cf330 Thread exited: 0x00007f456c2cf330
Event: 315.368 Thread 0x00007f454c4b0c90 Thread added: 0x00007f454c4b0c90
Event: 315.368 Protecting memory [0x00007f45e5200000,0x00007f45e5204000] with protection modes 0
Event: 324.675 Thread 0x00007f456c2cf300 Thread added: 0x00007f456c2cf300
Event: 324.675 Protecting memory [0x00007f45ac500000,0x00007f45ac504000] with protection modes 0


Dynamic libraries:
e0000000-f2200000 rw-p 00000000 00:00 0 
f2200000-f8e80000 rw-p 00000000 00:00 0 
f8e80000-100000000 ---p 00000000 00:00 0 
800000000-800449000 rw-p 00001000 00:8cd 4611686019135357769             /nix/store/gpxl5qgg8kicmcvivwmybwjlpf7wh20l-graalvm17-ce-22.3.0/lib/server/classes.jsa
800449000-800bc8000 r--p 0044a000 00:8cd 4611686019135357769             /nix/store/gpxl5qgg8kicmcvivwmybwjlpf7wh20l-graalvm17-ce-22.3.0/lib/server/classes.jsa
800bc8000-800c00000 ---p 00000000 00:00 0 
800c00000-800c10000 rw-p 00000000 00:00 0 
800c10000-800c30000 rw-p 00000000 00:00 0 
800c30000-800cb0000 rw-p 00000000 00:00 0 
800cb0000-800cf0000 rw-p 00000000 00:00 0 
800cf0000-800db0000 rw-p 00000000 00:00 0 
800db0000-800df0000 rw-p 00000000 00:00 0 
800df0000-800f30000 rw-p 00000000 00:00 0 
800f30000-800fd0000 rw-p 00000000 00:00 0 
800fd0000-800ff0000 rw-p 00000000 00:00 0 
800ff0000-801200000 rw-p 00000000 00:00 0 
801200000-840c00000 ---p 00000000 00:00 0 
55a58d074000-55a58d075000 r-xp 00000000 00:8cd 4611686019099417844       /nix/store/gpxl5qgg8kicmcvivwmybwjlpf7wh20l-graalvm17-ce-22.3.0/bin/.java-wrapped
55a58d076000-55a58d077000 r--p 00001000 00:8cd 4611686019099417844       /nix/store/gpxl5qgg8kicmcvivwmybwjlpf7wh20l-graalvm17-ce-22.3.0/bin/.java-wrapped
55a58d077000-55a58d078000 rw-p 00002000 00:8cd 4611686019099417844       /nix/store/gpxl5qgg8kicmcvivwmybwjlpf7wh20l-graalvm17-ce-22.3.0/bin/.java-wrapped
55a58d078000-55a58d079000 rw-p 00004000 00:8cd 4611686019099417844       /nix/store/gpxl5qgg8kicmcvivwmybwjlpf7wh20l-graalvm17-ce-22.3.0/bin/.java-wrapped
55a58d079000-55a58d07a000 rw-p 00005000 00:8cd 4611686019099417844       /nix/store/gpxl5qgg8kicmcvivwmybwjlpf7wh20l-graalvm17-ce-22.3.0/bin/.java-wrapped
55a58e334000-55a58e37c000 rw-p 00000000 00:00 0                          [heap]
7f4520000000-7f4520021000 rw-p 00000000 00:00 0 
7f4520021000-7f4524000000 ---p 00000000 00:00 0 
7f4528000000-7f4528021000 rw-p 00000000 00:00 0 
7f4528021000-7f452c000000 ---p 00000000 00:00 0 
7f452c000000-7f452c021000 rw-p 00000000 00:00 0 
7f452c021000-7f4530000000 ---p 00000000 00:00 0 
7f4530000000-7f4530021000 rw-p 00000000 00:00 0 
7f4530021000-7f4534000000 ---p 00000000 00:00 0 
7f4534000000-7f4534034000 rw-p 00000000 00:00 0 
7f4534034000-7f4538000000 ---p 00000000 00:00 0 
7f4538000000-7f4538021000 rw-p 00000000 00:00 0 
7f4538021000-7f453c000000 ---p 00000000 00:00 0 
7f45424b3000-7f454c000000 r--s 00000000 00:8cd 4611686019135192581       /nix/store/gpxl5qgg8kicmcvivwmybwjlpf7wh20l-graalvm17-ce-22.3.0/lib/modules
7f454c000000-7f454c4c2000 rw-p 00000000 00:00 0 
7f454c4c2000-7f4550000000 ---p 00000000 00:00 0 
7f4550400000-7f45508b0000 rw-p 00000000 00:00 0 
7f45508b0000-7f4550c00000 ---p 00000000 00:00 0 
7f4551400000-7f45516f0000 rw-p 00000000 00:00 0 
7f45516f0000-7f45517a0000 rw-p 00000000 00:00 0 
7f45517a0000-7f4551800000 ---p 00000000 00:00 0 
7f4551800000-7f4551bf0000 rw-p 00000000 00:00 0 
7f4551bf0000-7f4551c00000 rw-p 00000000 00:00 0 
7f4552800000-7f4552bd0000 rw-p 00000000 00:00 0 
7f4552bd0000-7f4552bf0000 rw-p 00000000 00:00 0 
7f4552bf0000-7f4552cd0000 rw-p 00000000 00:00 0 
7f4552cd0000-7f4553000000 rw-p 00000000 00:00 0 
7f4553800000-7f4553cf0000 rw-p 00000000 00:00 0 
7f4553cf0000-7f4553df0000 rw-p 00000000 00:00 0 
7f4553df0000-7f4554000000 rw-p 00000000 00:00 0 
7f4554000000-7f455413c000 rw-p 00000000 00:00 0 
7f455413c000-7f4558000000 ---p 00000000 00:00 0 
7f4558000000-7f4558021000 rw-p 00000000 00:00 0 
7f4558021000-7f455c000000 ---p 00000000 00:00 0 
7f455c000000-7f455c021000 rw-p 00000000 00:00 0 
7f455c021000-7f4560000000 ---p 00000000 00:00 0 
7f4560000000-7f456014a000 rw-p 00000000 00:00 0 
7f456014a000-7f4564000000 ---p 00000000 00:00 0 
7f4564000000-7f456405b000 rw-p 00000000 00:00 0 
7f456405b000-7f4568000000 ---p 00000000 00:00 0 
7f4568000000-7f4568021000 rw-p 00000000 00:00 0 
7f4568021000-7f456c000000 ---p 00000000 00:00 0 
7f456c000000-7f456c2f3000 rw-p 00000000 00:00 0 
7f456c2f3000-7f4570000000 ---p 00000000 00:00 0 
7f4570000000-7f4570105000 rw-p 00000000 00:00 0 
7f4570105000-7f4574000000 ---p 00000000 00:00 0 
7f4574000000-7f4574021000 rw-p 00000000 00:00 0 
7f4574021000-7f4578000000 ---p 00000000 00:00 0 
7f4578000000-7f4578021000 rw-p 00000000 00:00 0 
7f4578021000-7f457c000000 ---p 00000000 00:00 0 
7f457c000000-7f457c023000 rw-p 00000000 00:00 0 
7f457c023000-7f4580000000 ---p 00000000 00:00 0 
7f4580000000-7f4580021000 rw-p 00000000 00:00 0 
7f4580021000-7f4584000000 ---p 00000000 00:00 0 
7f4584000000-7f4584021000 rw-p 00000000 00:00 0 
7f4584021000-7f4588000000 ---p 00000000 00:00 0 
7f4588000000-7f4588021000 rw-p 00000000 00:00 0 
7f4588021000-7f458c000000 ---p 00000000 00:00 0 
7f458c000000-7f458c021000 rw-p 00000000 00:00 0 
7f458c021000-7f4590000000 ---p 00000000 00:00 0 
7f4590000000-7f45908e2000 rw-p 00000000 00:00 0 
7f45908e2000-7f4594000000 ---p 00000000 00:00 0 
7f4594000000-7f4594322000 rw-p 00000000 00:00 0 
7f4594322000-7f4598000000 ---p 00000000 00:00 0 
7f4598000000-7f4598021000 rw-p 00000000 00:00 0 
7f4598021000-7f459c000000 ---p 00000000 00:00 0 
7f459c000000-7f459c021000 rw-p 00000000 00:00 0 
7f459c021000-7f45a0000000 ---p 00000000 00:00 0 
7f45a0000000-7f45a0289000 rw-p 00000000 00:00 0 
7f45a0289000-7f45a4000000 ---p 00000000 00:00 0 
7f45a4000000-7f45a4021000 rw-p 00000000 00:00 0 
7f45a4021000-7f45a8000000 ---p 00000000 00:00 0 
7f45a8000000-7f45a80d0000 rw-p 00000000 00:00 0 
7f45a80d0000-7f45a80f0000 rw-p 00000000 00:00 0 
7f45a80f0000-7f45a82f0000 rw-p 00000000 00:00 0 
7f45a82f0000-7f45a83b0000 rw-p 00000000 00:00 0 
7f45a83b0000-7f45a84f0000 rw-p 00000000 00:00 0 
7f45a84f0000-7f45a85f0000 rw-p 00000000 00:00 0 
7f45a85f0000-7f45a87f0000 rw-p 00000000 00:00 0 
7f45a87f0000-7f45a88f0000 rw-p 00000000 00:00 0 
7f45a88f0000-7f45a89f0000 rw-p 00000000 00:00 0 
7f45a89f0000-7f45a8ef0000 rw-p 00000000 00:00 0 
7f45a8ef0000-7f45a8ff0000 rw-p 00000000 00:00 0 
7f45a8ff0000-7f45a90f0000 rw-p 00000000 00:00 0 
7f45a90f0000-7f45a91f0000 rw-p 00000000 00:00 0 
7f45a91f0000-7f45a94f0000 rw-p 00000000 00:00 0 
7f45a94f0000-7f45a95f0000 rw-p 00000000 00:00 0 
7f45a95f0000-7f45a9800000 rw-p 00000000 00:00 0 
7f45a9c00000-7f45a9c10000 r-xp 00000000 00:812 370                       /home/runner/.cache/jdt-language-server/config/org.eclipse.equinox.launcher/org.eclipse.equinox.launcher.gtk.linux.x86_64_1.2.400.v20211117-0650/eclipse_11600.so
7f45a9c10000-7f45a9e0f000 ---p 00010000 00:812 370                       /home/runner/.cache/jdt-language-server/config/org.eclipse.equinox.launcher/org.eclipse.equinox.launcher.gtk.linux.x86_64_1.2.400.v20211117-0650/eclipse_11600.so
7f45a9e0f000-7f45a9e10000 r--p 0000f000 00:812 370                       /home/runner/.cache/jdt-language-server/config/org.eclipse.equinox.launcher/org.eclipse.equinox.launcher.gtk.linux.x86_64_1.2.400.v20211117-0650/eclipse_11600.so
7f45a9e10000-7f45a9e11000 rw-p 00010000 00:812 370                       /home/runner/.cache/jdt-language-server/config/org.eclipse.equinox.launcher/org.eclipse.equinox.launcher.gtk.linux.x86_64_1.2.400.v20211117-0650/eclipse_11600.so
7f45a9e89000-7f45aa000000 rw-p 00000000 00:00 0 
7f45aadfc000-7f45aadfd000 ---p 00000000 00:00 0 
7f45aadfd000-7f45aaefe000 rw-p 00000000 00:00 0 
7f45aaefe000-7f45aaeff000 ---p 00000000 00:00 0 
7f45aaeff000-7f45ab000000 rw-p 00000000 00:00 0 
7f45ab100000-7f45ab200000 ---p 00000000 00:00 0 
7f45ab200000-7f45ab7af000 r--p 01122000 00:8cd 4611686019135190040       /nix/store/gpxl5qgg8kicmcvivwmybwjlpf7wh20l-graalvm17-ce-22.3.0/lib/libjvmcicompiler.so
7f45ab7af000-7f45ab900000 r--p 00000000 00:00 0 
7f45ab900000-7f45ab93d000 rw-p 00000000 00:00 0 
7f45ab93d000-7f45abe5d000 rw-p 0185f000 00:8cd 4611686019135190040       /nix/store/gpxl5qgg8kicmcvivwmybwjlpf7wh20l-graalvm17-ce-22.3.0/lib/libjvmcicompiler.so
7f45abe5d000-7f45ac244000 r--p 01d7f000 00:8cd 4611686019135190040       /nix/store/gpxl5qgg8kicmcvivwmybwjlpf7wh20l-graalvm17-ce-22.3.0/lib/libjvmcicompiler.so
7f45ac300000-7f45ac304000 ---p 00000000 00:00 0 
7f45ac304000-7f45ac400000 rw-p 00000000 00:00 0 
7f45ac500000-7f45ac504000 ---p 00000000 00:00 0 
7f45ac504000-7f45ac600000 rw-p 00000000 00:00 0 
7f45ac700000-7f45ac704000 ---p 00000000 00:00 0 
7f45ac704000-7f45ac800000 rw-p 00000000 00:00 0 
7f45ac900000-7f45ac904000 ---p 00000000 00:00 0 
7f45ac904000-7f45aca00000 rw-p 00000000 00:00 0 
7f45acb00000-7f45acb04000 ---p 00000000 00:00 0 
7f45acb04000-7f45acc00000 rw-p 00000000 00:00 0 
7f45acd00000-7f45acd04000 ---p 00000000 00:00 0 
7f45acd04000-7f45ace00000 rw-p 00000000 00:00 0 
7f45acf00000-7f45acf04000 ---p 00000000 00:00 0 
7f45acf04000-7f45ad000000 rw-p 00000000 00:00 0 
7f45ad100000-7f45ad104000 ---p 00000000 00:00 0 
7f45ad104000-7f45ad200000 rw-p 00000000 00:00 0 
7f45ad200000-7f45ad204000 ---p 00000000 00:00 0 
7f45ad204000-7f45ad300000 rw-p 00000000 00:00 0 
7f45ad300000-7f45ad304000 ---p 00000000 00:00 0 
7f45ad304000-7f45ad400000 rw-p 00000000 00:00 0 
7f45ad500000-7f45ad504000 ---p 00000000 00:00 0 
7f45ad504000-7f45ad600000 rw-p 00000000 00:00 0 
7f45ad700000-7f45ad704000 ---p 00000000 00:00 0 
7f45ad704000-7f45ad800000 rw-p 00000000 00:00 0 
7f45ad900000-7f45ad904000 ---p 00000000 00:00 0 
7f45ad904000-7f45ada00000 rw-p 00000000 00:00 0 
7f45adb00000-7f45adb04000 ---p 00000000 00:00 0 
7f45adb04000-7f45adc00000 rw-p 00000000 00:00 0 
7f45adc00000-7f45afd6a000 r-xp 00000000 00:8cd 4611686019135190040       /nix/store/gpxl5qgg8kicmcvivwmybwjlpf7wh20l-graalvm17-ce-22.3.0/lib/libjvmcicompiler.so
7f45afd6a000-7f45aff69000 ---p 0216a000 00:8cd 4611686019135190040       /nix/store/gpxl5qgg8kicmcvivwmybwjlpf7wh20l-graalvm17-ce-22.3.0/lib/libjvmcicompiler.so
7f45aff69000-7f45aff6a000 r--p 02169000 00:8cd 4611686019135190040       /nix/store/gpxl5qgg8kicmcvivwmybwjlpf7wh20l-graalvm17-ce-22.3.0/lib/libjvmcicompiler.so
7f45aff6a000-7f45aff6c000 rw-p 0216a000 00:8cd 4611686019135190040       /nix/store/gpxl5qgg8kicmcvivwmybwjlpf7wh20l-graalvm17-ce-22.3.0/lib/libjvmcicompiler.so
7f45aff6c000-7f45aff6d000 rw-p 00000000 00:00 0 
7f45aff6d000-7f45aff72000 rw-p 023c3000 00:8cd 4611686019135190040       /nix/store/gpxl5qgg8kicmcvivwmybwjlpf7wh20l-graalvm17-ce-22.3.0/lib/libjvmcicompiler.so
7f45b0000000-7f45b0021000 rw-p 00000000 00:00 0 
7f45b0021000-7f45b4000000 ---p 00000000 00:00 0 
7f45b4000000-7f45b4021000 rw-p 00000000 00:00 0 
7f45b4021000-7f45b8000000 ---p 00000000 00:00 0 
7f45b8000000-7f45b8021000 rw-p 00000000 00:00 0 
7f45b8021000-7f45bc000000 ---p 00000000 00:00 0 
7f45bc000000-7f45bc021000 rw-p 00000000 00:00 0 
7f45bc021000-7f45c0000000 ---p 00000000 00:00 0 
7f45c0000000-7f45c0101000 rw-p 00000000 00:00 0 
7f45c0101000-7f45c4000000 ---p 00000000 00:00 0 
7f45c4000000-7f45c4cdf000 rw-p 00000000 00:00 0 
7f45c4cdf000-7f45c8000000 ---p 00000000 00:00 0 
7f45c8000000-7f45c8021000 rw-p 00000000 00:00 0 
7f45c8021000-7f45cc000000 ---p 00000000 00:00 0 
7f45cc000000-7f45cc021000 rw-p 00000000 00:00 0 
7f45cc021000-7f45d0000000 ---p 00000000 00:00 0 
7f45d0000000-7f45d0021000 rw-p 00000000 00:00 0 
7f45d0021000-7f45d4000000 ---p 00000000 00:00 0 
7f45d4000000-7f45d4021000 rw-p 00000000 00:00 0 
7f45d4021000-7f45d8000000 ---p 00000000 00:00 0 
7f45d8000000-7f45d8021000 rw-p 00000000 00:00 0 
7f45d8021000-7f45dc000000 ---p 00000000 00:00 0 
7f45dc000000-7f45dc021000 rw-p 00000000 00:00 0 
7f45dc021000-7f45e0000000 ---p 00000000 00:00 0 
7f45e0000000-7f45e0021000 rw-p 00000000 00:00 0 
7f45e0021000-7f45e4000000 ---p 00000000 00:00 0 
7f45e4000000-7f45e4004000 ---p 00000000 00:00 0 
7f45e4004000-7f45e4100000 rw-p 00000000 00:00 0 
7f45e4200000-7f45e4204000 ---p 00000000 00:00 0 
7f45e4204000-7f45e4300000 rw-p 00000000 00:00 0 
7f45e4400000-7f45e4404000 ---p 00000000 00:00 0 
7f45e4404000-7f45e4500000 rw-p 00000000 00:00 0 
7f45e4600000-7f45e4604000 ---p 00000000 00:00 0 
7f45e4604000-7f45e4700000 rw-p 00000000 00:00 0 
7f45e4800000-7f45e4804000 ---p 00000000 00:00 0 
7f45e4804000-7f45e4900000 rw-p 00000000 00:00 0 
7f45e4ca9000-7f45e5000000 rw-p 00000000 00:00 0 
7f45e5100000-7f45e5104000 ---p 00000000 00:00 0 
7f45e5104000-7f45e5200000 rw-p 00000000 00:00 0 
7f45e5200000-7f45e5204000 ---p 00000000 00:00 0 
7f45e5204000-7f45e5300000 rw-p 00000000 00:00 0 
7f45e5300000-7f45e5304000 ---p 00000000 00:00 0 
7f45e5304000-7f45e5400000 rw-p 00000000 00:00 0 
7f45e5500000-7f45e5504000 ---p 00000000 00:00 0 
7f45e5504000-7f45e5600000 rw-p 00000000 00:00 0 
7f45e5605000-7f45e5746000 rw-p 00000000 00:00 0 
7f45e5746000-7f45e574a000 ---p 00000000 00:00 0 
7f45e574a000-7f45e5846000 rw-p 00000000 00:00 0 
7f45e5846000-7f45e584a000 ---p 00000000 00:00 0 
7f45e584a000-7f45e5946000 rw-p 00000000 00:00 0 
7f45e5946000-7f45e594a000 ---p 00000000 00:00 0 
7f45e594a000-7f45e5a46000 rw-p 00000000 00:00 0 
7f45e5a46000-7f45e5a47000 ---p 00000000 00:00 0 
7f45e5a47000-7f45e5b48000 rw-p 00000000 00:00 0 
7f45e5b48000-7f45e5b4c000 ---p 00000000 00:00 0 
7f45e5b4c000-7f45e5c48000 rw-p 00000000 00:00 0 
7f45e5c48000-7f45e5c4c000 ---p 00000000 00:00 0 
7f45e5c4c000-7f45e5d48000 rw-p 00000000 00:00 0 
7f45e5d48000-7f45e5d4c000 ---p 00000000 00:00 0 
7f45e5d4c000-7f45e5e48000 rw-p 00000000 00:00 0 
7f45e5e48000-7f45e5e4c000 ---p 00000000 00:00 0 
7f45e5e4c000-7f45e6048000 rw-p 00000000 00:00 0 
7f45e6048000-7f45e604c000 ---p 00000000 00:00 0 
7f45e604c000-7f45e6248000 rw-p 00000000 00:00 0 
7f45e6248000-7f45e624c000 ---p 00000000 00:00 0 
7f45e624c000-7f45e6348000 rw-p 00000000 00:00 0 
7f45e6348000-7f45e634c000 ---p 00000000 00:00 0 
7f45e634c000-7f45e6448000 rw-p 00000000 00:00 0 
7f45e6448000-7f45e644c000 ---p 00000000 00:00 0 
7f45e644c000-7f45e6548000 rw-p 00000000 00:00 0 
7f45e6548000-7f45e682e000 r--p 00000000 00:5e0 28444448                  /usr/lib/locale/locale-archive
7f45e682e000-7f45e6832000 ---p 00000000 00:00 0 
7f45e6832000-7f45e692e000 rw-p 00000000 00:00 0 
7f45e692e000-7f45e6932000 ---p 00000000 00:00 0 
7f45e6932000-7f45e6a2e000 rw-p 00000000 00:00 0 
7f45e6a2e000-7f45e6a2f000 ---p 00000000 00:00 0 
7f45e6a2f000-7f45e6b30000 rw-p 00000000 00:00 0 
7f45e6b30000-7f45e6bfe000 r-xp 00000000 00:8cd 4611686019135190036       /nix/store/gpxl5qgg8kicmcvivwmybwjlpf7wh20l-graalvm17-ce-22.3.0/lib/libjsvml.so
7f45e6bfe000-7f45e6bff000 r--p 000cd000 00:8cd 4611686019135190036       /nix/store/gpxl5qgg8kicmcvivwmybwjlpf7wh20l-graalvm17-ce-22.3.0/lib/libjsvml.so
7f45e6bff000-7f45e6c00000 rw-p 000ce000 00:8cd 4611686019135190036       /nix/store/gpxl5qgg8kicmcvivwmybwjlpf7wh20l-graalvm17-ce-22.3.0/lib/libjsvml.so
7f45e6c00000-7f45e6ff0000 rw-p 00000000 00:00 0 
7f45e6ff0000-7f45e71f0000 rw-p 00000000 00:00 0 
7f45e71f0000-7f45e72f0000 rw-p 00000000 00:00 0 
7f45e72f0000-7f45e7400000 rw-p 00000000 00:00 0 
7f45e7485000-7f45e7489000 ---p 00000000 00:00 0 
7f45e7489000-7f45e74a7000 rw-p 00000000 00:00 0 
7f45e74a7000-7f45e74ae000 r-xp 00000000 00:8cd 4611686019135192580       /nix/store/gpxl5qgg8kicmcvivwmybwjlpf7wh20l-graalvm17-ce-22.3.0/lib/libzip.so
7f45e74ae000-7f45e74af000 ---p 00007000 00:8cd 4611686019135192580       /nix/store/gpxl5qgg8kicmcvivwmybwjlpf7wh20l-graalvm17-ce-22.3.0/lib/libzip.so
7f45e74af000-7f45e74b0000 r--p 00007000 00:8cd 4611686019135192580       /nix/store/gpxl5qgg8kicmcvivwmybwjlpf7wh20l-graalvm17-ce-22.3.0/lib/libzip.so
7f45e74b0000-7f45e74b1000 rw-p 00008000 00:8cd 4611686019135192580       /nix/store/gpxl5qgg8kicmcvivwmybwjlpf7wh20l-graalvm17-ce-22.3.0/lib/libzip.so
7f45e74b1000-7f45e74b3000 rw-p 0000b000 00:8cd 4611686019135192580       /nix/store/gpxl5qgg8kicmcvivwmybwjlpf7wh20l-graalvm17-ce-22.3.0/lib/libzip.so
7f45e74b3000-7f45e7723000 rwxp 00000000 00:00 0 
7f45e7723000-7f45e7a42000 ---p 00000000 00:00 0 
7f45e7a42000-7f45e9822000 rwxp 00000000 00:00 0 
7f45e9822000-7f45eef7a000 ---p 00000000 00:00 0 
7f45eef7a000-7f45ef36a000 rwxp 00000000 00:00 0 
7f45ef36a000-7f45f64b3000 ---p 00000000 00:00 0 
7f45f64b3000-7f4600000000 r--s 00000000 00:8cd 4611686019135192581       /nix/store/gpxl5qgg8kicmcvivwmybwjlpf7wh20l-graalvm17-ce-22.3.0/lib/modules
7f4600000000-7f4600646000 rw-p 00000000 00:00 0 
7f4600646000-7f4604000000 ---p 00000000 00:00 0 
7f4604000000-7f4604002000 r-xp 00000000 00:8cd 4611686019135190017       /nix/store/gpxl5qgg8kicmcvivwmybwjlpf7wh20l-graalvm17-ce-22.3.0/lib/libextnet.so
7f4604002000-7f4604003000 r--p 00001000 00:8cd 4611686019135190017       /nix/store/gpxl5qgg8kicmcvivwmybwjlpf7wh20l-graalvm17-ce-22.3.0/lib/libextnet.so
7f4604003000-7f4604004000 rw-p 00002000 00:8cd 4611686019135190017       /nix/store/gpxl5qgg8kicmcvivwmybwjlpf7wh20l-graalvm17-ce-22.3.0/lib/libextnet.so
7f4604004000-7f4604005000 rw-p 00004000 00:8cd 4611686019135190017       /nix/store/gpxl5qgg8kicmcvivwmybwjlpf7wh20l-graalvm17-ce-22.3.0/lib/libextnet.so
7f4604005000-7f460401a000 r-xp 00000000 00:8cd 4611686019135192570       /nix/store/gpxl5qgg8kicmcvivwmybwjlpf7wh20l-graalvm17-ce-22.3.0/lib/libnet.so
7f460401a000-7f460401b000 ---p 00015000 00:8cd 4611686019135192570       /nix/store/gpxl5qgg8kicmcvivwmybwjlpf7wh20l-graalvm17-ce-22.3.0/lib/libnet.so
7f460401b000-7f460401c000 r--p 00015000 00:8cd 4611686019135192570       /nix/store/gpxl5qgg8kicmcvivwmybwjlpf7wh20l-graalvm17-ce-22.3.0/lib/libnet.so
7f460401c000-7f460401d000 rw-p 00016000 00:8cd 4611686019135192570       /nix/store/gpxl5qgg8kicmcvivwmybwjlpf7wh20l-graalvm17-ce-22.3.0/lib/libnet.so
7f460401d000-7f4604020000 rw-p 0001b000 00:8cd 4611686019135192570       /nix/store/gpxl5qgg8kicmcvivwmybwjlpf7wh20l-graalvm17-ce-22.3.0/lib/libnet.so
7f4604020000-7f4604033000 r-xp 00000000 00:8cd 4611686019135192571       /nix/store/gpxl5qgg8kicmcvivwmybwjlpf7wh20l-graalvm17-ce-22.3.0/lib/libnio.so
7f4604033000-7f4604034000 r--p 00012000 00:8cd 4611686019135192571       /nix/store/gpxl5qgg8kicmcvivwmybwjlpf7wh20l-graalvm17-ce-22.3.0/lib/libnio.so
7f4604034000-7f4604035000 rw-p 00013000 00:8cd 4611686019135192571       /nix/store/gpxl5qgg8kicmcvivwmybwjlpf7wh20l-graalvm17-ce-22.3.0/lib/libnio.so
7f4604035000-7f460403a000 rw-p 00019000 00:8cd 4611686019135192571       /nix/store/gpxl5qgg8kicmcvivwmybwjlpf7wh20l-graalvm17-ce-22.3.0/lib/libnio.so
7f460403a000-7f4605f18000 rw-p 00000000 00:00 0 
7f4605f18000-7f4605f19000 ---p 00000000 00:00 0 
7f4605f19000-7f46060ab000 rw-p 00000000 00:00 0 
7f46060ab000-7f46060e2000 rw-p 00000000 00:00 0 
7f46060e2000-7f460611a000 ---p 00000000 00:00 0 
7f460611a000-7f4606123000 rw-p 00000000 00:00 0 
7f4606123000-7f4606206000 ---p 00000000 00:00 0 
7f4606206000-7f4606242000 rw-p 00000000 00:00 0 
7f4606242000-7f46062f1000 ---p 00000000 00:00 0 
7f46062f1000-7f46062f6000 rw-p 00000000 00:00 0 
7f46062f6000-7f46062fd000 ---p 00000000 00:00 0 
7f46062fd000-7f4606321000 r-xp 00000000 00:8cd 4611686019135190028       /nix/store/gpxl5qgg8kicmcvivwmybwjlpf7wh20l-graalvm17-ce-22.3.0/lib/libjava.so
7f4606321000-7f4606322000 ---p 00024000 00:8cd 4611686019135190028       /nix/store/gpxl5qgg8kicmcvivwmybwjlpf7wh20l-graalvm17-ce-22.3.0/lib/libjava.so
7f4606322000-7f4606323000 r--p 00024000 00:8cd 4611686019135190028       /nix/store/gpxl5qgg8kicmcvivwmybwjlpf7wh20l-graalvm17-ce-22.3.0/lib/libjava.so
7f4606323000-7f4606324000 rw-p 00025000 00:8cd 4611686019135190028       /nix/store/gpxl5qgg8kicmcvivwmybwjlpf7wh20l-graalvm17-ce-22.3.0/lib/libjava.so
7f4606324000-7f4606325000 rw-p 00000000 00:00 0 
7f4606325000-7f460632c000 rw-p 0002f000 00:8cd 4611686019135190028       /nix/store/gpxl5qgg8kicmcvivwmybwjlpf7wh20l-graalvm17-ce-22.3.0/lib/libjava.so
7f460632c000-7f4606334000 rw-s 00000000 00:5dd 367                       /tmp/hsperfdata_runner/78
7f4606334000-7f4606335000 ---p 00000000 00:00 0 
7f4606335000-7f4606336000 r--p 00000000 00:00 0 
7f4606336000-7f4606337000 rwxp 00000000 00:00 0 
7f4606337000-7f4606352000 r-xp 00000000 00:8cd 4611686019135190032       /nix/store/gpxl5qgg8kicmcvivwmybwjlpf7wh20l-graalvm17-ce-22.3.0/lib/libjimage.so
7f4606352000-7f4606353000 ---p 0001b000 00:8cd 4611686019135190032       /nix/store/gpxl5qgg8kicmcvivwmybwjlpf7wh20l-graalvm17-ce-22.3.0/lib/libjimage.so
7f4606353000-7f4606355000 r--p 0001b000 00:8cd 4611686019135190032       /nix/store/gpxl5qgg8kicmcvivwmybwjlpf7wh20l-graalvm17-ce-22.3.0/lib/libjimage.so
7f4606355000-7f4606356000 rw-p 0001d000 00:8cd 4611686019135190032       /nix/store/gpxl5qgg8kicmcvivwmybwjlpf7wh20l-graalvm17-ce-22.3.0/lib/libjimage.so
7f4606356000-7f4606357000 rw-p 00024000 00:8cd 4611686019135190032       /nix/store/gpxl5qgg8kicmcvivwmybwjlpf7wh20l-graalvm17-ce-22.3.0/lib/libjimage.so
7f4606357000-7f460635b000 ---p 00000000 00:00 0 
7f460635b000-7f4606457000 rw-p 00000000 00:00 0 
7f4606457000-7f4606465000 r--p 00000000 00:8cd 4611686019027979927       /nix/store/4nlgxhb09sdr51nc9hdm8az5b08vzkgx-glibc-2.35-163/lib/libm.so.6
7f4606465000-7f46064d8000 r-xp 0000e000 00:8cd 4611686019027979927       /nix/store/4nlgxhb09sdr51nc9hdm8az5b08vzkgx-glibc-2.35-163/lib/libm.so.6
7f46064d8000-7f4606535000 r--p 00081000 00:8cd 4611686019027979927       /nix/store/4nlgxhb09sdr51nc9hdm8az5b08vzkgx-glibc-2.35-163/lib/libm.so.6
7f4606535000-7f4606536000 r--p 000dd000 00:8cd 4611686019027979927       /nix/store/4nlgxhb09sdr51nc9hdm8az5b08vzkgx-glibc-2.35-163/lib/libm.so.6
7f4606536000-7f4606537000 rw-p 000de000 00:8cd 4611686019027979927       /nix/store/4nlgxhb09sdr51nc9hdm8az5b08vzkgx-glibc-2.35-163/lib/libm.so.6
7f4606537000-7f4606538000 r--p 00000000 00:8cd 4611686019027979946       /nix/store/4nlgxhb09sdr51nc9hdm8az5b08vzkgx-glibc-2.35-163/lib/librt.so.1
7f4606538000-7f4606539000 r-xp 00001000 00:8cd 4611686019027979946       /nix/store/4nlgxhb09sdr51nc9hdm8az5b08vzkgx-glibc-2.35-163/lib/librt.so.1
7f4606539000-7f460653a000 r--p 00002000 00:8cd 4611686019027979946       /nix/store/4nlgxhb09sdr51nc9hdm8az5b08vzkgx-glibc-2.35-163/lib/librt.so.1
7f460653a000-7f460653b000 r--p 00002000 00:8cd 4611686019027979946       /nix/store/4nlgxhb09sdr51nc9hdm8az5b08vzkgx-glibc-2.35-163/lib/librt.so.1
7f460653b000-7f460653c000 rw-p 00003000 00:8cd 4611686019027979946       /nix/store/4nlgxhb09sdr51nc9hdm8az5b08vzkgx-glibc-2.35-163/lib/librt.so.1
7f460653c000-7f460764f000 r-xp 00000000 00:8cd 4611686019135360866       /nix/store/gpxl5qgg8kicmcvivwmybwjlpf7wh20l-graalvm17-ce-22.3.0/lib/server/libjvm.so
7f460764f000-7f4607650000 ---p 01113000 00:8cd 4611686019135360866       /nix/store/gpxl5qgg8kicmcvivwmybwjlpf7wh20l-graalvm17-ce-22.3.0/lib/server/libjvm.so
7f4607650000-7f4607705000 r--p 01113000 00:8cd 4611686019135360866       /nix/store/gpxl5qgg8kicmcvivwmybwjlpf7wh20l-graalvm17-ce-22.3.0/lib/server/libjvm.so
7f4607705000-7f4607739000 rw-p 011c8000 00:8cd 4611686019135360866       /nix/store/gpxl5qgg8kicmcvivwmybwjlpf7wh20l-graalvm17-ce-22.3.0/lib/server/libjvm.so
7f4607739000-7f4607795000 rw-p 00000000 00:00 0 
7f4607795000-7f46077bd000 r--p 00000000 00:8cd 4611686019027979918       /nix/store/4nlgxhb09sdr51nc9hdm8az5b08vzkgx-glibc-2.35-163/lib/libc.so.6
7f46077bd000-7f4607933000 r-xp 00028000 00:8cd 4611686019027979918       /nix/store/4nlgxhb09sdr51nc9hdm8az5b08vzkgx-glibc-2.35-163/lib/libc.so.6
7f4607933000-7f460798b000 r--p 0019e000 00:8cd 4611686019027979918       /nix/store/4nlgxhb09sdr51nc9hdm8az5b08vzkgx-glibc-2.35-163/lib/libc.so.6
7f460798b000-7f460798f000 r--p 001f6000 00:8cd 4611686019027979918       /nix/store/4nlgxhb09sdr51nc9hdm8az5b08vzkgx-glibc-2.35-163/lib/libc.so.6
7f460798f000-7f4607991000 rw-p 001fa000 00:8cd 4611686019027979918       /nix/store/4nlgxhb09sdr51nc9hdm8az5b08vzkgx-glibc-2.35-163/lib/libc.so.6
7f4607991000-7f46079a0000 rw-p 00000000 00:00 0 
7f46079a0000-7f46079a1000 r--p 00000000 00:8cd 4611686019027979923       /nix/store/4nlgxhb09sdr51nc9hdm8az5b08vzkgx-glibc-2.35-163/lib/libdl.so.2
7f46079a1000-7f46079a2000 r-xp 00001000 00:8cd 4611686019027979923       /nix/store/4nlgxhb09sdr51nc9hdm8az5b08vzkgx-glibc-2.35-163/lib/libdl.so.2
7f46079a2000-7f46079a3000 r--p 00002000 00:8cd 4611686019027979923       /nix/store/4nlgxhb09sdr51nc9hdm8az5b08vzkgx-glibc-2.35-163/lib/libdl.so.2
7f46079a3000-7f46079a4000 r--p 00002000 00:8cd 4611686019027979923       /nix/store/4nlgxhb09sdr51nc9hdm8az5b08vzkgx-glibc-2.35-163/lib/libdl.so.2
7f46079a4000-7f46079a5000 rw-p 00003000 00:8cd 4611686019027979923       /nix/store/4nlgxhb09sdr51nc9hdm8az5b08vzkgx-glibc-2.35-163/lib/libdl.so.2
7f46079a5000-7f46079a6000 r--p 00000000 00:8cd 4611686019027979942       /nix/store/4nlgxhb09sdr51nc9hdm8az5b08vzkgx-glibc-2.35-163/lib/libpthread.so.0
7f46079a6000-7f46079a7000 r-xp 00001000 00:8cd 4611686019027979942       /nix/store/4nlgxhb09sdr51nc9hdm8az5b08vzkgx-glibc-2.35-163/lib/libpthread.so.0
7f46079a7000-7f46079a8000 r--p 00002000 00:8cd 4611686019027979942       /nix/store/4nlgxhb09sdr51nc9hdm8az5b08vzkgx-glibc-2.35-163/lib/libpthread.so.0
7f46079a8000-7f46079a9000 r--p 00002000 00:8cd 4611686019027979942       /nix/store/4nlgxhb09sdr51nc9hdm8az5b08vzkgx-glibc-2.35-163/lib/libpthread.so.0
7f46079a9000-7f46079aa000 rw-p 00003000 00:8cd 4611686019027979942       /nix/store/4nlgxhb09sdr51nc9hdm8az5b08vzkgx-glibc-2.35-163/lib/libpthread.so.0
7f46079aa000-7f46079b8000 r-xp 00000000 00:8cd 4611686019135190033       /nix/store/gpxl5qgg8kicmcvivwmybwjlpf7wh20l-graalvm17-ce-22.3.0/lib/libjli.so
7f46079b8000-7f46079b9000 ---p 0000e000 00:8cd 4611686019135190033       /nix/store/gpxl5qgg8kicmcvivwmybwjlpf7wh20l-graalvm17-ce-22.3.0/lib/libjli.so
7f46079b9000-7f46079ba000 r--p 0000e000 00:8cd 4611686019135190033       /nix/store/gpxl5qgg8kicmcvivwmybwjlpf7wh20l-graalvm17-ce-22.3.0/lib/libjli.so
7f46079ba000-7f46079bb000 rw-p 0000f000 00:8cd 4611686019135190033       /nix/store/gpxl5qgg8kicmcvivwmybwjlpf7wh20l-graalvm17-ce-22.3.0/lib/libjli.so
7f46079bb000-7f46079bc000 rw-p 00012000 00:8cd 4611686019135190033       /nix/store/gpxl5qgg8kicmcvivwmybwjlpf7wh20l-graalvm17-ce-22.3.0/lib/libjli.so
7f46079bc000-7f46079bf000 r--p 00000000 00:8cd 4611686019106210071       /nix/store/026hln0aq1hyshaxsdvhg0kmcm6yf45r-zlib-1.2.13/lib/libz.so.1.2.13
7f46079bf000-7f46079d1000 r-xp 00003000 00:8cd 4611686019106210071       /nix/store/026hln0aq1hyshaxsdvhg0kmcm6yf45r-zlib-1.2.13/lib/libz.so.1.2.13
7f46079d1000-7f46079d8000 r--p 00015000 00:8cd 4611686019106210071       /nix/store/026hln0aq1hyshaxsdvhg0kmcm6yf45r-zlib-1.2.13/lib/libz.so.1.2.13
7f46079d8000-7f46079d9000 r--p 0001b000 00:8cd 4611686019106210071       /nix/store/026hln0aq1hyshaxsdvhg0kmcm6yf45r-zlib-1.2.13/lib/libz.so.1.2.13
7f46079d9000-7f46079da000 rw-p 0001c000 00:8cd 4611686019106210071       /nix/store/026hln0aq1hyshaxsdvhg0kmcm6yf45r-zlib-1.2.13/lib/libz.so.1.2.13
7f46079da000-7f46079dc000 rw-p 00000000 00:00 0 
7f46079dc000-7f46079de000 r--p 00000000 00:8cd 4611686019027979912       /nix/store/4nlgxhb09sdr51nc9hdm8az5b08vzkgx-glibc-2.35-163/lib/ld-linux-x86-64.so.2
7f46079de000-7f4607a05000 r-xp 00002000 00:8cd 4611686019027979912       /nix/store/4nlgxhb09sdr51nc9hdm8az5b08vzkgx-glibc-2.35-163/lib/ld-linux-x86-64.so.2
7f4607a05000-7f4607a11000 r--p 00029000 00:8cd 4611686019027979912       /nix/store/4nlgxhb09sdr51nc9hdm8az5b08vzkgx-glibc-2.35-163/lib/ld-linux-x86-64.so.2
7f4607a11000-7f4607a13000 r--p 00034000 00:8cd 4611686019027979912       /nix/store/4nlgxhb09sdr51nc9hdm8az5b08vzkgx-glibc-2.35-163/lib/ld-linux-x86-64.so.2
7f4607a13000-7f4607a15000 rw-p 00036000 00:8cd 4611686019027979912       /nix/store/4nlgxhb09sdr51nc9hdm8az5b08vzkgx-glibc-2.35-163/lib/ld-linux-x86-64.so.2
7fff6d3f5000-7fff6d419000 rw-p 00000000 00:00 0                          [stack]
7fff6d4e8000-7fff6d4ec000 r--p 00000000 00:00 0                          [vvar]
7fff6d4ec000-7fff6d4ee000 r-xp 00000000 00:00 0                          [vdso]
ffffffffff600000-ffffffffff601000 --xp 00000000 00:00 0                  [vsyscall]


VM Arguments:
jvm_args: -XX:ThreadPriorityPolicy=1 -XX:+UnlockExperimentalVMOptions -XX:+EnableJVMCIProduct -XX:JVMCIThreadsPerNativeLibraryRuntime=1 -XX:-UnlockExperimentalVMOptions -Declipse.application=org.eclipse.jdt.ls.core.id1 -Dosgi.bundles.defaultStartLevel=4 -Declipse.product=org.eclipse.jdt.ls.core.product -Dlog.level=ALL -Xverify:none -XX:+UseParallelGC -XX:GCTimeRatio=4 -XX:AdaptiveSizePolicyWeight=90 -Dsun.zip.disableMemoryMapping=true -Xmx512m -Xms100m 
java_command: /nix/store/a7s9klvriqi68xz3qjc0qyfl5h86xc16-jdt-language-server-1.9.0/share/java/plugins/org.eclipse.equinox.launcher_1.6.400.v20210924-0641.jar --add-modules=ALL-SYSTEM --add-opens java.base/java.util=ALL-UNNAMED --add-opens java.base/java.lang=ALL-UNNAMED -configuration /home/runner/.cache/jdt-language-server/config -data /home/runner/.cache/jdt-language-server/data/home/runner/SmartCity-java-bootcamp-session-4
java_class_path (initial): /nix/store/a7s9klvriqi68xz3qjc0qyfl5h86xc16-jdt-language-server-1.9.0/share/java/plugins/org.eclipse.equinox.launcher_1.6.400.v20210924-0641.jar
Launcher Type: SUN_STANDARD

[Global flags]
    uintx AdaptiveSizePolicyWeight                 = 90                                        {product} {command line}
     intx CICompilerCount                          = 2                                         {product} {ergonomic}
     bool EnableJVMCIProduct                       = true                                {JVMCI product} {jimage}
    uintx GCTimeRatio                              = 4                                         {product} {command line}
   size_t InitialHeapSize                          = 104857600                                 {product} {command line}
     uint JVMCIThreadsPerNativeLibraryRuntime      = 1                                   {JVMCI product} {jimage}
   size_t MaxHeapSize                              = 536870912                                 {product} {command line}
   size_t MaxNewSize                               = 178782208                                 {product} {ergonomic}
   size_t MinHeapDeltaBytes                        = 524288                                    {product} {ergonomic}
   size_t MinHeapSize                              = 104857600                                 {product} {command line}
   size_t NewSize                                  = 34603008                                  {product} {ergonomic}
    uintx NonNMethodCodeHeapSize                   = 5826188                                {pd product} {ergonomic}
    uintx NonProfiledCodeHeapSize                  = 122916026                              {pd product} {ergonomic}
   size_t OldSize                                  = 70254592                                  {product} {ergonomic}
    uintx ProfiledCodeHeapSize                     = 122916026                              {pd product} {ergonomic}
    uintx ReservedCodeCacheSize                    = 251658240                              {pd product} {ergonomic}
     bool SegmentedCodeCache                       = true                                      {product} {ergonomic}
   size_t SoftMaxHeapSize                          = 536870912                              {manageable} {ergonomic}
     intx ThreadPriorityPolicy                     = 1                                         {product} {jimage}
     bool UseCompressedClassPointers               = true                           {product lp64_product} {ergonomic}
     bool UseCompressedOops                        = true                           {product lp64_product} {ergonomic}
     bool UseParallelGC                            = true                                      {product} {command line}

Logging:
Log output configuration:
 #0: stdout all=warning uptime,level,tags
 #1: stderr all=off uptime,level,tags

Environment Variables:
JAVA_HOME=/nix/store/gpxl5qgg8kicmcvivwmybwjlpf7wh20l-graalvm17-ce-22.3.0
PATH=/nix/store/1d6ian3r8kdzspw8hacjhl3xkp40g1lj-binutils-wrapper-2.39/bin:/nix/store/dq0xwmsk1g0i2ayg6pb7y87na2knzylh-gcc-wrapper-11.3.0/bin:/nix/store/bap4d0lpcrhpwmpb8ayjcgkmvfj62lnq-bash-interactive-5.1-p16/bin:/nix/store/pr5n59mb4jzmfx6kanwxly0l07p861fg-patchelf-0.15.0/bin:/nix/store/1gf2flfqnpqbr1b4p4qz2f72y42bs56r-gcc-11.3.0/bin:/nix/store/57xv61c5zi8pphjbcwxxjlgc34p61ic9-glibc-2.35-163-bin/bin:/nix/store/a7gvj343m05j2s32xcnwr35v31ynlypr-coreutils-9.1/bin:/nix/store/039g378vc3pc3dvi9dzdlrd0i4q93qwf-binutils-2.39/bin:/nix/store/1k145gm933pi0bv9l35v3rd65ac5j8zk-sudo-1.9.12p1/bin:/nix/store/5vcl2hxvkijrkq7xyxzwvmk5qgd46m4p-ed-1.18/bin:/nix/store/gpxl5qgg8kicmcvivwmybwjlpf7wh20l-graalvm17-ce-22.3.0/bin:/nix/store/6z9ag3ihc8mq2hzsw48lhbznvzny65nz-apache-maven-3.8.6/bin:/nix/store/a7s9klvriqi68xz3qjc0qyfl5h86xc16-jdt-language-server-1.9.0/bin:/nix/store/48ifl2w60a3zp7yskbpnvn8jp9jdsb7k-java-debug/bin:/nix/store/mydc6f4k2z73xlcz7ilif3v2lcaiqvza-findutils-4.9.0/bin:/nix/store/j9p3g8472iijd50vhdprx0nmk2fqn5gv-diffutils-3.8/bin:/nix/store/89zs7rms6x00xfq4dq6m7mjnhkr8a6r4-gnused-4.8/bin:/nix/store/86bp03jkmsl6f92w0yzg4s59g5mhxwmy-gnugrep-3.7/bin:/nix/store/hwcdqw4jrjnd37wxqgsd47hd0j8bnj09-gawk-5.1.1/bin:/nix/store/cfbhw8r8ags41vwqaz47r583d0p4h4a1-gnutar-1.34/bin:/nix/store/p3m1ndl1lapwrlh698bnb5lvvxh67378-gzip-1.12/bin:/nix/store/a8mhcagrsly7c7mpjrpsnaahk4aax056-bzip2-1.0.8-bin/bin:/nix/store/mblgz65m3zv9x548a3d5m96fj2pbwr09-gnumake-4.3/bin:/nix/store/dsd5gz46hdbdk2rfdimqddhq6m8m8fqs-bash-5.1-p16/bin:/nix/store/v7ljksji50mg3w61dykaa3n3y79n6nil-patch-2.7.6/bin:/nix/store/zlcnmqq14jz5x9439jf937mvayyl63da-xz-5.2.7-bin/bin:/nix/store/y6aj732zm9m87c82fpvf103a1xb22blp-file-5.43/bin:/nix/store/i4kzir3m7mrisxmf5xvlnkw01x4qaqr4-prybar-elisp-0.0.0-e0d9a52/bin:/nix/store/lwwivxf6h7x3cvxp9zv8sj0mv7dak99r-prybar-lua-0.0.0-e0d9a52/bin:/nix/store/gxj28g1cg4hq3qanmjv07156h800qr58-prybar-python3-0.0.0-e0d9a52/bin:/nix/store/hshkjnxrgidigf8x75vg6lqng2xlx9i3-prybar-sqlite-0.0.0-e0d9a52/bin:/
LD_LIBRARY_PATH=/nix/store/a4pff549sk2idnkpzk5nsfps3mdkdnvm-cups-2.4.2-lib/lib:/nix/store/72mqxxhh3cy5yifh92wh2yb8cl2hikyy-cairo-1.16.0/lib:/nix/store/2k366jrbsra97gjfxwvrhvixjfxdach5-glib-2.74.1/lib:/nix/store/2j2znigd8ak37rlwh9khz0ry3clqlw1l-gtk+3-3.24.34/lib:/nix/store/hisqvx32cd57apbpcsnkpx6k3549wql1-libglvnd-1.4.0/lib:/nix/store/p36pgcv991mq5srvg765b78yqpxvk3qs-mesa-21.3.3-drivers/lib:/nix/store/mav4251if1ahjq5vkpwycyyvnmy459c4-pulseaudio-14.2/lib
DISPLAY=:0
LANG=en_US.UTF-8

Signal Handlers:
   SIGSEGV: crash_handler in libjvm.so, mask=11100100010111111101111111111110, flags=SA_RESTART|SA_SIGINFO
    SIGBUS: crash_handler in libjvm.so, mask=11100100010111111101111111111110, flags=SA_RESTART|SA_SIGINFO
    SIGFPE: crash_handler in libjvm.so, mask=11100100010111111101111111111110, flags=SA_RESTART|SA_SIGINFO
   SIGPIPE: IsolateEnterStub_IgnoreSIGPIPEStartupHook_noopSignalHandler_8f19bff2f35b5f630d83b364d6b2339320d4ec70_216e8361c6bc87a8f89f58cc10d3b2fd4415bf87 in libjvmcicompiler.so, mask=00000000000000000000000000000000, flags=SA_RESTART
  *** Handler was modified!
  *** Expected: javaSignalHandler in libjvm.so, mask=11100100110111111111111111111110, flags=SA_RESTART|SA_SIGINFO
   SIGXFSZ: javaSignalHandler in libjvm.so, mask=11100100010111111101111111111110, flags=SA_RESTART|SA_SIGINFO
    SIGILL: crash_handler in libjvm.so, mask=11100100010111111101111111111110, flags=SA_RESTART|SA_SIGINFO
   SIGUSR2: SR_handler in libjvm.so, mask=00000000000000000000000000000000, flags=SA_RESTART|SA_SIGINFO
    SIGHUP: UserHandler in libjvm.so, mask=11100100010111111101111111111110, flags=SA_RESTART|SA_SIGINFO
    SIGINT: UserHandler in libjvm.so, mask=11100100010111111101111111111110, flags=SA_RESTART|SA_SIGINFO
   SIGTERM: UserHandler in libjvm.so, mask=11100100010111111101111111111110, flags=SA_RESTART|SA_SIGINFO
   SIGQUIT: UserHandler in libjvm.so, mask=11100100010111111101111111111110, flags=SA_RESTART|SA_SIGINFO
  *** Handler was modified!
  *** Expected: javaSignalHandler in libjvm.so, mask=11100100110111111111111111111110, flags=SA_RESTART|SA_SIGINFO
   SIGTRAP: crash_handler in libjvm.so, mask=11100100010111111101111111111110, flags=SA_RESTART|SA_SIGINFO


---------------  S Y S T E M  ---------------

OS:
DISTRIB_ID=Ubuntu
DISTRIB_RELEASE=20.04
DISTRIB_CODENAME=focal
DISTRIB_DESCRIPTION="Ubuntu 20.04.2 LTS"
uname: Linux 6.2.0-1014-gcp #14~22.04.1-Ubuntu SMP Mon Sep 11 07:44:43 UTC 2023 x86_64
OS uptime: 0 days 4:34 hours
libc: glibc 2.35 NPTL 2.35 
rlimit (soft/hard): STACK 8192k/infinity , CORE infinity/infinity , NPROC infinity/infinity , NOFILE 20971/20971 , AS infinity/infinity , CPU infinity/infinity , DATA infinity/infinity , FSIZE infinity/infinity , MEMLOCK 8192k/8192k
load average: 41.35 42.21 40.52

/proc/meminfo:
MemTotal:       65835948 kB
MemFree:        22262344 kB
MemAvailable:   51642772 kB
Buffers:         2376260 kB
Cached:         26088972 kB
SwapCached:            0 kB
Active:         11387396 kB
Inactive:       29365188 kB
Active(anon):      12860 kB
Inactive(anon): 12039400 kB
Active(file):   11374536 kB
Inactive(file): 17325788 kB
Unevictable:       28928 kB
Mlocked:           28928 kB
SwapTotal:             0 kB
SwapFree:              0 kB
Zswap:                 0 kB
Zswapped:              0 kB
Dirty:            115152 kB
Writeback:             0 kB
AnonPages:      12228576 kB
Mapped:          2743488 kB
Shmem:             72968 kB
KReclaimable:    1406556 kB
Slab:            2033380 kB
SReclaimable:    1406556 kB
SUnreclaim:       626824 kB
KernelStack:      176560 kB
PageTables:       259416 kB
SecPageTables:         0 kB
NFS_Unstable:          0 kB
Bounce:                0 kB
WritebackTmp:          0 kB
CommitLimit:    32917972 kB
Committed_AS:   64956776 kB
VmallocTotal:   34359738367 kB
VmallocUsed:      206388 kB
VmallocChunk:          0 kB
Percpu:            35008 kB
HardwareCorrupted:     0 kB
AnonHugePages:    546816 kB
ShmemHugePages:        0 kB
ShmemPmdMapped:        0 kB
FileHugePages:         0 kB
FilePmdMapped:         0 kB
HugePages_Total:       0
HugePages_Free:        0
HugePages_Rsvd:        0
HugePages_Surp:        0
Hugepagesize:       2048 kB
Hugetlb:               0 kB
DirectMap4k:      729912 kB
DirectMap2M:    18141184 kB
DirectMap1G:    50331648 kB

/sys/kernel/mm/transparent_hugepage/enabled: always [madvise] never
/sys/kernel/mm/transparent_hugepage/defrag (defrag/compaction efforts parameter): always defer defer+madvise [madvise] never

Process Memory:
Virtual Size: 5138560K (peak: 5252416K)
Resident Set Size: 791508K (peak: 824520K) (anon: 592816K, file: 198692K, shmem: 0K)
Swapped out: 0K
C-Heap outstanding allocations: 53436K, retained: 15819K
glibc malloc tunables: (default)

/proc/sys/kernel/threads-max (system-wide limit on the number of threads): 514278
/proc/sys/vm/max_map_count (maximum number of memory map areas a process may have): 65530
/proc/sys/kernel/pid_max (system-wide limit on number of process identifiers): 4194304

container (cgroup) information:
container_type: cgroupv2
cpu_cpuset_cpus: not supported
cpu_memory_nodes: not supported
active_processor_count: 2
cpu_quota: 200000
cpu_period: 100000
cpu_shares: no shares
memory_limit_in_bytes: 3292528 k
memory_and_swap_limit_in_bytes: unlimited
memory_soft_limit_in_bytes: 2097152 k
memory_usage_in_bytes: 893776 k
memory_max_usage_in_bytes: not supported
maximum number of tasks: not supported
current number of tasks: not supported

KVM virtualization detected
Steal ticks since vm start: 0
Steal ticks percentage since vm start:  0.000

CPU: total 8 (initial active 3) (8 cores per cpu, 2 threads per core) family 23 model 49 stepping 0 microcode 0xffffffff, cx8, cmov, fxsr, ht, mmx, 3dnowpref, sse, sse2, sse3, ssse3, sse4a, sse4.1, sse4.2, popcnt, lzcnt, tsc, tscinvbit, avx, avx2, aes, clmul, bmi1, bmi2, adx, sha, fma, vzeroupper, clflush, clflushopt, hv
CPU Model and flags from /proc/cpuinfo:
model name	: AMD EPYC 7B12
flags		: fpu vme de pse tsc msr pae mce cx8 apic sep mtrr pge mca cmov pat pse36 clflush mmx fxsr sse sse2 ht syscall nx mmxext fxsr_opt pdpe1gb rdtscp lm constant_tsc rep_good nopl nonstop_tsc cpuid extd_apicid tsc_known_freq pni pclmulqdq ssse3 fma cx16 sse4_1 sse4_2 movbe popcnt aes xsave avx f16c rdrand hypervisor lahf_lm cmp_legacy cr8_legacy abm sse4a misalignsse 3dnowprefetch osvw topoext ssbd ibrs ibpb stibp vmmcall fsgsbase tsc_adjust bmi1 avx2 smep bmi2 rdseed adx smap clflushopt clwb sha_ni xsaveopt xsavec xgetbv1 clzero xsaveerptr arat npt nrip_save umip rdpid

Online cpus: 0-7
Offline cpus: 
BIOS frequency limitation: <Not Available>
Frequency switch latency (ns): <Not Available>
Available cpu frequencies: <Not Available>
Current governor: <Not Available>
Core performance/turbo boost: <Not Available>

Memory: 4k page, physical 3292528k(2398744k free), swap 0k(0k free)
Page Sizes: 4k

vm_info: OpenJDK 64-Bit Server VM (17.0.5+8-jvmci-22.3-b08) for linux-amd64 JRE (17.0.5+8-jvmci-22.3-b08), built on Oct 19 2022 09:01:27 by "buildslave" with gcc 10.3.0

END.
